Problem statement, We need to build, create , tag , push  and push image, Deploy image to Kubernetes clusster.

In cluster, we need to create two apps, one website and other business logic.

============================================================================================================================================================================================================
For above problem statement, first i have used AWS instance and katakoda combine.

I have deployed and pushed images to docker hub on aws instance.
later i have used Katakoda for kubernetes cluster.

While deploying existing app https://github.com/rgurnule/flight-booking I faces issue on final steps as below.
I did, lot of RnD, but looks like as i am trying to connect from aws instance to katakoda kuberenetes cluster, i am getting below error.

Tyring to resolve below error.


Starting Kubernetes deployment
Loading configuration: /var/lib/jenkins/workspace/flight-booking/flight-booking-kube.yml
Api call failed with code 0, detailed message: null
ERROR: ERROR: java.lang.RuntimeException: io.kubernetes.client.ApiException: java.net.NoRouteToHostException: No route to host (Host unreachable)
hudson.remoting.ProxyException: java.lang.RuntimeException: io.kubernetes.client.ApiException: java.net.NoRouteToHostException: No route to host (Host unreachable)
	at com.microsoft.jenkins.kubernetes.wrapper.ResourceManager.handleApiExceptionExceptNotFound(ResourceManager.java:180)
	at com.microsoft.jenkins.kubernetes.wrapper.V1ResourceManager$ServiceUpdater.getCurrentResource(V1ResourceManager.java:383)
	at com.microsoft.jenkins.kubernetes.wrapper.V1ResourceManager$ServiceUpdater.getCurrentResource(V1ResourceManager.java:371)
	at com.microsoft.jenkins.kubernetes.wrapper.ResourceManager$ResourceUpdater.createOrApply(ResourceManager.java:93)
	at com.microsoft.jenkins.kubernetes.wrapper.KubernetesClientWrapper.handleResource(KubernetesClientWrapper.java:289)
	at com.microsoft.jenkins.kubernetes.wrapper.KubernetesClientWrapper.apply(KubernetesClientWrapper.java:256)
	at com.microsoft.jenkins.kubernetes.command.DeploymentCommand$DeploymentTask.doCall(DeploymentCommand.java:172)
	at com.microsoft.jenkins.kubernetes.command.DeploymentCommand$DeploymentTask.call(DeploymentCommand.java:124)
	at com.microsoft.jenkins.kubernetes.command.DeploymentCommand$DeploymentTask.call(DeploymentCommand.java:106)
	at hudson.FilePath.act(FilePath.java:1165)
	at com.microsoft.jenkins.kubernetes.command.DeploymentCommand.execute(DeploymentCommand.java:68)
	at com.microsoft.jenkins.kubernetes.command.DeploymentCommand.execute(DeploymentCommand.java:45)
	at com.microsoft.jenkins.azurecommons.command.CommandService.runCommand(CommandService.java:88)
	at com.microsoft.jenkins.azurecommons.command.CommandService.execute(CommandService.java:96)
	at com.microsoft.jenkins.azurecommons.command.CommandService.executeCommands(CommandService.java:75)
	at com.microsoft.jenkins.azurecommons.command.BaseCommandContext.executeCommands(BaseCommandContext.java:77)
	at com.microsoft.jenkins.kubernetes.KubernetesDeploy.perform(KubernetesDeploy.java:42)
	at com.microsoft.jenkins.azurecommons.command.SimpleBuildStepExecution.run(SimpleBuildStepExecution.java:54)
	at com.microsoft.jenkins.azurecommons.command.SimpleBuildStepExecution.run(SimpleBuildStepExecution.java:35)
	at org.jenkinsci.plugins.workflow.steps.SynchronousNonBlockingStepExecution.lambda$start$0(SynchronousNonBlockingStepExecution.java:47)
	at java.util.concurrent.Executors$RunnableAdapter.call(Executors.java:511)
	at java.util.concurrent.FutureTask.run(FutureTask.java:266)
	at java.util.concurrent.ThreadPoolExecutor.runWorker(ThreadPoolExecutor.java:1149)
	at java.util.concurrent.ThreadPoolExecutor$Worker.run(ThreadPoolExecutor.java:624)
	at java.lang.Thread.run(Thread.java:748)
Caused by: hudson.remoting.ProxyException: io.kubernetes.client.ApiException: java.net.NoRouteToHostException: No route to host (Host unreachable)
	at io.kubernetes.client.ApiClient.execute(ApiClient.java:805)
	at io.kubernetes.client.apis.CoreV1Api.readNamespacedServiceWithHttpInfo(CoreV1Api.java:26498)
	at io.kubernetes.client.apis.CoreV1Api.readNamespacedService(CoreV1Api.java:26480)
	at com.microsoft.jenkins.kubernetes.wrapper.V1ResourceManager$ServiceUpdater.getCurrentResource(V1ResourceManager.java:380)
	... 23 more
Caused by: hudson.remoting.ProxyException: java.net.NoRouteToHostException: No route to host (Host unreachable)
	at java.net.PlainSocketImpl.socketConnect(Native Method)
	at java.net.AbstractPlainSocketImpl.doConnect(AbstractPlainSocketImpl.java:350)
	at java.net.AbstractPlainSocketImpl.connectToAddress(AbstractPlainSocketImpl.java:206)
	at java.net.AbstractPlainSocketImpl.connect(AbstractPlainSocketImpl.java:188)
	at java.net.SocksSocketImpl.connect(SocksSocketImpl.java:392)
	at java.net.Socket.connect(Socket.java:589)
	at com.squareup.okhttp.internal.Platform.connectSocket(Platform.java:120)
	at com.squareup.okhttp.internal.io.RealConnection.connectSocket(RealConnection.java:141)
	at com.squareup.okhttp.internal.io.RealConnection.connect(RealConnection.java:112)
	at com.squareup.okhttp.internal.http.StreamAllocation.findConnection(StreamAllocation.java:184)
	at com.squareup.okhttp.internal.http.StreamAllocation.findHealthyConnection(StreamAllocation.java:126)
	at com.squareup.okhttp.internal.http.StreamAllocation.newStream(StreamAllocation.java:95)
	at com.squareup.okhttp.internal.http.HttpEngine.connect(HttpEngine.java:281)
	at com.squareup.okhttp.internal.http.HttpEngine.sendRequest(HttpEngine.java:224)
	at com.squareup.okhttp.Call.getResponse(Call.java:286)
	at com.squareup.okhttp.Call$ApplicationInterceptorChain.proceed(Call.java:243)
	at com.squareup.okhttp.Call.getResponseWithInterceptorChain(Call.java:205)
	at com.squareup.okhttp.Call.execute(Call.java:80)
	at io.kubernetes.client.ApiClient.execute(ApiClient.java:801)
	... 26 more


++++++++++++++++++++++++++++++++++++++++++++++++++++++++++++++++++++++++++++++++++++++++++++++++++++++++++++++++++++++++++++++++++++++++++++++++++++++++++++++++++++++++++++++++++++++++++++++++++++++++++++
KATAKODA environment:- 

As i got above error, i tried to work on KATAKODA completely, but i was not able to get up Jenkins app on browser.
Hence unable to move ahead. I did RnD for this error as well, but didnt find any help to resolve the same.




++++++++++++++++++++++++++++++++++++++++++++++++++++++++++++++++++++++++++++++++++++++++++++++++++++++++++++++++++++++++++++++++++++++++++++++++++++++++++++++++++++++++++++++++++++++++++++++++++++++++++++

Play with Kubernetes environment, https://labs.play-with-k8s.com/

I  tried to use this environment, i have installed kubernetes cluster, but later while installing apt-get apps, getting command not found error and stuck there as well.

I did RnD for this error but could'n resolve yet to move ahead.
++++++++++++++++++++++++++++++++++++++++++++++++++++++++++++++++++++++++++++++++++++++++++++++++++++++++++++++++++++++++++++++++++++++++++++++++++++++++++++++++++++++++++++++++++++++++++++++++++++++++++++

I used both the AWS t2.medium instances to do this assignment.



ubuntu@ip-172-31-6-143:/usr/lib$  sudo apt install openjdk-8-jdk
Reading package lists... Done
Building dependency tree
Reading state information... Done
The following additional packages will be installed:
  adwaita-icon-theme at-spi2-core ca-certificates-java fontconfig fontconfig-config fonts-dejavu-core fonts-dejavu-extra gtk-update-icon-cache hicolor-icon-theme humanity-icon-theme
  java-common libasound2 libasound2-data libasyncns0 libatk-bridge2.0-0 libatk-wrapper-java libatk-wrapper-java-jni libatk1.0-0 libatk1.0-data libatspi2.0-0 libavahi-client3
  libavahi-common-data libavahi-common3 libcairo2 libcroco3 libcups2 libdatrie1 libdrm-amdgpu1 libdrm-intel1 libdrm-nouveau2 libdrm-radeon1 libflac8 libfontconfig1 libfontenc1
  libgail-common libgail18 libgdk-pixbuf2.0-0 libgdk-pixbuf2.0-bin libgdk-pixbuf2.0-common libgif7 libgl1 libgl1-mesa-dri libgl1-mesa-glx libglapi-mesa libglvnd0 libglx-mesa0 libglx0
  libgraphite2-3 libgtk2.0-0 libgtk2.0-bin libgtk2.0-common libharfbuzz0b libice-dev libice6 libjbig0 libjpeg-turbo8 libjpeg8 liblcms2-2 libllvm8 libnspr4 libnss3 libogg0 libpango-1.0-0
  libpangocairo-1.0-0 libpangoft2-1.0-0 libpciaccess0 libpcsclite1 libpixman-1-0 libpthread-stubs0-dev libpulse0 librsvg2-2 librsvg2-common libsensors4 libsm-dev libsm6 libsndfile1
  libthai-data libthai0 libtiff5 libvorbis0a libvorbisenc2 libx11-dev libx11-doc libx11-xcb1 libxau-dev libxaw7 libxcb-dri2-0 libxcb-dri3-0 libxcb-glx0 libxcb-present0 libxcb-render0
  libxcb-shape0 libxcb-shm0 libxcb-sync1 libxcb1-dev libxcomposite1 libxcursor1 libxdamage1 libxdmcp-dev libxfixes3 libxft2 libxi6 libxinerama1 libxmu6 libxpm4 libxrandr2 libxrender1
  libxshmfence1 libxt-dev libxt6 libxtst6 libxv1 libxxf86dga1 libxxf86vm1 openjdk-8-jdk-headless openjdk-8-jre openjdk-8-jre-headless ubuntu-mono x11-common x11-utils x11proto-core-dev
  x11proto-dev xorg-sgml-doctools xtrans-dev
Suggested packages:
  default-jre libasound2-plugins alsa-utils cups-common gvfs libice-doc liblcms2-utils pcscd pulseaudio librsvg2-bin lm-sensors libsm-doc libxcb-doc libxt-doc openjdk-8-demo
  openjdk-8-source visualvm icedtea-8-plugin libnss-mdns fonts-ipafont-gothic fonts-ipafont-mincho fonts-wqy-microhei fonts-wqy-zenhei fonts-indic mesa-utils
The following NEW packages will be installed:
  adwaita-icon-theme at-spi2-core ca-certificates-java fontconfig fontconfig-config fonts-dejavu-core fonts-dejavu-extra gtk-update-icon-cache hicolor-icon-theme humanity-icon-theme
  java-common libasound2 libasound2-data libasyncns0 libatk-bridge2.0-0 libatk-wrapper-java libatk-wrapper-java-jni libatk1.0-0 libatk1.0-data libatspi2.0-0 libavahi-client3
  libavahi-common-data libavahi-common3 libcairo2 libcroco3 libcups2 libdatrie1 libdrm-amdgpu1 libdrm-intel1 libdrm-nouveau2 libdrm-radeon1 libflac8 libfontconfig1 libfontenc1
  libgail-common libgail18 libgdk-pixbuf2.0-0 libgdk-pixbuf2.0-bin libgdk-pixbuf2.0-common libgif7 libgl1 libgl1-mesa-dri libgl1-mesa-glx libglapi-mesa libglvnd0 libglx-mesa0 libglx0
  libgraphite2-3 libgtk2.0-0 libgtk2.0-bin libgtk2.0-common libharfbuzz0b libice-dev libice6 libjbig0 libjpeg-turbo8 libjpeg8 liblcms2-2 libllvm8 libnspr4 libnss3 libogg0 libpango-1.0-0
  libpangocairo-1.0-0 libpangoft2-1.0-0 libpciaccess0 libpcsclite1 libpixman-1-0 libpthread-stubs0-dev libpulse0 librsvg2-2 librsvg2-common libsensors4 libsm-dev libsm6 libsndfile1
  libthai-data libthai0 libtiff5 libvorbis0a libvorbisenc2 libx11-dev libx11-doc libx11-xcb1 libxau-dev libxaw7 libxcb-dri2-0 libxcb-dri3-0 libxcb-glx0 libxcb-present0 libxcb-render0
  libxcb-shape0 libxcb-shm0 libxcb-sync1 libxcb1-dev libxcomposite1 libxcursor1 libxdamage1 libxdmcp-dev libxfixes3 libxft2 libxi6 libxinerama1 libxmu6 libxpm4 libxrandr2 libxrender1
  libxshmfence1 libxt-dev libxt6 libxtst6 libxv1 libxxf86dga1 libxxf86vm1 openjdk-8-jdk openjdk-8-jdk-headless openjdk-8-jre openjdk-8-jre-headless ubuntu-mono x11-common x11-utils
  x11proto-core-dev x11proto-dev xorg-sgml-doctools xtrans-dev
0 upgraded, 125 newly installed, 0 to remove and 54 not upgraded.
Need to get 59.2 MB/78.6 MB of archives.
After this operation, 453 MB of additional disk space will be used.
Do you want to continue? [Y/n] Y
Get:1 http://ap-south-1.ec2.archive.ubuntu.com/ubuntu bionic/main amd64 fontconfig amd64 2.12.6-0ubuntu2 [169 kB]
Get:2 http://ap-south-1.ec2.archive.ubuntu.com/ubuntu bionic-updates/main amd64 libjpeg-turbo8 amd64 1.5.2-0ubuntu5.18.04.3 [110 kB]
Get:3 http://ap-south-1.ec2.archive.ubuntu.com/ubuntu bionic/main amd64 libogg0 amd64 1.3.2-1 [17.2 kB]
Get:4 http://ap-south-1.ec2.archive.ubuntu.com/ubuntu bionic/main amd64 hicolor-icon-theme all 0.17-2 [9976 B]
Get:5 http://ap-south-1.ec2.archive.ubuntu.com/ubuntu bionic/main amd64 libjbig0 amd64 2.1-3.1build1 [26.7 kB]
Get:6 http://ap-south-1.ec2.archive.ubuntu.com/ubuntu bionic-updates/main amd64 libtiff5 amd64 4.0.9-5ubuntu0.3 [153 kB]
Get:7 http://ap-south-1.ec2.archive.ubuntu.com/ubuntu bionic/main amd64 libgdk-pixbuf2.0-common all 2.36.11-2 [4536 B]
Get:8 http://ap-south-1.ec2.archive.ubuntu.com/ubuntu bionic/main amd64 libgdk-pixbuf2.0-0 amd64 2.36.11-2 [165 kB]
Get:9 http://ap-south-1.ec2.archive.ubuntu.com/ubuntu bionic-updates/main amd64 gtk-update-icon-cache amd64 3.22.30-1ubuntu4 [28.3 kB]
Get:10 http://ap-south-1.ec2.archive.ubuntu.com/ubuntu bionic/main amd64 libpixman-1-0 amd64 0.34.0-2 [229 kB]
Get:11 http://ap-south-1.ec2.archive.ubuntu.com/ubuntu bionic-updates/main amd64 libxcb-render0 amd64 1.13-2~ubuntu18.04 [14.7 kB]
Get:12 http://ap-south-1.ec2.archive.ubuntu.com/ubuntu bionic-updates/main amd64 libxcb-shm0 amd64 1.13-2~ubuntu18.04 [5600 B]
Get:13 http://ap-south-1.ec2.archive.ubuntu.com/ubuntu bionic-updates/main amd64 libcairo2 amd64 1.15.10-2ubuntu0.1 [580 kB]
Get:14 http://ap-south-1.ec2.archive.ubuntu.com/ubuntu bionic/main amd64 libcroco3 amd64 0.6.12-2 [81.3 kB]
Get:15 http://ap-south-1.ec2.archive.ubuntu.com/ubuntu bionic/main amd64 libthai-data all 0.1.27-2 [133 kB]
Get:16 http://ap-south-1.ec2.archive.ubuntu.com/ubuntu bionic/main amd64 libdatrie1 amd64 0.2.10-7 [17.8 kB]
Get:17 http://ap-south-1.ec2.archive.ubuntu.com/ubuntu bionic/main amd64 libthai0 amd64 0.1.27-2 [18.0 kB]
Get:18 http://ap-south-1.ec2.archive.ubuntu.com/ubuntu bionic-updates/main amd64 libpango-1.0-0 amd64 1.40.14-1ubuntu0.1 [153 kB]
Get:19 http://ap-south-1.ec2.archive.ubuntu.com/ubuntu bionic/main amd64 libgraphite2-3 amd64 1.3.11-2 [78.7 kB]
Get:20 http://ap-south-1.ec2.archive.ubuntu.com/ubuntu bionic/main amd64 libharfbuzz0b amd64 1.7.2-1ubuntu1 [232 kB]
Get:21 http://ap-south-1.ec2.archive.ubuntu.com/ubuntu bionic-updates/main amd64 libpangoft2-1.0-0 amd64 1.40.14-1ubuntu0.1 [33.2 kB]
Get:22 http://ap-south-1.ec2.archive.ubuntu.com/ubuntu bionic-updates/main amd64 libpangocairo-1.0-0 amd64 1.40.14-1ubuntu0.1 [20.8 kB]
Get:23 http://ap-south-1.ec2.archive.ubuntu.com/ubuntu bionic/main amd64 librsvg2-2 amd64 2.40.20-2 [98.6 kB]
Get:24 http://ap-south-1.ec2.archive.ubuntu.com/ubuntu bionic/main amd64 librsvg2-common amd64 2.40.20-2 [5124 B]
Get:25 http://ap-south-1.ec2.archive.ubuntu.com/ubuntu bionic/main amd64 humanity-icon-theme all 0.6.15 [1250 kB]
Get:26 http://ap-south-1.ec2.archive.ubuntu.com/ubuntu bionic-updates/main amd64 ubuntu-mono all 16.10+18.04.20181005-0ubuntu1 [149 kB]
Get:27 http://ap-south-1.ec2.archive.ubuntu.com/ubuntu bionic/main amd64 adwaita-icon-theme all 3.28.0-1ubuntu1 [3306 kB]
Get:28 http://ap-south-1.ec2.archive.ubuntu.com/ubuntu bionic-updates/main amd64 libnss3 amd64 2:3.35-2ubuntu2.5 [1136 kB]
Get:29 http://ap-south-1.ec2.archive.ubuntu.com/ubuntu bionic-updates/universe amd64 openjdk-8-jre-headless amd64 8u222-b10-1ubuntu1~18.04.1 [27.4 MB]
Get:30 http://ap-south-1.ec2.archive.ubuntu.com/ubuntu bionic/main amd64 libasyncns0 amd64 0.8-6 [12.1 kB]
Get:31 http://ap-south-1.ec2.archive.ubuntu.com/ubuntu bionic-updates/main amd64 libglapi-mesa amd64 19.0.8-0ubuntu0~18.04.3 [25.2 kB]
Get:32 http://ap-south-1.ec2.archive.ubuntu.com/ubuntu bionic-updates/main amd64 libgl1-mesa-dri amd64 19.0.8-0ubuntu0~18.04.3 [6809 kB]
Get:33 http://ap-south-1.ec2.archive.ubuntu.com/ubuntu bionic-updates/main amd64 libglx-mesa0 amd64 19.0.8-0ubuntu0~18.04.3 [138 kB]
Get:34 http://ap-south-1.ec2.archive.ubuntu.com/ubuntu bionic-updates/main amd64 libgl1-mesa-glx amd64 19.0.8-0ubuntu0~18.04.3 [5396 B]
Get:35 http://ap-south-1.ec2.archive.ubuntu.com/ubuntu bionic/main amd64 libflac8 amd64 1.3.2-1 [213 kB]
Get:36 http://ap-south-1.ec2.archive.ubuntu.com/ubuntu bionic/main amd64 libgtk2.0-common all 2.24.32-1ubuntu1 [125 kB]
Get:37 http://ap-south-1.ec2.archive.ubuntu.com/ubuntu bionic/main amd64 libxcursor1 amd64 1:1.1.15-1 [19.8 kB]
Get:38 http://ap-south-1.ec2.archive.ubuntu.com/ubuntu bionic/main amd64 libgtk2.0-0 amd64 2.24.32-1ubuntu1 [1769 kB]
Get:39 http://ap-south-1.ec2.archive.ubuntu.com/ubuntu bionic/main amd64 libgail18 amd64 2.24.32-1ubuntu1 [14.2 kB]
Get:40 http://ap-south-1.ec2.archive.ubuntu.com/ubuntu bionic/main amd64 libgail-common amd64 2.24.32-1ubuntu1 [112 kB]
Get:41 http://ap-south-1.ec2.archive.ubuntu.com/ubuntu bionic/main amd64 libgdk-pixbuf2.0-bin amd64 2.36.11-2 [7864 B]
Get:42 http://ap-south-1.ec2.archive.ubuntu.com/ubuntu bionic/main amd64 libgtk2.0-bin amd64 2.24.32-1ubuntu1 [7536 B]
Get:43 http://ap-south-1.ec2.archive.ubuntu.com/ubuntu bionic/main amd64 xorg-sgml-doctools all 1:1.11-1 [12.9 kB]
Get:44 http://ap-south-1.ec2.archive.ubuntu.com/ubuntu bionic/main amd64 x11proto-dev all 2018.4-4 [251 kB]
Get:45 http://ap-south-1.ec2.archive.ubuntu.com/ubuntu bionic/main amd64 x11proto-core-dev all 2018.4-4 [2620 B]
Get:46 http://ap-south-1.ec2.archive.ubuntu.com/ubuntu bionic/main amd64 libice-dev amd64 2:1.0.9-2 [46.8 kB]
Get:47 http://ap-south-1.ec2.archive.ubuntu.com/ubuntu bionic/main amd64 libpthread-stubs0-dev amd64 0.3-4 [4068 B]
Get:48 http://ap-south-1.ec2.archive.ubuntu.com/ubuntu bionic/main amd64 libvorbis0a amd64 1.3.5-4.2 [86.4 kB]
Get:49 http://ap-south-1.ec2.archive.ubuntu.com/ubuntu bionic/main amd64 libvorbisenc2 amd64 1.3.5-4.2 [70.7 kB]
Get:50 http://ap-south-1.ec2.archive.ubuntu.com/ubuntu bionic-updates/main amd64 libsndfile1 amd64 1.0.28-4ubuntu0.18.04.1 [170 kB]
Get:51 http://ap-south-1.ec2.archive.ubuntu.com/ubuntu bionic-updates/main amd64 libpulse0 amd64 1:11.1-1ubuntu7.2 [265 kB]
Get:52 http://ap-south-1.ec2.archive.ubuntu.com/ubuntu bionic/main amd64 libsm-dev amd64 2:1.2.2-1 [16.2 kB]
Get:53 http://ap-south-1.ec2.archive.ubuntu.com/ubuntu bionic/main amd64 libxau-dev amd64 1:1.0.8-1 [11.1 kB]
Get:54 http://ap-south-1.ec2.archive.ubuntu.com/ubuntu bionic/main amd64 libxdmcp-dev amd64 1:1.1.2-3 [25.1 kB]
Get:55 http://ap-south-1.ec2.archive.ubuntu.com/ubuntu bionic/main amd64 xtrans-dev all 1.3.5-1 [70.5 kB]
Get:56 http://ap-south-1.ec2.archive.ubuntu.com/ubuntu bionic-updates/main amd64 libxcb1-dev amd64 1.13-2~ubuntu18.04 [80.0 kB]
Get:57 http://ap-south-1.ec2.archive.ubuntu.com/ubuntu bionic-updates/main amd64 libx11-dev amd64 2:1.6.4-3ubuntu0.2 [640 kB]
Get:58 http://ap-south-1.ec2.archive.ubuntu.com/ubuntu bionic-updates/main amd64 libx11-doc all 2:1.6.4-3ubuntu0.2 [2065 kB]
Get:59 http://ap-south-1.ec2.archive.ubuntu.com/ubuntu bionic/main amd64 libxt-dev amd64 1:1.1.5-1 [395 kB]
Get:60 http://ap-south-1.ec2.archive.ubuntu.com/ubuntu bionic-updates/universe amd64 openjdk-8-jre amd64 8u222-b10-1ubuntu1~18.04.1 [69.3 kB]
Get:61 http://ap-south-1.ec2.archive.ubuntu.com/ubuntu bionic-updates/universe amd64 openjdk-8-jdk-headless amd64 8u222-b10-1ubuntu1~18.04.1 [8267 kB]
Get:62 http://ap-south-1.ec2.archive.ubuntu.com/ubuntu bionic-updates/universe amd64 openjdk-8-jdk amd64 8u222-b10-1ubuntu1~18.04.1 [1756 kB]
Fetched 59.2 MB in 14s (4174 kB/s)
Extracting templates from packages: 100%
Selecting previously unselected package fonts-dejavu-core.
(Reading database ... 56531 files and directories currently installed.)
Preparing to unpack .../000-fonts-dejavu-core_2.37-1_all.deb ...
Unpacking fonts-dejavu-core (2.37-1) ...
Selecting previously unselected package fontconfig-config.
Preparing to unpack .../001-fontconfig-config_2.12.6-0ubuntu2_all.deb ...
Unpacking fontconfig-config (2.12.6-0ubuntu2) ...
Selecting previously unselected package libfontconfig1:amd64.
Preparing to unpack .../002-libfontconfig1_2.12.6-0ubuntu2_amd64.deb ...
Unpacking libfontconfig1:amd64 (2.12.6-0ubuntu2) ...
Selecting previously unselected package fontconfig.
Preparing to unpack .../003-fontconfig_2.12.6-0ubuntu2_amd64.deb ...
Unpacking fontconfig (2.12.6-0ubuntu2) ...
Selecting previously unselected package libjpeg-turbo8:amd64.
Preparing to unpack .../004-libjpeg-turbo8_1.5.2-0ubuntu5.18.04.3_amd64.deb ...
Unpacking libjpeg-turbo8:amd64 (1.5.2-0ubuntu5.18.04.3) ...
Selecting previously unselected package libogg0:amd64.
Preparing to unpack .../005-libogg0_1.3.2-1_amd64.deb ...
Unpacking libogg0:amd64 (1.3.2-1) ...
Selecting previously unselected package x11-common.
Preparing to unpack .../006-x11-common_1%3a7.7+19ubuntu7.1_all.deb ...
dpkg-query: no packages found matching nux-tools
Unpacking x11-common (1:7.7+19ubuntu7.1) ...
Selecting previously unselected package libice6:amd64.
Preparing to unpack .../007-libice6_2%3a1.0.9-2_amd64.deb ...
Unpacking libice6:amd64 (2:1.0.9-2) ...
Selecting previously unselected package libsm6:amd64.
Preparing to unpack .../008-libsm6_2%3a1.2.2-1_amd64.deb ...
Unpacking libsm6:amd64 (2:1.2.2-1) ...
Selecting previously unselected package libxrender1:amd64.
Preparing to unpack .../009-libxrender1_1%3a0.9.10-1_amd64.deb ...
Unpacking libxrender1:amd64 (1:0.9.10-1) ...
Selecting previously unselected package libxft2:amd64.
Preparing to unpack .../010-libxft2_2.3.2-1_amd64.deb ...
Unpacking libxft2:amd64 (2.3.2-1) ...
Selecting previously unselected package libxinerama1:amd64.
Preparing to unpack .../011-libxinerama1_2%3a1.1.3-1_amd64.deb ...
Unpacking libxinerama1:amd64 (2:1.1.3-1) ...
Selecting previously unselected package libxxf86dga1:amd64.
Preparing to unpack .../012-libxxf86dga1_2%3a1.1.4-1_amd64.deb ...
Unpacking libxxf86dga1:amd64 (2:1.1.4-1) ...
Selecting previously unselected package libxxf86vm1:amd64.
Preparing to unpack .../013-libxxf86vm1_1%3a1.1.4-1_amd64.deb ...
Unpacking libxxf86vm1:amd64 (1:1.1.4-1) ...
Selecting previously unselected package hicolor-icon-theme.
Preparing to unpack .../014-hicolor-icon-theme_0.17-2_all.deb ...
Unpacking hicolor-icon-theme (0.17-2) ...
Selecting previously unselected package libjpeg8:amd64.
Preparing to unpack .../015-libjpeg8_8c-2ubuntu8_amd64.deb ...
Unpacking libjpeg8:amd64 (8c-2ubuntu8) ...
Selecting previously unselected package libjbig0:amd64.
Preparing to unpack .../016-libjbig0_2.1-3.1build1_amd64.deb ...
Unpacking libjbig0:amd64 (2.1-3.1build1) ...
Selecting previously unselected package libtiff5:amd64.
Preparing to unpack .../017-libtiff5_4.0.9-5ubuntu0.3_amd64.deb ...
Unpacking libtiff5:amd64 (4.0.9-5ubuntu0.3) ...
Selecting previously unselected package libgdk-pixbuf2.0-common.
Preparing to unpack .../018-libgdk-pixbuf2.0-common_2.36.11-2_all.deb ...
Unpacking libgdk-pixbuf2.0-common (2.36.11-2) ...
Selecting previously unselected package libgdk-pixbuf2.0-0:amd64.
Preparing to unpack .../019-libgdk-pixbuf2.0-0_2.36.11-2_amd64.deb ...
Unpacking libgdk-pixbuf2.0-0:amd64 (2.36.11-2) ...
Selecting previously unselected package gtk-update-icon-cache.
Preparing to unpack .../020-gtk-update-icon-cache_3.22.30-1ubuntu4_amd64.deb ...
No diversion 'diversion of /usr/sbin/update-icon-caches to /usr/sbin/update-icon-caches.gtk2 by libgtk-3-bin', none removed.
No diversion 'diversion of /usr/share/man/man8/update-icon-caches.8.gz to /usr/share/man/man8/update-icon-caches.gtk2.8.gz by libgtk-3-bin', none removed.
Unpacking gtk-update-icon-cache (3.22.30-1ubuntu4) ...
Selecting previously unselected package libpixman-1-0:amd64.
Preparing to unpack .../021-libpixman-1-0_0.34.0-2_amd64.deb ...
Unpacking libpixman-1-0:amd64 (0.34.0-2) ...
Selecting previously unselected package libxcb-render0:amd64.
Preparing to unpack .../022-libxcb-render0_1.13-2~ubuntu18.04_amd64.deb ...
Unpacking libxcb-render0:amd64 (1.13-2~ubuntu18.04) ...
Selecting previously unselected package libxcb-shm0:amd64.
Preparing to unpack .../023-libxcb-shm0_1.13-2~ubuntu18.04_amd64.deb ...
Unpacking libxcb-shm0:amd64 (1.13-2~ubuntu18.04) ...
Selecting previously unselected package libcairo2:amd64.
Preparing to unpack .../024-libcairo2_1.15.10-2ubuntu0.1_amd64.deb ...
Unpacking libcairo2:amd64 (1.15.10-2ubuntu0.1) ...
Selecting previously unselected package libcroco3:amd64.
Preparing to unpack .../025-libcroco3_0.6.12-2_amd64.deb ...
Unpacking libcroco3:amd64 (0.6.12-2) ...
Selecting previously unselected package libthai-data.
Preparing to unpack .../026-libthai-data_0.1.27-2_all.deb ...
Unpacking libthai-data (0.1.27-2) ...
Selecting previously unselected package libdatrie1:amd64.
Preparing to unpack .../027-libdatrie1_0.2.10-7_amd64.deb ...
Unpacking libdatrie1:amd64 (0.2.10-7) ...
Selecting previously unselected package libthai0:amd64.
Preparing to unpack .../028-libthai0_0.1.27-2_amd64.deb ...
Unpacking libthai0:amd64 (0.1.27-2) ...
Selecting previously unselected package libpango-1.0-0:amd64.
Preparing to unpack .../029-libpango-1.0-0_1.40.14-1ubuntu0.1_amd64.deb ...
Unpacking libpango-1.0-0:amd64 (1.40.14-1ubuntu0.1) ...
Selecting previously unselected package libgraphite2-3:amd64.
Preparing to unpack .../030-libgraphite2-3_1.3.11-2_amd64.deb ...
Unpacking libgraphite2-3:amd64 (1.3.11-2) ...
Selecting previously unselected package libharfbuzz0b:amd64.
Preparing to unpack .../031-libharfbuzz0b_1.7.2-1ubuntu1_amd64.deb ...
Unpacking libharfbuzz0b:amd64 (1.7.2-1ubuntu1) ...
Selecting previously unselected package libpangoft2-1.0-0:amd64.
Preparing to unpack .../032-libpangoft2-1.0-0_1.40.14-1ubuntu0.1_amd64.deb ...
Unpacking libpangoft2-1.0-0:amd64 (1.40.14-1ubuntu0.1) ...
Selecting previously unselected package libpangocairo-1.0-0:amd64.
Preparing to unpack .../033-libpangocairo-1.0-0_1.40.14-1ubuntu0.1_amd64.deb ...
Unpacking libpangocairo-1.0-0:amd64 (1.40.14-1ubuntu0.1) ...
Selecting previously unselected package librsvg2-2:amd64.
Preparing to unpack .../034-librsvg2-2_2.40.20-2_amd64.deb ...
Unpacking librsvg2-2:amd64 (2.40.20-2) ...
Selecting previously unselected package librsvg2-common:amd64.
Preparing to unpack .../035-librsvg2-common_2.40.20-2_amd64.deb ...
Unpacking librsvg2-common:amd64 (2.40.20-2) ...
Selecting previously unselected package humanity-icon-theme.
Preparing to unpack .../036-humanity-icon-theme_0.6.15_all.deb ...
Unpacking humanity-icon-theme (0.6.15) ...
Selecting previously unselected package ubuntu-mono.
Preparing to unpack .../037-ubuntu-mono_16.10+18.04.20181005-0ubuntu1_all.deb ...
Unpacking ubuntu-mono (16.10+18.04.20181005-0ubuntu1) ...
Selecting previously unselected package adwaita-icon-theme.
Preparing to unpack .../038-adwaita-icon-theme_3.28.0-1ubuntu1_all.deb ...
Unpacking adwaita-icon-theme (3.28.0-1ubuntu1) ...
Selecting previously unselected package libatspi2.0-0:amd64.
Preparing to unpack .../039-libatspi2.0-0_2.28.0-1_amd64.deb ...
Unpacking libatspi2.0-0:amd64 (2.28.0-1) ...
Selecting previously unselected package libxtst6:amd64.
Preparing to unpack .../040-libxtst6_2%3a1.2.3-1_amd64.deb ...
Unpacking libxtst6:amd64 (2:1.2.3-1) ...
Selecting previously unselected package at-spi2-core.
Preparing to unpack .../041-at-spi2-core_2.28.0-1_amd64.deb ...
Unpacking at-spi2-core (2.28.0-1) ...
Selecting previously unselected package java-common.
Preparing to unpack .../042-java-common_0.68ubuntu1~18.04.1_all.deb ...
Unpacking java-common (0.68ubuntu1~18.04.1) ...
Selecting previously unselected package libavahi-common-data:amd64.
Preparing to unpack .../043-libavahi-common-data_0.7-3.1ubuntu1.2_amd64.deb ...
Unpacking libavahi-common-data:amd64 (0.7-3.1ubuntu1.2) ...
Selecting previously unselected package libavahi-common3:amd64.
Preparing to unpack .../044-libavahi-common3_0.7-3.1ubuntu1.2_amd64.deb ...
Unpacking libavahi-common3:amd64 (0.7-3.1ubuntu1.2) ...
Selecting previously unselected package libavahi-client3:amd64.
Preparing to unpack .../045-libavahi-client3_0.7-3.1ubuntu1.2_amd64.deb ...
Unpacking libavahi-client3:amd64 (0.7-3.1ubuntu1.2) ...
Selecting previously unselected package libcups2:amd64.
Preparing to unpack .../046-libcups2_2.2.7-1ubuntu2.7_amd64.deb ...
Unpacking libcups2:amd64 (2.2.7-1ubuntu2.7) ...
Selecting previously unselected package liblcms2-2:amd64.
Preparing to unpack .../047-liblcms2-2_2.9-1ubuntu0.1_amd64.deb ...
Unpacking liblcms2-2:amd64 (2.9-1ubuntu0.1) ...
Selecting previously unselected package libnspr4:amd64.
Preparing to unpack .../048-libnspr4_2%3a4.18-1ubuntu1_amd64.deb ...
Unpacking libnspr4:amd64 (2:4.18-1ubuntu1) ...
Selecting previously unselected package libnss3:amd64.
Preparing to unpack .../049-libnss3_2%3a3.35-2ubuntu2.5_amd64.deb ...
Unpacking libnss3:amd64 (2:3.35-2ubuntu2.5) ...
Selecting previously unselected package libpcsclite1:amd64.
Preparing to unpack .../050-libpcsclite1_1.8.23-1_amd64.deb ...
Unpacking libpcsclite1:amd64 (1.8.23-1) ...
Selecting previously unselected package libxi6:amd64.
Preparing to unpack .../051-libxi6_2%3a1.7.9-1_amd64.deb ...
Unpacking libxi6:amd64 (2:1.7.9-1) ...
Selecting previously unselected package openjdk-8-jre-headless:amd64.
Preparing to unpack .../052-openjdk-8-jre-headless_8u222-b10-1ubuntu1~18.04.1_amd64.deb ...
Unpacking openjdk-8-jre-headless:amd64 (8u222-b10-1ubuntu1~18.04.1) ...
Selecting previously unselected package ca-certificates-java.
Preparing to unpack .../053-ca-certificates-java_20180516ubuntu1~18.04.1_all.deb ...
Unpacking ca-certificates-java (20180516ubuntu1~18.04.1) ...
Selecting previously unselected package fonts-dejavu-extra.
Preparing to unpack .../054-fonts-dejavu-extra_2.37-1_all.deb ...
Unpacking fonts-dejavu-extra (2.37-1) ...
Selecting previously unselected package libasound2-data.
Preparing to unpack .../055-libasound2-data_1.1.3-5ubuntu0.2_all.deb ...
Unpacking libasound2-data (1.1.3-5ubuntu0.2) ...
Selecting previously unselected package libasound2:amd64.
Preparing to unpack .../056-libasound2_1.1.3-5ubuntu0.2_amd64.deb ...
Unpacking libasound2:amd64 (1.1.3-5ubuntu0.2) ...
Selecting previously unselected package libasyncns0:amd64.
Preparing to unpack .../057-libasyncns0_0.8-6_amd64.deb ...
Unpacking libasyncns0:amd64 (0.8-6) ...
Selecting previously unselected package libatk1.0-data.
Preparing to unpack .../058-libatk1.0-data_2.28.1-1_all.deb ...
Unpacking libatk1.0-data (2.28.1-1) ...
Selecting previously unselected package libatk1.0-0:amd64.
Preparing to unpack .../059-libatk1.0-0_2.28.1-1_amd64.deb ...
Unpacking libatk1.0-0:amd64 (2.28.1-1) ...
Selecting previously unselected package libatk-bridge2.0-0:amd64.
Preparing to unpack .../060-libatk-bridge2.0-0_2.26.2-1_amd64.deb ...
Unpacking libatk-bridge2.0-0:amd64 (2.26.2-1) ...
Selecting previously unselected package libfontenc1:amd64.
Preparing to unpack .../061-libfontenc1_1%3a1.1.3-1_amd64.deb ...
Unpacking libfontenc1:amd64 (1:1.1.3-1) ...
Selecting previously unselected package libglvnd0:amd64.
Preparing to unpack .../062-libglvnd0_1.0.0-2ubuntu2.3_amd64.deb ...
Unpacking libglvnd0:amd64 (1.0.0-2ubuntu2.3) ...
Selecting previously unselected package libglapi-mesa:amd64.
Preparing to unpack .../063-libglapi-mesa_19.0.8-0ubuntu0~18.04.3_amd64.deb ...
Unpacking libglapi-mesa:amd64 (19.0.8-0ubuntu0~18.04.3) ...
Selecting previously unselected package libx11-xcb1:amd64.
Preparing to unpack .../064-libx11-xcb1_2%3a1.6.4-3ubuntu0.2_amd64.deb ...
Unpacking libx11-xcb1:amd64 (2:1.6.4-3ubuntu0.2) ...
Selecting previously unselected package libxcb-dri2-0:amd64.
Preparing to unpack .../065-libxcb-dri2-0_1.13-2~ubuntu18.04_amd64.deb ...
Unpacking libxcb-dri2-0:amd64 (1.13-2~ubuntu18.04) ...
Selecting previously unselected package libxcb-dri3-0:amd64.
Preparing to unpack .../066-libxcb-dri3-0_1.13-2~ubuntu18.04_amd64.deb ...
Unpacking libxcb-dri3-0:amd64 (1.13-2~ubuntu18.04) ...
Selecting previously unselected package libxcb-glx0:amd64.
Preparing to unpack .../067-libxcb-glx0_1.13-2~ubuntu18.04_amd64.deb ...
Unpacking libxcb-glx0:amd64 (1.13-2~ubuntu18.04) ...
Selecting previously unselected package libxcb-present0:amd64.
Preparing to unpack .../068-libxcb-present0_1.13-2~ubuntu18.04_amd64.deb ...
Unpacking libxcb-present0:amd64 (1.13-2~ubuntu18.04) ...
Selecting previously unselected package libxcb-sync1:amd64.
Preparing to unpack .../069-libxcb-sync1_1.13-2~ubuntu18.04_amd64.deb ...
Unpacking libxcb-sync1:amd64 (1.13-2~ubuntu18.04) ...
Selecting previously unselected package libxdamage1:amd64.
Preparing to unpack .../070-libxdamage1_1%3a1.1.4-3_amd64.deb ...
Unpacking libxdamage1:amd64 (1:1.1.4-3) ...
Selecting previously unselected package libxfixes3:amd64.
Preparing to unpack .../071-libxfixes3_1%3a5.0.3-1_amd64.deb ...
Unpacking libxfixes3:amd64 (1:5.0.3-1) ...
Selecting previously unselected package libxshmfence1:amd64.
Preparing to unpack .../072-libxshmfence1_1.3-1_amd64.deb ...
Unpacking libxshmfence1:amd64 (1.3-1) ...
Selecting previously unselected package libdrm-amdgpu1:amd64.
Preparing to unpack .../073-libdrm-amdgpu1_2.4.97-1ubuntu1~18.04.1_amd64.deb ...
Unpacking libdrm-amdgpu1:amd64 (2.4.97-1ubuntu1~18.04.1) ...
Selecting previously unselected package libpciaccess0:amd64.
Preparing to unpack .../074-libpciaccess0_0.14-1_amd64.deb ...
Unpacking libpciaccess0:amd64 (0.14-1) ...
Selecting previously unselected package libdrm-intel1:amd64.
Preparing to unpack .../075-libdrm-intel1_2.4.97-1ubuntu1~18.04.1_amd64.deb ...
Unpacking libdrm-intel1:amd64 (2.4.97-1ubuntu1~18.04.1) ...
Selecting previously unselected package libdrm-nouveau2:amd64.
Preparing to unpack .../076-libdrm-nouveau2_2.4.97-1ubuntu1~18.04.1_amd64.deb ...
Unpacking libdrm-nouveau2:amd64 (2.4.97-1ubuntu1~18.04.1) ...
Selecting previously unselected package libdrm-radeon1:amd64.
Preparing to unpack .../077-libdrm-radeon1_2.4.97-1ubuntu1~18.04.1_amd64.deb ...
Unpacking libdrm-radeon1:amd64 (2.4.97-1ubuntu1~18.04.1) ...
Selecting previously unselected package libllvm8:amd64.
Preparing to unpack .../078-libllvm8_1%3a8-3~ubuntu18.04.1_amd64.deb ...
Unpacking libllvm8:amd64 (1:8-3~ubuntu18.04.1) ...
Selecting previously unselected package libsensors4:amd64.
Preparing to unpack .../079-libsensors4_1%3a3.4.0-4_amd64.deb ...
Unpacking libsensors4:amd64 (1:3.4.0-4) ...
Selecting previously unselected package libgl1-mesa-dri:amd64.
Preparing to unpack .../080-libgl1-mesa-dri_19.0.8-0ubuntu0~18.04.3_amd64.deb ...
Unpacking libgl1-mesa-dri:amd64 (19.0.8-0ubuntu0~18.04.3) ...
Selecting previously unselected package libglx-mesa0:amd64.
Preparing to unpack .../081-libglx-mesa0_19.0.8-0ubuntu0~18.04.3_amd64.deb ...
Unpacking libglx-mesa0:amd64 (19.0.8-0ubuntu0~18.04.3) ...
Selecting previously unselected package libglx0:amd64.
Preparing to unpack .../082-libglx0_1.0.0-2ubuntu2.3_amd64.deb ...
Unpacking libglx0:amd64 (1.0.0-2ubuntu2.3) ...
Selecting previously unselected package libgl1:amd64.
Preparing to unpack .../083-libgl1_1.0.0-2ubuntu2.3_amd64.deb ...
Unpacking libgl1:amd64 (1.0.0-2ubuntu2.3) ...
Selecting previously unselected package libgl1-mesa-glx:amd64.
Preparing to unpack .../084-libgl1-mesa-glx_19.0.8-0ubuntu0~18.04.3_amd64.deb ...
Unpacking libgl1-mesa-glx:amd64 (19.0.8-0ubuntu0~18.04.3) ...
Selecting previously unselected package libxt6:amd64.
Preparing to unpack .../085-libxt6_1%3a1.1.5-1_amd64.deb ...
Unpacking libxt6:amd64 (1:1.1.5-1) ...
Selecting previously unselected package libxmu6:amd64.
Preparing to unpack .../086-libxmu6_2%3a1.1.2-2_amd64.deb ...
Unpacking libxmu6:amd64 (2:1.1.2-2) ...
Selecting previously unselected package libxpm4:amd64.
Preparing to unpack .../087-libxpm4_1%3a3.5.12-1_amd64.deb ...
Unpacking libxpm4:amd64 (1:3.5.12-1) ...
Selecting previously unselected package libxaw7:amd64.
Preparing to unpack .../088-libxaw7_2%3a1.0.13-1_amd64.deb ...
Unpacking libxaw7:amd64 (2:1.0.13-1) ...
Selecting previously unselected package libxcb-shape0:amd64.
Preparing to unpack .../089-libxcb-shape0_1.13-2~ubuntu18.04_amd64.deb ...
Unpacking libxcb-shape0:amd64 (1.13-2~ubuntu18.04) ...
Selecting previously unselected package libxcomposite1:amd64.
Preparing to unpack .../090-libxcomposite1_1%3a0.4.4-2_amd64.deb ...
Unpacking libxcomposite1:amd64 (1:0.4.4-2) ...
Selecting previously unselected package libxrandr2:amd64.
Preparing to unpack .../091-libxrandr2_2%3a1.5.1-1_amd64.deb ...
Unpacking libxrandr2:amd64 (2:1.5.1-1) ...
Selecting previously unselected package libxv1:amd64.
Preparing to unpack .../092-libxv1_2%3a1.0.11-1_amd64.deb ...
Unpacking libxv1:amd64 (2:1.0.11-1) ...
Selecting previously unselected package x11-utils.
Preparing to unpack .../093-x11-utils_7.7+3build1_amd64.deb ...
Unpacking x11-utils (7.7+3build1) ...
Selecting previously unselected package libatk-wrapper-java.
Preparing to unpack .../094-libatk-wrapper-java_0.33.3-20ubuntu0.1_all.deb ...
Unpacking libatk-wrapper-java (0.33.3-20ubuntu0.1) ...
Selecting previously unselected package libatk-wrapper-java-jni:amd64.
Preparing to unpack .../095-libatk-wrapper-java-jni_0.33.3-20ubuntu0.1_amd64.deb ...
Unpacking libatk-wrapper-java-jni:amd64 (0.33.3-20ubuntu0.1) ...
Selecting previously unselected package libflac8:amd64.
Preparing to unpack .../096-libflac8_1.3.2-1_amd64.deb ...
Unpacking libflac8:amd64 (1.3.2-1) ...
Selecting previously unselected package libgtk2.0-common.
Preparing to unpack .../097-libgtk2.0-common_2.24.32-1ubuntu1_all.deb ...
Unpacking libgtk2.0-common (2.24.32-1ubuntu1) ...
Selecting previously unselected package libxcursor1:amd64.
Preparing to unpack .../098-libxcursor1_1%3a1.1.15-1_amd64.deb ...
Unpacking libxcursor1:amd64 (1:1.1.15-1) ...
Selecting previously unselected package libgtk2.0-0:amd64.
Preparing to unpack .../099-libgtk2.0-0_2.24.32-1ubuntu1_amd64.deb ...
Unpacking libgtk2.0-0:amd64 (2.24.32-1ubuntu1) ...
Selecting previously unselected package libgail18:amd64.
Preparing to unpack .../100-libgail18_2.24.32-1ubuntu1_amd64.deb ...
Unpacking libgail18:amd64 (2.24.32-1ubuntu1) ...
Selecting previously unselected package libgail-common:amd64.
Preparing to unpack .../101-libgail-common_2.24.32-1ubuntu1_amd64.deb ...
Unpacking libgail-common:amd64 (2.24.32-1ubuntu1) ...
Selecting previously unselected package libgdk-pixbuf2.0-bin.
Preparing to unpack .../102-libgdk-pixbuf2.0-bin_2.36.11-2_amd64.deb ...
Unpacking libgdk-pixbuf2.0-bin (2.36.11-2) ...
Selecting previously unselected package libgif7:amd64.
Preparing to unpack .../103-libgif7_5.1.4-2ubuntu0.1_amd64.deb ...
Unpacking libgif7:amd64 (5.1.4-2ubuntu0.1) ...
Selecting previously unselected package libgtk2.0-bin.
Preparing to unpack .../104-libgtk2.0-bin_2.24.32-1ubuntu1_amd64.deb ...
Unpacking libgtk2.0-bin (2.24.32-1ubuntu1) ...
Selecting previously unselected package xorg-sgml-doctools.
Preparing to unpack .../105-xorg-sgml-doctools_1%3a1.11-1_all.deb ...
Unpacking xorg-sgml-doctools (1:1.11-1) ...
Selecting previously unselected package x11proto-dev.
Preparing to unpack .../106-x11proto-dev_2018.4-4_all.deb ...
Unpacking x11proto-dev (2018.4-4) ...
Selecting previously unselected package x11proto-core-dev.
Preparing to unpack .../107-x11proto-core-dev_2018.4-4_all.deb ...
Unpacking x11proto-core-dev (2018.4-4) ...
Selecting previously unselected package libice-dev:amd64.
Preparing to unpack .../108-libice-dev_2%3a1.0.9-2_amd64.deb ...
Unpacking libice-dev:amd64 (2:1.0.9-2) ...
Selecting previously unselected package libpthread-stubs0-dev:amd64.
Preparing to unpack .../109-libpthread-stubs0-dev_0.3-4_amd64.deb ...
Unpacking libpthread-stubs0-dev:amd64 (0.3-4) ...
Selecting previously unselected package libvorbis0a:amd64.
Preparing to unpack .../110-libvorbis0a_1.3.5-4.2_amd64.deb ...
Unpacking libvorbis0a:amd64 (1.3.5-4.2) ...
Selecting previously unselected package libvorbisenc2:amd64.
Preparing to unpack .../111-libvorbisenc2_1.3.5-4.2_amd64.deb ...
Unpacking libvorbisenc2:amd64 (1.3.5-4.2) ...
Selecting previously unselected package libsndfile1:amd64.
Preparing to unpack .../112-libsndfile1_1.0.28-4ubuntu0.18.04.1_amd64.deb ...
Unpacking libsndfile1:amd64 (1.0.28-4ubuntu0.18.04.1) ...
Selecting previously unselected package libpulse0:amd64.
Preparing to unpack .../113-libpulse0_1%3a11.1-1ubuntu7.2_amd64.deb ...
Unpacking libpulse0:amd64 (1:11.1-1ubuntu7.2) ...
Selecting previously unselected package libsm-dev:amd64.
Preparing to unpack .../114-libsm-dev_2%3a1.2.2-1_amd64.deb ...
Unpacking libsm-dev:amd64 (2:1.2.2-1) ...
Selecting previously unselected package libxau-dev:amd64.
Preparing to unpack .../115-libxau-dev_1%3a1.0.8-1_amd64.deb ...
Unpacking libxau-dev:amd64 (1:1.0.8-1) ...
Selecting previously unselected package libxdmcp-dev:amd64.
Preparing to unpack .../116-libxdmcp-dev_1%3a1.1.2-3_amd64.deb ...
Unpacking libxdmcp-dev:amd64 (1:1.1.2-3) ...
Selecting previously unselected package xtrans-dev.
Preparing to unpack .../117-xtrans-dev_1.3.5-1_all.deb ...
Unpacking xtrans-dev (1.3.5-1) ...
Selecting previously unselected package libxcb1-dev:amd64.
Preparing to unpack .../118-libxcb1-dev_1.13-2~ubuntu18.04_amd64.deb ...
Unpacking libxcb1-dev:amd64 (1.13-2~ubuntu18.04) ...
Selecting previously unselected package libx11-dev:amd64.
Preparing to unpack .../119-libx11-dev_2%3a1.6.4-3ubuntu0.2_amd64.deb ...
Unpacking libx11-dev:amd64 (2:1.6.4-3ubuntu0.2) ...
Selecting previously unselected package libx11-doc.
Preparing to unpack .../120-libx11-doc_2%3a1.6.4-3ubuntu0.2_all.deb ...
Unpacking libx11-doc (2:1.6.4-3ubuntu0.2) ...
Selecting previously unselected package libxt-dev:amd64.
Preparing to unpack .../121-libxt-dev_1%3a1.1.5-1_amd64.deb ...
Unpacking libxt-dev:amd64 (1:1.1.5-1) ...
Selecting previously unselected package openjdk-8-jre:amd64.
Preparing to unpack .../122-openjdk-8-jre_8u222-b10-1ubuntu1~18.04.1_amd64.deb ...
Unpacking openjdk-8-jre:amd64 (8u222-b10-1ubuntu1~18.04.1) ...
Selecting previously unselected package openjdk-8-jdk-headless:amd64.
Preparing to unpack .../123-openjdk-8-jdk-headless_8u222-b10-1ubuntu1~18.04.1_amd64.deb ...
Unpacking openjdk-8-jdk-headless:amd64 (8u222-b10-1ubuntu1~18.04.1) ...
Selecting previously unselected package openjdk-8-jdk:amd64.
Preparing to unpack .../124-openjdk-8-jdk_8u222-b10-1ubuntu1~18.04.1_amd64.deb ...
Unpacking openjdk-8-jdk:amd64 (8u222-b10-1ubuntu1~18.04.1) ...
Setting up libxi6:amd64 (2:1.7.9-1) ...
Setting up libxcb-present0:amd64 (1.13-2~ubuntu18.04) ...
Setting up libglvnd0:amd64 (1.0.0-2ubuntu2.3) ...
Setting up libxinerama1:amd64 (2:1.1.3-1) ...
Setting up libxcb-dri2-0:amd64 (1.13-2~ubuntu18.04) ...
Setting up libxcb-dri3-0:amd64 (1.13-2~ubuntu18.04) ...
Setting up libxcb-glx0:amd64 (1.13-2~ubuntu18.04) ...
Setting up libgtk2.0-common (2.24.32-1ubuntu1) ...
Setting up libxcb-render0:amd64 (1.13-2~ubuntu18.04) ...
Setting up libasyncns0:amd64 (0.8-6) ...
Setting up libllvm8:amd64 (1:8-3~ubuntu18.04.1) ...
Setting up libxdamage1:amd64 (1:1.1.4-3) ...
Setting up libxfixes3:amd64 (1:5.0.3-1) ...
Setting up libdrm-amdgpu1:amd64 (2.4.97-1ubuntu1~18.04.1) ...
Setting up liblcms2-2:amd64 (2.9-1ubuntu0.1) ...
Setting up libjbig0:amd64 (2.1-3.1build1) ...
Setting up libpcsclite1:amd64 (1.8.23-1) ...
Setting up libpthread-stubs0-dev:amd64 (0.3-4) ...
Setting up fonts-dejavu-core (2.37-1) ...
Setting up libatspi2.0-0:amd64 (2.28.0-1) ...
Setting up libasound2-data (1.1.3-5ubuntu0.2) ...
Setting up libxshmfence1:amd64 (1.3-1) ...
Setting up xorg-sgml-doctools (1:1.11-1) ...
Setting up java-common (0.68ubuntu1~18.04.1) ...
Setting up libgdk-pixbuf2.0-common (2.36.11-2) ...
Setting up libdatrie1:amd64 (0.2.10-7) ...
Setting up libgif7:amd64 (5.1.4-2ubuntu0.1) ...
Setting up libjpeg-turbo8:amd64 (1.5.2-0ubuntu5.18.04.3) ...
Setting up libglapi-mesa:amd64 (19.0.8-0ubuntu0~18.04.3) ...
Setting up libnspr4:amd64 (2:4.18-1ubuntu1) ...
Setting up x11proto-dev (2018.4-4) ...
Setting up libasound2:amd64 (1.1.3-5ubuntu0.2) ...
Setting up libgraphite2-3:amd64 (1.3.11-2) ...
Setting up libcroco3:amd64 (0.6.12-2) ...
Setting up libxcb-sync1:amd64 (1.13-2~ubuntu18.04) ...
Setting up libogg0:amd64 (1.3.2-1) ...
Setting up libatk1.0-data (2.28.1-1) ...
Setting up libx11-xcb1:amd64 (2:1.6.4-3ubuntu0.2) ...
Setting up libpixman-1-0:amd64 (0.34.0-2) ...
Setting up xtrans-dev (1.3.5-1) ...
Setting up libxdmcp-dev:amd64 (1:1.1.2-3) ...
Setting up libxxf86dga1:amd64 (2:1.1.4-1) ...
Setting up libatk1.0-0:amd64 (2.28.1-1) ...
Setting up libatk-bridge2.0-0:amd64 (2.26.2-1) ...
Setting up libfontenc1:amd64 (1:1.1.3-1) ...
Setting up libxcomposite1:amd64 (1:0.4.4-2) ...
Setting up libxcb-shm0:amd64 (1.13-2~ubuntu18.04) ...
Setting up libxpm4:amd64 (1:3.5.12-1) ...
Setting up libx11-doc (2:1.6.4-3ubuntu0.2) ...
Setting up libxcb-shape0:amd64 (1.13-2~ubuntu18.04) ...
Setting up libpciaccess0:amd64 (0.14-1) ...
Setting up libxrender1:amd64 (1:0.9.10-1) ...
Setting up libxv1:amd64 (2:1.0.11-1) ...
Setting up libsensors4:amd64 (1:3.4.0-4) ...
Setting up libdrm-radeon1:amd64 (2.4.97-1ubuntu1~18.04.1) ...
Setting up libthai-data (0.1.27-2) ...
Setting up libxxf86vm1:amd64 (1:1.1.4-1) ...
Setting up libdrm-nouveau2:amd64 (2.4.97-1ubuntu1~18.04.1) ...
Setting up fonts-dejavu-extra (2.37-1) ...
Setting up libvorbis0a:amd64 (1.3.5-4.2) ...
Setting up x11-common (1:7.7+19ubuntu7.1) ...
update-rc.d: warning: start and stop actions are no longer supported; falling back to defaults
Setting up hicolor-icon-theme (0.17-2) ...
Setting up libxrandr2:amd64 (2:1.5.1-1) ...
Setting up libavahi-common-data:amd64 (0.7-3.1ubuntu1.2) ...
Setting up libjpeg8:amd64 (8c-2ubuntu8) ...
Setting up fontconfig-config (2.12.6-0ubuntu2) ...
Setting up x11proto-core-dev (2018.4-4) ...
Setting up libflac8:amd64 (1.3.2-1) ...
Setting up libnss3:amd64 (2:3.35-2ubuntu2.5) ...
Setting up libharfbuzz0b:amd64 (1.7.2-1ubuntu1) ...
Setting up libtiff5:amd64 (4.0.9-5ubuntu0.3) ...
Setting up libxau-dev:amd64 (1:1.0.8-1) ...
Setting up libthai0:amd64 (0.1.27-2) ...
Setting up libxtst6:amd64 (2:1.2.3-1) ...
Setting up libdrm-intel1:amd64 (2.4.97-1ubuntu1~18.04.1) ...
Setting up libxcursor1:amd64 (1:1.1.15-1) ...
Setting up libice6:amd64 (2:1.0.9-2) ...
Setting up libxcb1-dev:amd64 (1.13-2~ubuntu18.04) ...
Setting up libavahi-common3:amd64 (0.7-3.1ubuntu1.2) ...
Setting up libx11-dev:amd64 (2:1.6.4-3ubuntu0.2) ...
Setting up libvorbisenc2:amd64 (1.3.5-4.2) ...
Setting up libfontconfig1:amd64 (2.12.6-0ubuntu2) ...
Setting up libsm6:amd64 (2:1.2.2-1) ...
Setting up at-spi2-core (2.28.0-1) ...
Setting up libgdk-pixbuf2.0-0:amd64 (2.36.11-2) ...
Setting up libgl1-mesa-dri:amd64 (19.0.8-0ubuntu0~18.04.3) ...
Setting up libgdk-pixbuf2.0-bin (2.36.11-2) ...
Setting up libsndfile1:amd64 (1.0.28-4ubuntu0.18.04.1) ...
Setting up gtk-update-icon-cache (3.22.30-1ubuntu4) ...
Setting up libice-dev:amd64 (2:1.0.9-2) ...
Setting up libxt6:amd64 (1:1.1.5-1) ...
Setting up libavahi-client3:amd64 (0.7-3.1ubuntu1.2) ...
Setting up libxft2:amd64 (2.3.2-1) ...
Setting up fontconfig (2.12.6-0ubuntu2) ...
Regenerating fonts cache... done.
Setting up libglx-mesa0:amd64 (19.0.8-0ubuntu0~18.04.3) ...
Setting up libcups2:amd64 (2.2.7-1ubuntu2.7) ...
Setting up libcairo2:amd64 (1.15.10-2ubuntu0.1) ...
Setting up libsm-dev:amd64 (2:1.2.2-1) ...
Setting up libpulse0:amd64 (1:11.1-1ubuntu7.2) ...
Setting up libxmu6:amd64 (2:1.1.2-2) ...
Setting up libpango-1.0-0:amd64 (1.40.14-1ubuntu0.1) ...
Setting up libglx0:amd64 (1.0.0-2ubuntu2.3) ...
Setting up libxaw7:amd64 (2:1.0.13-1) ...
Setting up libxt-dev:amd64 (1:1.1.5-1) ...
Setting up libpangoft2-1.0-0:amd64 (1.40.14-1ubuntu0.1) ...
Setting up libgl1:amd64 (1.0.0-2ubuntu2.3) ...
Setting up x11-utils (7.7+3build1) ...
Setting up libpangocairo-1.0-0:amd64 (1.40.14-1ubuntu0.1) ...
Setting up libgl1-mesa-glx:amd64 (19.0.8-0ubuntu0~18.04.3) ...
Setting up libatk-wrapper-java (0.33.3-20ubuntu0.1) ...
Setting up librsvg2-2:amd64 (2.40.20-2) ...
Setting up librsvg2-common:amd64 (2.40.20-2) ...
Setting up libatk-wrapper-java-jni:amd64 (0.33.3-20ubuntu0.1) ...
Setting up adwaita-icon-theme (3.28.0-1ubuntu1) ...
update-alternatives: using /usr/share/icons/Adwaita/cursor.theme to provide /usr/share/icons/default/index.theme (x-cursor-theme) in auto mode
Setting up libgtk2.0-0:amd64 (2.24.32-1ubuntu1) ...
Setting up ca-certificates-java (20180516ubuntu1~18.04.1) ...
head: cannot open '/etc/ssl/certs/java/cacerts' for reading: No such file or directory
Adding debian:TUBITAK_Kamu_SM_SSL_Kok_Sertifikasi_-_Surum_1.pem
Adding debian:SSL.com_EV_Root_Certification_Authority_RSA_R2.pem
Adding debian:GeoTrust_Primary_Certification_Authority_-_G3.pem
Adding debian:GlobalSign_ECC_Root_CA_-_R5.pem
Adding debian:OISTE_WISeKey_Global_Root_GB_CA.pem
Adding debian:T-TeleSec_GlobalRoot_Class_3.pem
Adding debian:ACCVRAIZ1.pem
Adding debian:USERTrust_ECC_Certification_Authority.pem
Adding debian:GeoTrust_Primary_Certification_Authority_-_G2.pem
Adding debian:Cybertrust_Global_Root.pem
Adding debian:Certplus_Root_CA_G2.pem
Adding debian:Entrust_Root_Certification_Authority.pem
Adding debian:DigiCert_Global_Root_G2.pem
Adding debian:TrustCor_RootCert_CA-2.pem
Adding debian:Security_Communication_RootCA2.pem
Adding debian:QuoVadis_Root_CA_2_G3.pem
Adding debian:Trustis_FPS_Root_CA.pem
Adding debian:IdenTrust_Public_Sector_Root_CA_1.pem
Adding debian:SZAFIR_ROOT_CA2.pem
Adding debian:thawte_Primary_Root_CA_-_G2.pem
Adding debian:GlobalSign_ECC_Root_CA_-_R4.pem
Adding debian:AddTrust_External_Root.pem
Adding debian:VeriSign_Universal_Root_Certification_Authority.pem
Adding debian:SSL.com_Root_Certification_Authority_RSA.pem
Adding debian:TWCA_Root_Certification_Authority.pem
Adding debian:QuoVadis_Root_CA_1_G3.pem
Adding debian:Security_Communication_Root_CA.pem
Adding debian:IdenTrust_Commercial_Root_CA_1.pem
Adding debian:COMODO_ECC_Certification_Authority.pem
Adding debian:CFCA_EV_ROOT.pem
Adding debian:Staat_der_Nederlanden_Root_CA_-_G3.pem
Adding debian:SecureSign_RootCA11.pem
Adding debian:DigiCert_High_Assurance_EV_Root_CA.pem
Adding debian:QuoVadis_Root_CA.pem
Adding debian:Hellenic_Academic_and_Research_Institutions_RootCA_2015.pem
Adding debian:Amazon_Root_CA_4.pem
Adding debian:XRamp_Global_CA_Root.pem
Adding debian:VeriSign_Class_3_Public_Primary_Certification_Authority_-_G4.pem
Adding debian:GDCA_TrustAUTH_R5_ROOT.pem
Adding debian:Network_Solutions_Certificate_Authority.pem
Adding debian:Izenpe.com.pem
Adding debian:VeriSign_Class_3_Public_Primary_Certification_Authority_-_G5.pem
Adding debian:Starfield_Services_Root_Certificate_Authority_-_G2.pem
Adding debian:Global_Chambersign_Root_-_2008.pem
Adding debian:Certplus_Root_CA_G1.pem
Adding debian:GeoTrust_Primary_Certification_Authority.pem
Adding debian:GeoTrust_Global_CA.pem
Adding debian:LuxTrust_Global_Root_2.pem
Adding debian:GeoTrust_Universal_CA.pem
Adding debian:ePKI_Root_Certification_Authority.pem
Adding debian:TeliaSonera_Root_CA_v1.pem
Adding debian:TWCA_Global_Root_CA.pem
Adding debian:QuoVadis_Root_CA_3.pem
Adding debian:EE_Certification_Centre_Root_CA.pem
Adding debian:EC-ACC.pem
Adding debian:GlobalSign_Root_CA_-_R3.pem
Adding debian:AffirmTrust_Networking.pem
Adding debian:thawte_Primary_Root_CA_-_G3.pem
Adding debian:T-TeleSec_GlobalRoot_Class_2.pem
Adding debian:AffirmTrust_Commercial.pem
Adding debian:NetLock_Arany_=Class_Gold=_Fotanstvny.pem
Adding debian:certSIGN_ROOT_CA.pem
Adding debian:COMODO_Certification_Authority.pem
Adding debian:GlobalSign_Root_CA.pem
Adding debian:Entrust_Root_Certification_Authority_-_EC1.pem
Adding debian:Secure_Global_CA.pem
Adding debian:Buypass_Class_2_Root_CA.pem
Adding debian:CA_Disig_Root_R2.pem
Adding debian:DigiCert_Trusted_Root_G4.pem
Adding debian:GlobalSign_Root_CA_-_R2.pem
Adding debian:Certigna.pem
Adding debian:DigiCert_Assured_ID_Root_CA.pem
Adding debian:Amazon_Root_CA_3.pem
Adding debian:Sonera_Class_2_Root_CA.pem
Adding debian:Certinomis_-_Root_CA.pem
Adding debian:GeoTrust_Universal_CA_2.pem
Adding debian:OpenTrust_Root_CA_G3.pem
Adding debian:Autoridad_de_Certificacion_Firmaprofesional_CIF_A62634068.pem
Adding debian:TRKTRUST_Elektronik_Sertifika_Hizmet_Saglayicisi_H5.pem
Adding debian:AffirmTrust_Premium.pem
Adding debian:QuoVadis_Root_CA_2.pem
Adding debian:AffirmTrust_Premium_ECC.pem
Adding debian:TrustCor_ECA-1.pem
Adding debian:Certum_Trusted_Network_CA.pem
Adding debian:Chambers_of_Commerce_Root_-_2008.pem
Adding debian:E-Tugra_Certification_Authority.pem
Adding debian:AC_RAIZ_FNMT-RCM.pem
Adding debian:Visa_eCommerce_Root.pem
Adding debian:Starfield_Root_Certificate_Authority_-_G2.pem
Adding debian:DigiCert_Global_Root_G3.pem
Adding debian:SwissSign_Gold_CA_-_G2.pem
Adding debian:Taiwan_GRCA.pem
Adding debian:DigiCert_Assured_ID_Root_G3.pem
Adding debian:SSL.com_EV_Root_Certification_Authority_ECC.pem
Adding debian:OISTE_WISeKey_Global_Root_GA_CA.pem
Adding debian:Starfield_Class_2_CA.pem
Adding debian:Staat_der_Nederlanden_EV_Root_CA.pem
Adding debian:Amazon_Root_CA_2.pem
Adding debian:Go_Daddy_Root_Certificate_Authority_-_G2.pem
Adding debian:Buypass_Class_3_Root_CA.pem
Adding debian:COMODO_RSA_Certification_Authority.pem
Adding debian:SwissSign_Silver_CA_-_G2.pem
Adding debian:OpenTrust_Root_CA_G2.pem
Adding debian:Go_Daddy_Class_2_CA.pem
Adding debian:Comodo_AAA_Services_root.pem
Adding debian:TrustCor_RootCert_CA-1.pem
Adding debian:Baltimore_CyberTrust_Root.pem
Adding debian:Hellenic_Academic_and_Research_Institutions_ECC_RootCA_2015.pem
Adding debian:Certum_Trusted_Network_CA_2.pem
Adding debian:Certplus_Class_2_Primary_CA.pem
Adding debian:USERTrust_RSA_Certification_Authority.pem
Adding debian:D-TRUST_Root_Class_3_CA_2_EV_2009.pem
Adding debian:SecureTrust_CA.pem
Adding debian:Microsec_e-Szigno_Root_CA_2009.pem
Adding debian:SSL.com_Root_Certification_Authority_ECC.pem
Adding debian:Deutsche_Telekom_Root_CA_2.pem
Adding debian:DigiCert_Assured_ID_Root_G2.pem
Adding debian:OpenTrust_Root_CA_G1.pem
Adding debian:D-TRUST_Root_Class_3_CA_2_2009.pem
Adding debian:DST_Root_CA_X3.pem
Adding debian:Atos_TrustedRoot_2011.pem
Adding debian:Hellenic_Academic_and_Research_Institutions_RootCA_2011.pem
Adding debian:ISRG_Root_X1.pem
Adding debian:Staat_der_Nederlanden_Root_CA_-_G2.pem
Adding debian:Amazon_Root_CA_1.pem
Adding debian:Actalis_Authentication_Root_CA.pem
Adding debian:Entrust.net_Premium_2048_Secure_Server_CA.pem
Adding debian:Verisign_Class_3_Public_Primary_Certification_Authority_-_G3.pem
Adding debian:thawte_Primary_Root_CA.pem
Adding debian:Entrust_Root_Certification_Authority_-_G2.pem
Adding debian:DigiCert_Global_Root_CA.pem
Adding debian:Hongkong_Post_Root_CA_1.pem
Adding debian:QuoVadis_Root_CA_3_G3.pem
done.
Setting up libgail18:amd64 (2.24.32-1ubuntu1) ...
Setting up libgail-common:amd64 (2.24.32-1ubuntu1) ...
Setting up humanity-icon-theme (0.6.15) ...
Setting up libgtk2.0-bin (2.24.32-1ubuntu1) ...
Setting up ubuntu-mono (16.10+18.04.20181005-0ubuntu1) ...
Processing triggers for libc-bin (2.27-3ubuntu1) ...
Processing triggers for systemd (237-3ubuntu10.29) ...
Processing triggers for man-db (2.8.3-2ubuntu0.1) ...
Processing triggers for ca-certificates (20180409) ...
Updating certificates in /etc/ssl/certs...
0 added, 0 removed; done.
Running hooks in /etc/ca-certificates/update.d...

done.
done.
Setting up openjdk-8-jre-headless:amd64 (8u222-b10-1ubuntu1~18.04.1) ...
update-alternatives: using /usr/lib/jvm/java-8-openjdk-amd64/jre/bin/rmid to provide /usr/bin/rmid (rmid) in auto mode
update-alternatives: using /usr/lib/jvm/java-8-openjdk-amd64/jre/bin/hsdb to provide /usr/bin/hsdb (hsdb) in auto mode
update-alternatives: using /usr/lib/jvm/java-8-openjdk-amd64/jre/bin/java to provide /usr/bin/java (java) in auto mode
update-alternatives: using /usr/lib/jvm/java-8-openjdk-amd64/jre/bin/clhsdb to provide /usr/bin/clhsdb (clhsdb) in auto mode
update-alternatives: using /usr/lib/jvm/java-8-openjdk-amd64/jre/bin/keytool to provide /usr/bin/keytool (keytool) in auto mode
update-alternatives: using /usr/lib/jvm/java-8-openjdk-amd64/jre/bin/jjs to provide /usr/bin/jjs (jjs) in auto mode
update-alternatives: using /usr/lib/jvm/java-8-openjdk-amd64/jre/bin/pack200 to provide /usr/bin/pack200 (pack200) in auto mode
update-alternatives: using /usr/lib/jvm/java-8-openjdk-amd64/jre/bin/rmiregistry to provide /usr/bin/rmiregistry (rmiregistry) in auto mode
update-alternatives: using /usr/lib/jvm/java-8-openjdk-amd64/jre/bin/unpack200 to provide /usr/bin/unpack200 (unpack200) in auto mode
update-alternatives: using /usr/lib/jvm/java-8-openjdk-amd64/jre/bin/orbd to provide /usr/bin/orbd (orbd) in auto mode
update-alternatives: using /usr/lib/jvm/java-8-openjdk-amd64/jre/bin/servertool to provide /usr/bin/servertool (servertool) in auto mode
update-alternatives: using /usr/lib/jvm/java-8-openjdk-amd64/jre/bin/tnameserv to provide /usr/bin/tnameserv (tnameserv) in auto mode
update-alternatives: using /usr/lib/jvm/java-8-openjdk-amd64/jre/lib/jexec to provide /usr/bin/jexec (jexec) in auto mode
Processing triggers for mime-support (3.60ubuntu1) ...
Processing triggers for ureadahead (0.100.0-21) ...
Setting up openjdk-8-jdk-headless:amd64 (8u222-b10-1ubuntu1~18.04.1) ...
update-alternatives: using /usr/lib/jvm/java-8-openjdk-amd64/bin/idlj to provide /usr/bin/idlj (idlj) in auto mode
update-alternatives: using /usr/lib/jvm/java-8-openjdk-amd64/bin/jdeps to provide /usr/bin/jdeps (jdeps) in auto mode
update-alternatives: using /usr/lib/jvm/java-8-openjdk-amd64/bin/wsimport to provide /usr/bin/wsimport (wsimport) in auto mode
update-alternatives: using /usr/lib/jvm/java-8-openjdk-amd64/bin/jinfo to provide /usr/bin/jinfo (jinfo) in auto mode
update-alternatives: using /usr/lib/jvm/java-8-openjdk-amd64/bin/jsadebugd to provide /usr/bin/jsadebugd (jsadebugd) in auto mode
update-alternatives: using /usr/lib/jvm/java-8-openjdk-amd64/bin/native2ascii to provide /usr/bin/native2ascii (native2ascii) in auto mode
update-alternatives: using /usr/lib/jvm/java-8-openjdk-amd64/bin/jstat to provide /usr/bin/jstat (jstat) in auto mode
update-alternatives: using /usr/lib/jvm/java-8-openjdk-amd64/bin/javadoc to provide /usr/bin/javadoc (javadoc) in auto mode
update-alternatives: using /usr/lib/jvm/java-8-openjdk-amd64/bin/javah to provide /usr/bin/javah (javah) in auto mode
update-alternatives: using /usr/lib/jvm/java-8-openjdk-amd64/bin/jstack to provide /usr/bin/jstack (jstack) in auto mode
update-alternatives: using /usr/lib/jvm/java-8-openjdk-amd64/bin/jrunscript to provide /usr/bin/jrunscript (jrunscript) in auto mode
update-alternatives: using /usr/lib/jvm/java-8-openjdk-amd64/bin/javac to provide /usr/bin/javac (javac) in auto mode
update-alternatives: using /usr/lib/jvm/java-8-openjdk-amd64/bin/jhat to provide /usr/bin/jhat (jhat) in auto mode
update-alternatives: using /usr/lib/jvm/java-8-openjdk-amd64/bin/javap to provide /usr/bin/javap (javap) in auto mode
update-alternatives: using /usr/lib/jvm/java-8-openjdk-amd64/bin/jar to provide /usr/bin/jar (jar) in auto mode
update-alternatives: using /usr/lib/jvm/java-8-openjdk-amd64/bin/extcheck to provide /usr/bin/extcheck (extcheck) in auto mode
update-alternatives: using /usr/lib/jvm/java-8-openjdk-amd64/bin/schemagen to provide /usr/bin/schemagen (schemagen) in auto mode
update-alternatives: using /usr/lib/jvm/java-8-openjdk-amd64/bin/jps to provide /usr/bin/jps (jps) in auto mode
update-alternatives: using /usr/lib/jvm/java-8-openjdk-amd64/bin/xjc to provide /usr/bin/xjc (xjc) in auto mode
update-alternatives: using /usr/lib/jvm/java-8-openjdk-amd64/bin/rmic to provide /usr/bin/rmic (rmic) in auto mode
update-alternatives: using /usr/lib/jvm/java-8-openjdk-amd64/bin/jstatd to provide /usr/bin/jstatd (jstatd) in auto mode
update-alternatives: using /usr/lib/jvm/java-8-openjdk-amd64/bin/jdb to provide /usr/bin/jdb (jdb) in auto mode
update-alternatives: using /usr/lib/jvm/java-8-openjdk-amd64/bin/serialver to provide /usr/bin/serialver (serialver) in auto mode
update-alternatives: using /usr/lib/jvm/java-8-openjdk-amd64/bin/wsgen to provide /usr/bin/wsgen (wsgen) in auto mode
update-alternatives: using /usr/lib/jvm/java-8-openjdk-amd64/bin/jcmd to provide /usr/bin/jcmd (jcmd) in auto mode
update-alternatives: using /usr/lib/jvm/java-8-openjdk-amd64/bin/jarsigner to provide /usr/bin/jarsigner (jarsigner) in auto mode
update-alternatives: using /usr/lib/jvm/java-8-openjdk-amd64/bin/jmap to provide /usr/bin/jmap (jmap) in auto mode
Setting up openjdk-8-jre:amd64 (8u222-b10-1ubuntu1~18.04.1) ...
update-alternatives: using /usr/lib/jvm/java-8-openjdk-amd64/jre/bin/policytool to provide /usr/bin/policytool (policytool) in auto mode
Setting up openjdk-8-jdk:amd64 (8u222-b10-1ubuntu1~18.04.1) ...
update-alternatives: using /usr/lib/jvm/java-8-openjdk-amd64/bin/appletviewer to provide /usr/bin/appletviewer (appletviewer) in auto mode
update-alternatives: using /usr/lib/jvm/java-8-openjdk-amd64/bin/jconsole to provide /usr/bin/jconsole (jconsole) in auto mode
Processing triggers for libgdk-pixbuf2.0-0:amd64 (2.36.11-2) ...
Processing triggers for libc-bin (2.27-3ubuntu1) ...
ubuntu@ip-172-31-6-143:/usr/lib$ cd jvm/
ubuntu@ip-172-31-6-143:/usr/lib/jvm$ ls -ltr
total 4
lrwxrwxrwx 1 root root   20 Jul 18 18:52 java-1.8.0-openjdk-amd64 -> java-8-openjdk-amd64
drwxr-xr-x 7 root root 4096 Dec  4 08:35 java-8-openjdk-amd64
ubuntu@ip-172-31-6-143:/usr/lib/jvm$ java -version
openjdk version "1.8.0_222"
OpenJDK Runtime Environment (build 1.8.0_222-8u222-b10-1ubuntu1~18.04.1-b10)
OpenJDK 64-Bit Server VM (build 25.222-b10, mixed mode)

ubuntu@ip-172-31-6-143:~$ sudo apt install maven
Reading package lists... Done
Building dependency tree
Reading state information... Done
The following additional packages will be installed:
  libaopalliance-java libapache-pom-java libatinject-jsr330-api-java libcdi-api-java libcommons-cli-java libcommons-io-java libcommons-lang3-java libcommons-parent-java
  libgeronimo-annotation-1.3-spec-java libgeronimo-interceptor-3.0-spec-java libguava-java libguice-java libhawtjni-runtime-java libjansi-java libjansi-native-java libjsr305-java
  libmaven-parent-java libmaven-resolver-java libmaven-shared-utils-java libmaven3-core-java libplexus-cipher-java libplexus-classworlds-java libplexus-component-annotations-java
  libplexus-interpolation-java libplexus-sec-dispatcher-java libplexus-utils2-java libsisu-inject-java libsisu-plexus-java libslf4j-java libwagon-file-java libwagon-http-shaded-java
  libwagon-provider-api-java
Suggested packages:
  libaopalliance-java-doc libatinject-jsr330-api-java-doc libservlet3.1-java libcommons-io-java-doc libcommons-lang3-java-doc libasm-java libcglib-java libjsr305-java-doc
  libmaven-shared-utils-java-doc liblogback-java libplexus-cipher-java-doc libplexus-classworlds-java-doc libplexus-interpolation-java-doc libplexus-sec-dispatcher-java-doc
  libplexus-utils2-java-doc junit4 testng libcommons-logging-java liblog4j1.2-java
The following NEW packages will be installed:
  libaopalliance-java libapache-pom-java libatinject-jsr330-api-java libcdi-api-java libcommons-cli-java libcommons-io-java libcommons-lang3-java libcommons-parent-java
  libgeronimo-annotation-1.3-spec-java libgeronimo-interceptor-3.0-spec-java libguava-java libguice-java libhawtjni-runtime-java libjansi-java libjansi-native-java libjsr305-java
  libmaven-parent-java libmaven-resolver-java libmaven-shared-utils-java libmaven3-core-java libplexus-cipher-java libplexus-classworlds-java libplexus-component-annotations-java
  libplexus-interpolation-java libplexus-sec-dispatcher-java libplexus-utils2-java libsisu-inject-java libsisu-plexus-java libslf4j-java libwagon-file-java libwagon-http-shaded-java
  libwagon-provider-api-java maven
0 upgraded, 33 newly installed, 0 to remove and 54 not upgraded.
Need to get 8916 kB of archives.
After this operation, 11.8 MB of additional disk space will be used.
Do you want to continue? [Y/n] y
Get:1 http://ap-south-1.ec2.archive.ubuntu.com/ubuntu bionic/universe amd64 libapache-pom-java all 18-1 [4720 B]
Get:2 http://ap-south-1.ec2.archive.ubuntu.com/ubuntu bionic/universe amd64 libatinject-jsr330-api-java all 1.0+ds1-5 [5348 B]
Get:3 http://ap-south-1.ec2.archive.ubuntu.com/ubuntu bionic/universe amd64 libgeronimo-interceptor-3.0-spec-java all 1.0.1-4fakesync [8616 B]
Get:4 http://ap-south-1.ec2.archive.ubuntu.com/ubuntu bionic/universe amd64 libcdi-api-java all 1.2-2 [54.5 kB]
Get:5 http://ap-south-1.ec2.archive.ubuntu.com/ubuntu bionic/universe amd64 libcommons-cli-java all 1.4-1 [53.8 kB]
Get:6 http://ap-south-1.ec2.archive.ubuntu.com/ubuntu bionic/universe amd64 libcommons-parent-java all 43-1 [10.8 kB]
Get:7 http://ap-south-1.ec2.archive.ubuntu.com/ubuntu bionic/universe amd64 libcommons-io-java all 2.6-2 [198 kB]
Get:8 http://ap-south-1.ec2.archive.ubuntu.com/ubuntu bionic-updates/universe amd64 libcommons-lang3-java all 3.8-1~18.04.2 [479 kB]
Get:9 http://ap-south-1.ec2.archive.ubuntu.com/ubuntu bionic/universe amd64 libgeronimo-annotation-1.3-spec-java all 1.0-1 [10.7 kB]
Get:10 http://ap-south-1.ec2.archive.ubuntu.com/ubuntu bionic/universe amd64 libjsr305-java all 0.1~+svn49-10 [26.5 kB]
Get:11 http://ap-south-1.ec2.archive.ubuntu.com/ubuntu bionic/universe amd64 libguava-java all 19.0-1 [2028 kB]
Get:12 http://ap-south-1.ec2.archive.ubuntu.com/ubuntu bionic/universe amd64 libaopalliance-java all 20070526-6 [9084 B]
Get:13 http://ap-south-1.ec2.archive.ubuntu.com/ubuntu bionic/universe amd64 libguice-java all 4.0-4 [853 kB]
Get:14 http://ap-south-1.ec2.archive.ubuntu.com/ubuntu bionic/universe amd64 libhawtjni-runtime-java all 1.15-2 [27.1 kB]
Get:15 http://ap-south-1.ec2.archive.ubuntu.com/ubuntu bionic/universe amd64 libjansi-native-java all 1.7-1 [19.4 kB]
Get:16 http://ap-south-1.ec2.archive.ubuntu.com/ubuntu bionic/universe amd64 libjansi-java all 1.16-1 [36.2 kB]
Get:17 http://ap-south-1.ec2.archive.ubuntu.com/ubuntu bionic-updates/universe amd64 libmaven-parent-java all 31-2~18.04 [5196 B]
Get:18 http://ap-south-1.ec2.archive.ubuntu.com/ubuntu bionic/universe amd64 libplexus-utils2-java all 3.0.24-3 [246 kB]
Get:19 http://ap-south-1.ec2.archive.ubuntu.com/ubuntu bionic/universe amd64 libwagon-provider-api-java all 3.0.0-2 [48.2 kB]
Get:20 http://ap-south-1.ec2.archive.ubuntu.com/ubuntu bionic-updates/universe amd64 libmaven-resolver-java all 1.3.1-1~18.04 [549 kB]
Get:21 http://ap-south-1.ec2.archive.ubuntu.com/ubuntu bionic-updates/universe amd64 libmaven-shared-utils-java all 3.3.0-1~18.04 [149 kB]
Get:22 http://ap-south-1.ec2.archive.ubuntu.com/ubuntu bionic/universe amd64 libplexus-cipher-java all 1.7-3 [15.1 kB]
Get:23 http://ap-south-1.ec2.archive.ubuntu.com/ubuntu bionic/universe amd64 libplexus-classworlds-java all 2.5.2-2 [49.3 kB]
Get:24 http://ap-south-1.ec2.archive.ubuntu.com/ubuntu bionic/universe amd64 libplexus-component-annotations-java all 1.7.1-7 [6596 B]
Get:25 http://ap-south-1.ec2.archive.ubuntu.com/ubuntu bionic/universe amd64 libplexus-interpolation-java all 1.24-1 [73.4 kB]
Get:26 http://ap-south-1.ec2.archive.ubuntu.com/ubuntu bionic/universe amd64 libplexus-sec-dispatcher-java all 1.4-3 [28.0 kB]
Get:27 http://ap-south-1.ec2.archive.ubuntu.com/ubuntu bionic/universe amd64 libslf4j-java all 1.7.25-3 [141 kB]
Get:28 http://ap-south-1.ec2.archive.ubuntu.com/ubuntu bionic/universe amd64 libsisu-inject-java all 0.3.2-2 [346 kB]
Get:29 http://ap-south-1.ec2.archive.ubuntu.com/ubuntu bionic/universe amd64 libsisu-plexus-java all 0.3.3-3 [182 kB]
Get:30 http://ap-south-1.ec2.archive.ubuntu.com/ubuntu bionic-updates/universe amd64 libmaven3-core-java all 3.6.0-1~18.04.1 [1465 kB]
Get:31 http://ap-south-1.ec2.archive.ubuntu.com/ubuntu bionic/universe amd64 libwagon-file-java all 3.0.0-2 [7960 B]
Get:32 http://ap-south-1.ec2.archive.ubuntu.com/ubuntu bionic/universe amd64 libwagon-http-shaded-java all 3.0.0-2 [1757 kB]
Get:33 http://ap-south-1.ec2.archive.ubuntu.com/ubuntu bionic-updates/universe amd64 maven all 3.6.0-1~18.04.1 [22.4 kB]
Fetched 8916 kB in 3s (2582 kB/s)
Extracting templates from packages: 100%
Selecting previously unselected package libapache-pom-java.
(Reading database ... 72497 files and directories currently installed.)
Preparing to unpack .../00-libapache-pom-java_18-1_all.deb ...
Unpacking libapache-pom-java (18-1) ...
Selecting previously unselected package libatinject-jsr330-api-java.
Preparing to unpack .../01-libatinject-jsr330-api-java_1.0+ds1-5_all.deb ...
Unpacking libatinject-jsr330-api-java (1.0+ds1-5) ...
Selecting previously unselected package libgeronimo-interceptor-3.0-spec-java.
Preparing to unpack .../02-libgeronimo-interceptor-3.0-spec-java_1.0.1-4fakesync_all.deb ...
Unpacking libgeronimo-interceptor-3.0-spec-java (1.0.1-4fakesync) ...
Selecting previously unselected package libcdi-api-java.
Preparing to unpack .../03-libcdi-api-java_1.2-2_all.deb ...
Unpacking libcdi-api-java (1.2-2) ...
Selecting previously unselected package libcommons-cli-java.
Preparing to unpack .../04-libcommons-cli-java_1.4-1_all.deb ...
Unpacking libcommons-cli-java (1.4-1) ...
Selecting previously unselected package libcommons-parent-java.
Preparing to unpack .../05-libcommons-parent-java_43-1_all.deb ...
Unpacking libcommons-parent-java (43-1) ...
Selecting previously unselected package libcommons-io-java.
Preparing to unpack .../06-libcommons-io-java_2.6-2_all.deb ...
Unpacking libcommons-io-java (2.6-2) ...
Selecting previously unselected package libcommons-lang3-java.
Preparing to unpack .../07-libcommons-lang3-java_3.8-1~18.04.2_all.deb ...
Unpacking libcommons-lang3-java (3.8-1~18.04.2) ...
Selecting previously unselected package libgeronimo-annotation-1.3-spec-java.
Preparing to unpack .../08-libgeronimo-annotation-1.3-spec-java_1.0-1_all.deb ...
Unpacking libgeronimo-annotation-1.3-spec-java (1.0-1) ...
Selecting previously unselected package libjsr305-java.
Preparing to unpack .../09-libjsr305-java_0.1~+svn49-10_all.deb ...
Unpacking libjsr305-java (0.1~+svn49-10) ...
Selecting previously unselected package libguava-java.
Preparing to unpack .../10-libguava-java_19.0-1_all.deb ...
Unpacking libguava-java (19.0-1) ...
Selecting previously unselected package libaopalliance-java.
Preparing to unpack .../11-libaopalliance-java_20070526-6_all.deb ...
Unpacking libaopalliance-java (20070526-6) ...
Selecting previously unselected package libguice-java.
Preparing to unpack .../12-libguice-java_4.0-4_all.deb ...
Unpacking libguice-java (4.0-4) ...
Selecting previously unselected package libhawtjni-runtime-java.
Preparing to unpack .../13-libhawtjni-runtime-java_1.15-2_all.deb ...
Unpacking libhawtjni-runtime-java (1.15-2) ...
Selecting previously unselected package libjansi-native-java.
Preparing to unpack .../14-libjansi-native-java_1.7-1_all.deb ...
Unpacking libjansi-native-java (1.7-1) ...
Selecting previously unselected package libjansi-java.
Preparing to unpack .../15-libjansi-java_1.16-1_all.deb ...
Unpacking libjansi-java (1.16-1) ...
Selecting previously unselected package libmaven-parent-java.
Preparing to unpack .../16-libmaven-parent-java_31-2~18.04_all.deb ...
Unpacking libmaven-parent-java (31-2~18.04) ...
Selecting previously unselected package libplexus-utils2-java.
Preparing to unpack .../17-libplexus-utils2-java_3.0.24-3_all.deb ...
Unpacking libplexus-utils2-java (3.0.24-3) ...
Selecting previously unselected package libwagon-provider-api-java.
Preparing to unpack .../18-libwagon-provider-api-java_3.0.0-2_all.deb ...
Unpacking libwagon-provider-api-java (3.0.0-2) ...
Selecting previously unselected package libmaven-resolver-java.
Preparing to unpack .../19-libmaven-resolver-java_1.3.1-1~18.04_all.deb ...
Unpacking libmaven-resolver-java (1.3.1-1~18.04) ...
Selecting previously unselected package libmaven-shared-utils-java.
Preparing to unpack .../20-libmaven-shared-utils-java_3.3.0-1~18.04_all.deb ...
Unpacking libmaven-shared-utils-java (3.3.0-1~18.04) ...
Selecting previously unselected package libplexus-cipher-java.
Preparing to unpack .../21-libplexus-cipher-java_1.7-3_all.deb ...
Unpacking libplexus-cipher-java (1.7-3) ...
Selecting previously unselected package libplexus-classworlds-java.
Preparing to unpack .../22-libplexus-classworlds-java_2.5.2-2_all.deb ...
Unpacking libplexus-classworlds-java (2.5.2-2) ...
Selecting previously unselected package libplexus-component-annotations-java.
Preparing to unpack .../23-libplexus-component-annotations-java_1.7.1-7_all.deb ...
Unpacking libplexus-component-annotations-java (1.7.1-7) ...
Selecting previously unselected package libplexus-interpolation-java.
Preparing to unpack .../24-libplexus-interpolation-java_1.24-1_all.deb ...
Unpacking libplexus-interpolation-java (1.24-1) ...
Selecting previously unselected package libplexus-sec-dispatcher-java.
Preparing to unpack .../25-libplexus-sec-dispatcher-java_1.4-3_all.deb ...
Unpacking libplexus-sec-dispatcher-java (1.4-3) ...
Selecting previously unselected package libslf4j-java.
Preparing to unpack .../26-libslf4j-java_1.7.25-3_all.deb ...
Unpacking libslf4j-java (1.7.25-3) ...
Selecting previously unselected package libsisu-inject-java.
Preparing to unpack .../27-libsisu-inject-java_0.3.2-2_all.deb ...
Unpacking libsisu-inject-java (0.3.2-2) ...
Selecting previously unselected package libsisu-plexus-java.
Preparing to unpack .../28-libsisu-plexus-java_0.3.3-3_all.deb ...
Unpacking libsisu-plexus-java (0.3.3-3) ...
Selecting previously unselected package libmaven3-core-java.
Preparing to unpack .../29-libmaven3-core-java_3.6.0-1~18.04.1_all.deb ...
Unpacking libmaven3-core-java (3.6.0-1~18.04.1) ...
Selecting previously unselected package libwagon-file-java.
Preparing to unpack .../30-libwagon-file-java_3.0.0-2_all.deb ...
Unpacking libwagon-file-java (3.0.0-2) ...
Selecting previously unselected package libwagon-http-shaded-java.
Preparing to unpack .../31-libwagon-http-shaded-java_3.0.0-2_all.deb ...
Unpacking libwagon-http-shaded-java (3.0.0-2) ...
Selecting previously unselected package maven.
Preparing to unpack .../32-maven_3.6.0-1~18.04.1_all.deb ...
Unpacking maven (3.6.0-1~18.04.1) ...
Setting up libslf4j-java (1.7.25-3) ...
Setting up libplexus-classworlds-java (2.5.2-2) ...
Setting up libhawtjni-runtime-java (1.15-2) ...
Setting up libplexus-cipher-java (1.7-3) ...
Setting up libplexus-interpolation-java (1.24-1) ...
Setting up libplexus-component-annotations-java (1.7.1-7) ...
Setting up libplexus-utils2-java (3.0.24-3) ...
Setting up libwagon-provider-api-java (3.0.0-2) ...
Setting up libjsr305-java (0.1~+svn49-10) ...
Setting up libgeronimo-interceptor-3.0-spec-java (1.0.1-4fakesync) ...
Setting up libmaven-resolver-java (1.3.1-1~18.04) ...
Setting up libjansi-native-java (1.7-1) ...
Setting up libwagon-http-shaded-java (3.0.0-2) ...
Setting up libapache-pom-java (18-1) ...
Setting up libatinject-jsr330-api-java (1.0+ds1-5) ...
Setting up libmaven-parent-java (31-2~18.04) ...
Setting up libaopalliance-java (20070526-6) ...
Setting up libgeronimo-annotation-1.3-spec-java (1.0-1) ...
Setting up libcommons-cli-java (1.4-1) ...
Setting up libplexus-sec-dispatcher-java (1.4-3) ...
Setting up libjansi-java (1.16-1) ...
Setting up libguava-java (19.0-1) ...
Setting up libwagon-file-java (3.0.0-2) ...
Setting up libcommons-parent-java (43-1) ...
Setting up libcdi-api-java (1.2-2) ...
Setting up libcommons-lang3-java (3.8-1~18.04.2) ...
Setting up libcommons-io-java (2.6-2) ...
Setting up libguice-java (4.0-4) ...
Setting up libmaven-shared-utils-java (3.3.0-1~18.04) ...
Setting up libsisu-inject-java (0.3.2-2) ...
Setting up libsisu-plexus-java (0.3.3-3) ...
Setting up libmaven3-core-java (3.6.0-1~18.04.1) ...
Setting up maven (3.6.0-1~18.04.1) ...
update-alternatives: using /usr/share/maven/bin/mvn to provide /usr/bin/mvn (mvn) in auto mode
ubuntu@ip-172-31-6-143:~$ mvn -v
Apache Maven 3.6.0
Maven home: /usr/share/maven
Java version: 1.8.0_222, vendor: Private Build, runtime: /usr/lib/jvm/java-8-openjdk-amd64/jre
Default locale: en, platform encoding: UTF-8
OS name: "linux", version: "4.15.0-1051-aws", arch: "amd64", family: "unix"
ubuntu@ip-172-31-6-143:~$ wget -q -O - https://pkg.jenkins.io/debian/jenkins.io.key | sudo apt-key add -
OK
ubuntu@ip-172-31-6-143:~$ sudo sh -c 'echo deb http://pkg.jenkins.io/debian-stable binary/ > /etc/apt/sources.list.d/jenkins.list'
ubuntu@ip-172-31-6-143:~$ sudo apt update
Hit:1 http://ap-south-1.ec2.archive.ubuntu.com/ubuntu bionic InRelease
Hit:2 http://ap-south-1.ec2.archive.ubuntu.com/ubuntu bionic-updates InRelease
Hit:3 http://security.ubuntu.com/ubuntu bionic-security InRelease
Ign:4 http://pkg.jenkins.io/debian-stable binary/ InRelease
Hit:5 http://ap-south-1.ec2.archive.ubuntu.com/ubuntu bionic-backports InRelease
Get:6 http://pkg.jenkins.io/debian-stable binary/ Release [2042 B]
Get:7 http://pkg.jenkins.io/debian-stable binary/ Release.gpg [181 B]
Get:8 http://pkg.jenkins.io/debian-stable binary/ Packages [16.0 kB]
Fetched 18.2 kB in 1s (14.5 kB/s)
Reading package lists... Done
Building dependency tree
Reading state information... Done
54 packages can be upgraded. Run 'apt list --upgradable' to see them.

ubuntu@ip-172-31-6-143:~$ sudo apt install jenkins
Reading package lists... Done
Building dependency tree
Reading state information... Done
The following additional packages will be installed:
  daemon
The following NEW packages will be installed:
  daemon jenkins
0 upgraded, 2 newly installed, 0 to remove and 54 not upgraded.
Need to get 77.9 MB of archives.
After this operation, 78.6 MB of additional disk space will be used.
Do you want to continue? [Y/n] y
Get:1 http://ap-south-1.ec2.archive.ubuntu.com/ubuntu bionic/universe amd64 daemon amd64 0.6.4-1build1 [99.5 kB]
Get:2 http://pkg.jenkins.io/debian-stable binary/ jenkins 2.190.3 [77.8 MB]
Fetched 77.9 MB in 49s (1578 kB/s)
Selecting previously unselected package daemon.
(Reading database ... 73426 files and directories currently installed.)
Preparing to unpack .../daemon_0.6.4-1build1_amd64.deb ...
Unpacking daemon (0.6.4-1build1) ...
Selecting previously unselected package jenkins.
Preparing to unpack .../jenkins_2.190.3_all.deb ...
Unpacking jenkins (2.190.3) ...
Setting up daemon (0.6.4-1build1) ...
Setting up jenkins (2.190.3) ...
Processing triggers for systemd (237-3ubuntu10.29) ...
Processing triggers for man-db (2.8.3-2ubuntu0.1) ...
Processing triggers for ureadahead (0.100.0-21) ...
ubuntu@ip-172-31-6-143:~$ systemctl status jenkins
? jenkins.service - LSB: Start Jenkins at boot time
   Loaded: loaded (/etc/init.d/jenkins; generated)
   Active: active (exited) since Wed 2019-12-04 08:38:12 UTC; 9s ago
     Docs: man:systemd-sysv-generator(8)
    Tasks: 0 (limit: 4703)
   CGroup: /system.slice/jenkins.service

Dec 04 08:38:11 ip-172-31-6-143 systemd[1]: Starting LSB: Start Jenkins at boot time...
Dec 04 08:38:11 ip-172-31-6-143 jenkins[8506]: Correct java version found
Dec 04 08:38:11 ip-172-31-6-143 jenkins[8506]:  * Starting Jenkins Automation Server jenkins
Dec 04 08:38:11 ip-172-31-6-143 su[8556]: Successful su for jenkins by root
Dec 04 08:38:11 ip-172-31-6-143 su[8556]: + ??? root:jenkins
Dec 04 08:38:11 ip-172-31-6-143 su[8556]: pam_unix(su:session): session opened for user jenkins by (uid=0)
Dec 04 08:38:11 ip-172-31-6-143 su[8556]: pam_unix(su:session): session closed for user jenkins
Dec 04 08:38:12 ip-172-31-6-143 jenkins[8506]:    ...done.
Dec 04 08:38:12 ip-172-31-6-143 systemd[1]: Started LSB: Start Jenkins at boot time.
ubuntu@ip-172-31-6-143:~$ ps -eaf|grep jenkins
jenkins   8558     1  0 08:38 ?        00:00:00 /lib/systemd/systemd --user
jenkins   8559  8558  0 08:38 ?        00:00:00 (sd-pam)
jenkins   8575     1  0 08:38 ?        00:00:00 /usr/bin/daemon --name=jenkins --inherit --env=JENKINS_HOME=/var/lib/jenkins --output=/var/log/jenkins/jenkins.log --pidfile=/var/run/jenkin /jenkins.pid -- /usr/bin/java -Djava.awt.headless=true -jar /usr/share/jenkins/jenkins.war --webroot=/var/cache/jenkins/war --httpPort=8080
jenkins   8576  8575 59 08:38 ?        00:00:26 /usr/bin/java -Djava.awt.headless=true -jar /usr/share/jenkins/jenkins.war --webroot=/var/cache/jenkins/war --httpPort=8080
ubuntu    8964  1392  0 08:38 pts/0    00:00:00 grep --color=auto jenkins
ubuntu@ip-172-31-6-143:~$ cat /var/lib/jenkins/secrets/initialAdminPassword
cat: /var/lib/jenkins/secrets/initialAdminPassword: Permission denied
ubuntu@ip-172-31-6-143:~$ sudo cat /var/lib/jenkins/secrets/initialAdminPassword
39628a34b6da4b94b4b2215d95323b99

ubuntu@ip-172-31-6-143:~$
login as: ubutu
Server refused our key
login as: ubuntu
Authenticating with public key "imported-openssh-key"
Welcome to Ubuntu 18.04.3 LTS (GNU/Linux 4.15.0-1051-aws x86_64)

 * Documentation:  https://help.ubuntu.com
 * Management:     https://landscape.canonical.com
 * Support:        https://ubuntu.com/advantage

  System information as of Wed Dec  4 09:07:44 UTC 2019

  System load:  0.32              Processes:           107
  Usage of /:   30.3% of 7.69GB   Users logged in:     1
  Memory usage: 22%               IP address for eth0: 172.31.6.143
  Swap usage:   0%


58 packages can be updated.
38 updates are security updates.


Last login: Wed Dec  4 09:04:54 2019 from 120.138.124.122
ubuntu@ip-172-31-6-143:~$ mkdir -p $HOME/.kube
ubuntu@ip-172-31-6-143:~$ sudo cp -i /etc/kubernetes/admin.conf $HOME/.kube/config
ubuntu@ip-172-31-6-143:~$ sudo chown $(id -u):$(id -g) $HOME/.kube/config
ubuntu@ip-172-31-6-143:~$ kubectl apply --filename https://git.io/weave-kube-1.6
serviceaccount/weave-net created
clusterrole.rbac.authorization.k8s.io/weave-net created
clusterrolebinding.rbac.authorization.k8s.io/weave-net created
role.rbac.authorization.k8s.io/weave-net created
rolebinding.rbac.authorization.k8s.io/weave-net created
unable to recognize no matches for kind "DaemonSet" in version "extensions/v1beta1"
ubuntu@ip-172-31-6-143:~$ kubectl get nodes
NAME              STATUS     ROLES    AGE     VERSION
ip-172-31-6-143   NotReady   master   2m12s   v1.16.3


ubuntu@ip-172-31-6-143:~$  kubectl get nodes
NAME              STATUS     ROLES    AGE     VERSION
ip-172-31-6-143   NotReady   master   9m34s   v1.16.3
ip-172-31-9-121   NotReady   <none>   46s     v1.16.3
ubuntu@ip-172-31-6-143:~$ kubectl apply --filename https://git.io/weave-kube-1.6
serviceaccount/weave-net unchanged
clusterrole.rbac.authorization.k8s.io/weave-net unchanged
clusterrolebinding.rbac.authorization.k8s.io/weave-net unchanged
role.rbac.authorization.k8s.io/weave-net unchanged
rolebinding.rbac.authorization.k8s.io/weave-net unchanged
unable to recognize no matches for kind "DaemonSet" in version "extensions/v1beta1"
ubuntu@ip-172-31-6-143:~$ kubectl get nodes
NAME              STATUS     ROLES    AGE   VERSION
ip-172-31-6-143   NotReady   master   10m   v1.16.3
ip-172-31-9-121   NotReady   <none>   94s   v1.16.3
ubuntu@ip-172-31-6-143:~$


*********************************************************************************************************************************************************************************************************
ON MINION Instance:-


root@ip-172-31-9-121:/home/ubuntu# snap install kubeadm
error: This revision of snap "kubeadm" was published using classic confinement and thus may perform
       arbitrary system changes outside of the security sandbox that snaps are usually confined to,
       which may put your system at risk.

       If you understand and want to proceed repeat the command including --classic.
root@ip-172-31-9-121:/home/ubuntu# apt-get update && apt-get install -y apt-transport-https
Hit:1 http://ap-south-1.ec2.archive.ubuntu.com/ubuntu bionic InRelease
Get:2 http://security.ubuntu.com/ubuntu bionic-security InRelease [88.7 kB]
Get:3 http://ap-south-1.ec2.archive.ubuntu.com/ubuntu bionic-updates InRelease [88.7 kB]
Get:4 http://ap-south-1.ec2.archive.ubuntu.com/ubuntu bionic-backports InRelease [74.6 kB]
Get:5 http://ap-south-1.ec2.archive.ubuntu.com/ubuntu bionic/universe amd64 Packages [8570 kB]
Get:6 http://security.ubuntu.com/ubuntu bionic-security/main amd64 Packages [590 kB]
Get:7 http://security.ubuntu.com/ubuntu bionic-security/main Translation-en [194 kB]
Get:8 http://security.ubuntu.com/ubuntu bionic-security/restricted amd64 Packages [14.6 kB]
Get:9 http://security.ubuntu.com/ubuntu bionic-security/restricted Translation-en [4600 B]
Get:10 http://security.ubuntu.com/ubuntu bionic-security/universe amd64 Packages [626 kB]
Get:11 http://security.ubuntu.com/ubuntu bionic-security/universe Translation-en [209 kB]
Get:12 http://security.ubuntu.com/ubuntu bionic-security/multiverse amd64 Packages [6116 B]
Get:13 http://security.ubuntu.com/ubuntu bionic-security/multiverse Translation-en [2600 B]
Get:14 http://ap-south-1.ec2.archive.ubuntu.com/ubuntu bionic/universe Translation-en [4941 kB]
Get:15 http://ap-south-1.ec2.archive.ubuntu.com/ubuntu bionic/multiverse amd64 Packages [151 kB]
Get:16 http://ap-south-1.ec2.archive.ubuntu.com/ubuntu bionic/multiverse Translation-en [108 kB]
Get:17 http://ap-south-1.ec2.archive.ubuntu.com/ubuntu bionic-updates/main amd64 Packages [814 kB]
Get:18 http://ap-south-1.ec2.archive.ubuntu.com/ubuntu bionic-updates/main Translation-en [287 kB]
Get:19 http://ap-south-1.ec2.archive.ubuntu.com/ubuntu bionic-updates/restricted amd64 Packages [23.4 kB]
Get:20 http://ap-south-1.ec2.archive.ubuntu.com/ubuntu bionic-updates/restricted Translation-en [6436 B]
Get:21 http://ap-south-1.ec2.archive.ubuntu.com/ubuntu bionic-updates/universe amd64 Packages [1032 kB]
Get:22 http://ap-south-1.ec2.archive.ubuntu.com/ubuntu bionic-updates/universe Translation-en [319 kB]
Get:23 http://ap-south-1.ec2.archive.ubuntu.com/ubuntu bionic-updates/multiverse amd64 Packages [8736 B]
Get:24 http://ap-south-1.ec2.archive.ubuntu.com/ubuntu bionic-updates/multiverse Translation-en [4080 B]
Get:25 http://ap-south-1.ec2.archive.ubuntu.com/ubuntu bionic-backports/main amd64 Packages [2512 B]
Get:26 http://ap-south-1.ec2.archive.ubuntu.com/ubuntu bionic-backports/main Translation-en [1644 B]
Get:27 http://ap-south-1.ec2.archive.ubuntu.com/ubuntu bionic-backports/universe amd64 Packages [4028 B]
Get:28 http://ap-south-1.ec2.archive.ubuntu.com/ubuntu bionic-backports/universe Translation-en [1856 B]
Fetched 18.2 MB in 6s (3210 kB/s)
Reading package lists... Done
Reading package lists... Done
Building dependency tree
Reading state information... Done
The following NEW packages will be installed:
  apt-transport-https
0 upgraded, 1 newly installed, 0 to remove and 54 not upgraded.
Need to get 1692 B of archives.
After this operation, 153 kB of additional disk space will be used.
Get:1 http://ap-south-1.ec2.archive.ubuntu.com/ubuntu bionic-updates/universe amd64 apt-transport-https all 1.6.12 [1692 B]
Fetched 1692 B in 0s (6298 B/s)
Selecting previously unselected package apt-transport-https.
(Reading database ... 56531 files and directories currently installed.)
Preparing to unpack .../apt-transport-https_1.6.12_all.deb ...
Unpacking apt-transport-https (1.6.12) ...
Setting up apt-transport-https (1.6.12) ...
root@ip-172-31-9-121:/home/ubuntu# curl -s https://packages.cloud.google.com/apt/doc/apt-key.gpg | apt-key add -
OK
root@ip-172-31-9-121:/home/ubuntu# cat <<EOF >/etc/apt/sources.list.d/kubernetes.list
> deb http://apt.kubernetes.io/ kubernetes-xenial main
> EOF
root@ip-172-31-9-121:/home/ubuntu# apt-get update
Hit:1 http://security.ubuntu.com/ubuntu bionic-security InRelease
Hit:2 http://ap-south-1.ec2.archive.ubuntu.com/ubuntu bionic InRelease
Hit:3 http://ap-south-1.ec2.archive.ubuntu.com/ubuntu bionic-updates InRelease
Hit:4 http://ap-south-1.ec2.archive.ubuntu.com/ubuntu bionic-backports InRelease
Get:5 https://packages.cloud.google.com/apt kubernetes-xenial InRelease [8993 B]
Get:6 https://packages.cloud.google.com/apt kubernetes-xenial/main amd64 Packages [31.3 kB]
Fetched 40.3 kB in 2s (22.4 kB/s)
Reading package lists... Done
root@ip-172-31-9-121:/home/ubuntu# apt-get install -y docker.io kubeadm kubectl kubelet kubernetes-cni
Reading package lists... Done
Building dependency tree
Reading state information... Done
The following additional packages will be installed:
  bridge-utils cgroupfs-mount conntrack containerd cri-tools pigz runc socat ubuntu-fan
Suggested packages:
  ifupdown aufs-tools debootstrap docker-doc rinse zfs-fuse | zfsutils
The following NEW packages will be installed:
  bridge-utils cgroupfs-mount conntrack containerd cri-tools docker.io kubeadm kubectl kubelet kubernetes-cni pigz runc socat ubuntu-fan
0 upgraded, 14 newly installed, 0 to remove and 54 not upgraded.
Need to get 106 MB of archives.
After this operation, 549 MB of additional disk space will be used.
Get:2 http://ap-south-1.ec2.archive.ubuntu.com/ubuntu bionic/universe amd64 pigz amd64 2.4-1 [57.4 kB]
Get:1 https://packages.cloud.google.com/apt kubernetes-xenial/main amd64 cri-tools amd64 1.13.0-00 [8776 kB]
Get:4 http://ap-south-1.ec2.archive.ubuntu.com/ubuntu bionic/main amd64 bridge-utils amd64 1.5-15ubuntu1 [30.1 kB]
Get:5 http://ap-south-1.ec2.archive.ubuntu.com/ubuntu bionic/universe amd64 cgroupfs-mount all 1.4 [6320 B]
Get:6 http://ap-south-1.ec2.archive.ubuntu.com/ubuntu bionic/main amd64 conntrack amd64 1:1.4.4+snapshot20161117-6ubuntu2 [30.6 kB]
Get:8 http://ap-south-1.ec2.archive.ubuntu.com/ubuntu bionic-updates/universe amd64 runc amd64 1.0.0~rc7+git20190403.029124da-0ubuntu1~18.04.2 [1903 kB]
Get:3 https://packages.cloud.google.com/apt kubernetes-xenial/main amd64 kubernetes-cni amd64 0.7.5-00 [6473 kB]
Get:11 http://ap-south-1.ec2.archive.ubuntu.com/ubuntu bionic-updates/universe amd64 containerd amd64 1.2.6-0ubuntu1~18.04.2 [19.4 MB]
Get:7 https://packages.cloud.google.com/apt kubernetes-xenial/main amd64 kubelet amd64 1.16.3-00 [20.7 MB]
Get:9 https://packages.cloud.google.com/apt kubernetes-xenial/main amd64 kubectl amd64 1.16.3-00 [9233 kB]
Get:10 https://packages.cloud.google.com/apt kubernetes-xenial/main amd64 kubeadm amd64 1.16.3-00 [8762 kB]
Get:12 http://ap-south-1.ec2.archive.ubuntu.com/ubuntu bionic-updates/universe amd64 docker.io amd64 18.09.7-0ubuntu1~18.04.4 [30.7 MB]
Get:13 http://ap-south-1.ec2.archive.ubuntu.com/ubuntu bionic/main amd64 socat amd64 1.7.3.2-2ubuntu2 [342 kB]
Get:14 http://ap-south-1.ec2.archive.ubuntu.com/ubuntu bionic/main amd64 ubuntu-fan all 0.12.10 [34.7 kB]
Fetched 106 MB in 16s (6600 kB/s)
Preconfiguring packages ...
Selecting previously unselected package pigz.
(Reading database ... 56535 files and directories currently installed.)
Preparing to unpack .../00-pigz_2.4-1_amd64.deb ...
Unpacking pigz (2.4-1) ...
Selecting previously unselected package bridge-utils.
Preparing to unpack .../01-bridge-utils_1.5-15ubuntu1_amd64.deb ...
Unpacking bridge-utils (1.5-15ubuntu1) ...
Selecting previously unselected package cgroupfs-mount.
Preparing to unpack .../02-cgroupfs-mount_1.4_all.deb ...
Unpacking cgroupfs-mount (1.4) ...
Selecting previously unselected package conntrack.
Preparing to unpack .../03-conntrack_1%3a1.4.4+snapshot20161117-6ubuntu2_amd64.deb ...
Unpacking conntrack (1:1.4.4+snapshot20161117-6ubuntu2) ...
Selecting previously unselected package runc.
Preparing to unpack .../04-runc_1.0.0~rc7+git20190403.029124da-0ubuntu1~18.04.2_amd64.deb ...
Unpacking runc (1.0.0~rc7+git20190403.029124da-0ubuntu1~18.04.2) ...
Selecting previously unselected package containerd.
Preparing to unpack .../05-containerd_1.2.6-0ubuntu1~18.04.2_amd64.deb ...
Unpacking containerd (1.2.6-0ubuntu1~18.04.2) ...
Selecting previously unselected package cri-tools.
Preparing to unpack .../06-cri-tools_1.13.0-00_amd64.deb ...
Unpacking cri-tools (1.13.0-00) ...
Selecting previously unselected package docker.io.
Preparing to unpack .../07-docker.io_18.09.7-0ubuntu1~18.04.4_amd64.deb ...
Unpacking docker.io (18.09.7-0ubuntu1~18.04.4) ...
Selecting previously unselected package kubernetes-cni.
Preparing to unpack .../08-kubernetes-cni_0.7.5-00_amd64.deb ...
Unpacking kubernetes-cni (0.7.5-00) ...
Selecting previously unselected package socat.
Preparing to unpack .../09-socat_1.7.3.2-2ubuntu2_amd64.deb ...
Unpacking socat (1.7.3.2-2ubuntu2) ...
Selecting previously unselected package kubelet.
Preparing to unpack .../10-kubelet_1.16.3-00_amd64.deb ...
Unpacking kubelet (1.16.3-00) ...
Selecting previously unselected package kubectl.
Preparing to unpack .../11-kubectl_1.16.3-00_amd64.deb ...
Unpacking kubectl (1.16.3-00) ...
Selecting previously unselected package kubeadm.
Preparing to unpack .../12-kubeadm_1.16.3-00_amd64.deb ...
Unpacking kubeadm (1.16.3-00) ...
Selecting previously unselected package ubuntu-fan.
Preparing to unpack .../13-ubuntu-fan_0.12.10_all.deb ...
Unpacking ubuntu-fan (0.12.10) ...
Setting up conntrack (1:1.4.4+snapshot20161117-6ubuntu2) ...
Setting up kubernetes-cni (0.7.5-00) ...
Setting up runc (1.0.0~rc7+git20190403.029124da-0ubuntu1~18.04.2) ...
Setting up cri-tools (1.13.0-00) ...
Setting up socat (1.7.3.2-2ubuntu2) ...
Setting up cgroupfs-mount (1.4) ...
Setting up containerd (1.2.6-0ubuntu1~18.04.2) ...
Created symlink /etc/systemd/system/multi-user.target.wants/containerd.service ? /lib/systemd/system/containerd.service.
Setting up bridge-utils (1.5-15ubuntu1) ...
Setting up kubelet (1.16.3-00) ...
Created symlink /etc/systemd/system/multi-user.target.wants/kubelet.service ? /lib/systemd/system/kubelet.service.
Setting up ubuntu-fan (0.12.10) ...
Created symlink /etc/systemd/system/multi-user.target.wants/ubuntu-fan.service ? /lib/systemd/system/ubuntu-fan.service.
Setting up kubectl (1.16.3-00) ...
Setting up kubeadm (1.16.3-00) ...
Setting up pigz (2.4-1) ...
Setting up docker.io (18.09.7-0ubuntu1~18.04.4) ...
Adding group `docker' (GID 115) ...
Done.
Created symlink /etc/systemd/system/sockets.target.wants/docker.socket ? /lib/systemd/system/docker.socket.
Processing triggers for systemd (237-3ubuntu10.29) ...
Processing triggers for man-db (2.8.3-2ubuntu0.1) ...
Processing triggers for ureadahead (0.100.0-21) ...
root@ip-172-31-9-121:/home/ubuntu# kubeadm join 172.31.6.143:6443 --token xs1s42.zpz7pspin14n20gf \
>     --discovery-token-ca-cert-hash sha256:0af20a97284de7ad6011816797bbfeb04d042acdd9ddef2bd51edce9a0118f02
[preflight] Running pre-flight checks
        [WARNING Service-Docker]: docker service is not enabled, please run 'systemctl enable docker.service'
        [WARNING IsDockerSystemdCheck]: detected "cgroupfs" as the Docker cgroup driver. The recommended driver is "systemd". Please follow the guide at https://kubernetes.io/docs/setup/cri/
[preflight] Reading configuration from the cluster...
[preflight] FYI: You can look at this config file with 'kubectl -n kube-system get cm kubeadm-config -oyaml'
[kubelet-start] Downloading configuration for the kubelet from the "kubelet-config-1.16" ConfigMap in the kube-system namespace
[kubelet-start] Writing kubelet configuration to file "/var/lib/kubelet/config.yaml"
[kubelet-start] Writing kubelet environment file with flags to file "/var/lib/kubelet/kubeadm-flags.env"
[kubelet-start] Activating the kubelet service
[kubelet-start] Waiting for the kubelet to perform the TLS Bootstrap...

This node has joined the cluster:
* Certificate signing request was sent to apiserver and a response was received.
* The Kubelet was informed of the new secure connection details.

Run 'kubectl get nodes' on the control-plane to see this node join the cluster.

*********************************************************************************************************************************************************************************************************

ubuntu@ip-172-31-6-143:~$ docker images
Got permission denied while trying to connect to the Docker daemon socket at unix:///var/run/docker.sock: Get http://%2Fvar%2Frun%2Fdocker.sock/v1.39/images/json: dial unix /var/run/docker.sock: connect: permission denied
ubuntu@ip-172-31-6-143:~$ sudo chmod 777 /var/run/docker.sock
ubuntu@ip-172-31-6-143:~$ docker images
REPOSITORY                           TAG                 IMAGE ID            CREATED             SIZE
k8s.gcr.io/kube-apiserver            v1.16.3             df60c7526a3d        2 weeks ago         217MB
k8s.gcr.io/kube-proxy                v1.16.3             9b65a0f78b09        2 weeks ago         86.1MB
k8s.gcr.io/kube-controller-manager   v1.16.3             bb16442bcd94        2 weeks ago         163MB
k8s.gcr.io/kube-scheduler            v1.16.3             98fecf43a54f        2 weeks ago         87.3MB
k8s.gcr.io/etcd                      3.3.15-0            b2756210eeab        3 months ago        247MB
k8s.gcr.io/coredns                   1.6.2               bf261d157914        3 months ago        44.1MB
k8s.gcr.io/pause                     3.1                 da86e6ba6ca1        23 months ago       742kB
ubuntu@ip-172-31-6-143:~$ pwd
/home/ubuntu

ubuntu@ip-172-31-6-143:~$ ls -la
total 40
drwxr-xr-x 6 ubuntu ubuntu 4096 Dec  4 09:12 .
drwxr-xr-x 3 root   root   4096 Dec  4 08:29 ..
-rw------- 1 ubuntu ubuntu 1268 Dec  4 09:22 .bash_history
-rw-r--r-- 1 ubuntu ubuntu  220 Apr  4  2018 .bash_logout
-rw-r--r-- 1 ubuntu ubuntu 3771 Apr  4  2018 .bashrc
drwx------ 2 ubuntu ubuntu 4096 Dec  4 08:29 .cache
drwx------ 3 ubuntu ubuntu 4096 Dec  4 08:29 .gnupg
drwxrwxr-x 4 ubuntu ubuntu 4096 Dec  4 09:12 .kube
-rw-r--r-- 1 ubuntu ubuntu  807 Apr  4  2018 .profile
drwx------ 2 ubuntu ubuntu 4096 Dec  4 08:29 .ssh
-rw-r--r-- 1 ubuntu ubuntu    0 Dec  4 08:30 .sudo_as_admin_successful

ubuntu@ip-172-31-6-143:~$ cd .kube/
cache/      http-cache/
ubuntu@ip-172-31-6-143:~$ cd .kube/
ubuntu@ip-172-31-6-143:~/.kube$ ls -ltr
total 16
-rw------- 1 ubuntu ubuntu 5448 Dec  4 09:12 config
drwxr-x--- 3 ubuntu ubuntu 4096 Dec  4 09:12 cache
drwxr-x--- 3 ubuntu ubuntu 4096 Dec  4 09:50 http-cache
ubuntu@ip-172-31-6-143:~/.kube$ more config
apiVersion: v1
clusters:
- cluster:
    certificate-authority-data: LS0tLS1CRUdJTiBDRVJUSUZJQ0FURS0tLS0tCk1JSUN5RENDQWJDZ0F3SUJBZ0lCQURBTkJna3Foa2lHOXcwQkFRc0ZBREFWTVJNd0VRWURWUVFERXdwcmRXSmwKY201bGRHVnpNQjRYRFRFNU1USXdOREE1T
VRBd04xb1hEVEk1TVRJd01UQTVNVEF3TjFvd0ZURVRNQkVHQTFVRQpBeE1LYTNWaVpYSnVaWFJsY3pDQ0FTSXdEUVlKS29aSWh2Y05BUUVCQlFBRGdnRVBBRENDQVFvQ2dnRUJBTERKCnVBbHBRazJWRUlXSlBBOXJGYmNGbHpuanNVWHAvTHAzeDJFYz
g2RXVsTUY3ZFI4dGpSREYwRkRVL0VBeWlaZmsKdDVFZE1IUUl4b1RzL1ZtM3h5dVYrOVZRT1F3MjdQNnpBM28xckNxeVJGSnJQQkdHZGN2cldQeFcrOU16c2NROAp0c1ZzOGc0MW9lcG8vUEc0L0pSQjVJNUNIWmxhWTBzMEVDU0xhcU1oSzZCKzZSNG9
XNExzc0pUK1NtdTR0R3Z1CmJ1eEhZd1ZTZ0xZSjZmZU9MYzN4UjJ0RVRoNU9SUDBrdmkyZjB1OWIzbW4waCtYUXRWakJaNHRKOVNhamVQWWYKRnFNeDI5NGVoek5tTkZpcGpaZXpoSlBVU3pEaldiN3VoV29GT3RRVXVVOW9PVXJEbHlRSy9NaFBGWDk1
d29XSgpTWXJUSGxqN1F2UkJKN21tdk5zQ0F3RUFBYU1qTUNFd0RnWURWUjBQQVFIL0JBUURBZ0trTUE4R0ExVWRFd0VCCi93UUZNQU1CQWY4d0RRWUpLb1pJaHZjTkFRRUxCUUFEZ2dFQkFDRlcyZklSTUg4S3l2RkVKY3NSa0EzY3FwK3gKUHNpTU4zc
HUwa3dtQ1c5VkZ3R3hRVHk4WWF4RU1kVWJta3lqcjJTL3pzWjY5QXloYWVXZVVCeGJGMHd4dk1nMwppdkF6UUllZ2NrS1oxSit1aHB4MVFucXltM2VuTHBNa09haEsrL21KR2M3VmY1cEVaSkM2ZmVWK2hMOXg2U045ClRIcE9HTjVKY1RONHZtWjJYUF
hySUc4U0RLQjhBcVQzOUc2R1FpRU91QW14RU4xaGVlL0RqT2Z0VVR3YWFBcy8KZTJZTUNrWk1EbG5PejkyZzN1WTU0SUJBRmNWZGZrbTBTdTlvdkl3Y2FDQStGWmt4L0psdHRTR0R4elV0ZVlWQgpqR1R0T3RvRHhCS1Fvbm1CVmJ2WkhzdzAxcTYyRU9
5d0hwWnhsclkzYmpkcHZIcml3VFBYRVpkdFoxcz0KLS0tLS1FTkQgQ0VSVElGSUNBVEUtLS0tLQo=
    server: https://172.31.6.143:6443
  name: kubernetes
contexts:
- context:
    cluster: kubernetes
    user: kubernetes-admin
  name: kubernetes-admin@kubernetes
current-context: kubernetes-admin@kubernetes
kind: Config
preferences: {}
users:
- name: kubernetes-admin
  user:
    client-certificate-data: LS0tLS1CRUdJTiBDRVJUSUZJQ0FURS0tLS0tCk1JSUM4akNDQWRxZ0F3SUJBZ0lJUlBTc3MwWnRtZUl3RFFZSktvWklodmNOQVFFTEJRQXdGVEVUTUJFR0ExVUUKQXhNS2EzVmlaWEp1WlhSbGN6QWVGdzB4T1RF
eU1EUXdPVEV3TURkYUZ3MHlNREV5TURNd09URXdNVEJhTURReApGekFWQmdOVkJBb1REbk41YzNSbGJUcHRZWE4wWlhKek1Sa3dGd1lEVlFRREV4QnJkV0psY201bGRHVnpMV0ZrCmJXbHVNSUlCSWpBTkJna3Foa2lHOXcwQkFRRUZBQU9DQVE4QU1JS
UJDZ0tDQVFFQXl6dE9nTHJ2eEYzakFvOVYKY2hVREF0Q3BYR0pNT21qMmZNWTY3ZUxMb2NITXVqUnlNSjlISmhhOVVtTmZzZC8wSkdoR1E2eHBYOE9CQ3VDSQpiRS9ud0hMOVFOYUZxTUk2QjlZQ3BCQ0Rxa290M2pmVFg4bHBzN0hzNGNENktmWk1rbj
hhWENuY0dUSEgxeDJ5CmljalFBbUdJZzZQYmtybUZGdEkzM29UaFRQUzVna2JyelZnYXZwS2hUQTBsdjE5aFpwSWlyMTFqQmNTaFlLdjEKaDRudnc5REJ0bGJsZktVTVduN3VjaWlOaDltZk53ZTMxa0dBM3plM1Awem1UZmpMOGlZWEh5NThTTEVRN1N
wUAo5eGgzem1xNVZRM0d1SWc1ZGlrY3RVL3ZpZUZFTDFlbnhoSmd6K2JMeFdCSDNtcXM4VCtLWDJtbmEyek9GMEFxCmxGbU1Cd0lEQVFBQm95Y3dKVEFPQmdOVkhROEJBZjhFQkFNQ0JhQXdFd1lEVlIwbEJBd3dDZ1lJS3dZQkJRVUgKQXdJd0RRWUpL
b1pJaHZjTkFRRUxCUUFEZ2dFQkFGQStKUUdSYUVzcHk5Skt5THArREtxaDJkOGVQNzJjd2VOdgpxdkQxbXMwcEt2QkNVWTR1MGRwdk4wN1BXZmtMQWxYcGxaME0veHZqK3dYRVdwcWpWNmxzVVpBNHNKeFNTb2x6CnZLYkxHVUw4aVFKV1hST1hWMy9ab
jBNWmtHWXhwbzRqcmpZcGUrRFFpeVBNUjRrWFRpYWZuWmhxY2p3MTZuaUYKYk80Vk9Za2RVV2FMS0padk51ZGUrNTYvc1RtSDlmcW54T1RVZVIyVEF5SnNvUkVSSUgrVk8zZXlUdFdCcDhLWQp4Qm9NbUttQUhiUTBOZEdGczlTVmpZVjNOTUhUL3dUdj
hHaGVSR3ZxaHRhZGxWbjVMWGY3ODJvcE1qaDNtL3pUCmRiZUJ2TEdCMTZBdjhLcnRNYUtMSFFFbDFvZ3JJQ3c1OUtWWmxrRVdMR3FjUzQ2TXRCYz0KLS0tLS1FTkQgQ0VSVElGSUNBVEUtLS0tLQo=
    client-key-data: LS0tLS1CRUdJTiBSU0EgUFJJVkFURSBLRVktLS0tLQpNSUlFb2dJQkFBS0NBUUVBeXp0T2dMcnZ4RjNqQW85VmNoVURBdENwWEdKTU9tajJmTVk2N2VMTG9jSE11alJ5Ck1KOUhKaGE5VW1OZnNkLzBKR2hHUTZ4cFg4T0JD
dUNJYkUvbndITDlRTmFGcU1JNkI5WUNwQkNEcWtvdDNqZlQKWDhscHM3SHM0Y0Q2S2ZaTWtuOGFYQ25jR1RISDF4MnlpY2pRQW1HSWc2UGJrcm1GRnRJMzNvVGhUUFM1Z2ticgp6VmdhdnBLaFRBMGx2MTloWnBJaXIxMWpCY1NoWUt2MWg0bnZ3OURCd
GxibGZLVU1Xbjd1Y2lpTmg5bWZOd2UzCjFrR0EzemUzUDB6bVRmakw4aVlYSHk1OFNMRVE3U3BQOXhoM3ptcTVWUTNHdUlnNWRpa2N0VS92aWVGRUwxZW4KeGhKZ3orYkx4V0JIM21xczhUK0tYMm1uYTJ6T0YwQXFsRm1NQndJREFRQUJBb0lCQUFmNU
JLUmlNUVBJRng3RApscnVKL1hzL3lsVVllaHNVZ1E3MkM5dkhPT3ZZbVhwNGtqNDhFV042SXVVM2hzcUltYUJRQXVtbXV0K0o0T2NYClZlTEI0N3FXQ0Q5aDZ3NXF5RElFZ0VnRmFkVGxZaFZFcFdNdG1KcjNFTzd1VGlJVlNuMjR4TVQyMDI2ZG1GUmw
KRXRyNjZNWWZJMmJlcDcrQ3phak9pR2lQVi9OWDJHanlxaXVrdmkxUUhLd052WDhHdEtvd0tzZGc4b2RZN3pMNwpWSzdkUzUrem9YSDdCYzNZRStnVzlWVzFiRnRGZUp4d2M4TzllbFVKZkZob3p1cmVETkdVdTRQY254Z25MQzR4CkJmOGVVUVZqV1Nu
UXpveG9HeEhxdGxqQTZvM1R3a0lNd2c5MDlUUHIvOEdqUHgyT0s5cXZjVGpHN01UdVgxNHYKbmtJSWFSa0NnWUVBeSswK2oxZFNMMFVsOXpRTWdCbG1ZekxJalJ1UU1VZmhRaHNKUlNRZ3RpYkI0aHV2NlM4SQpZTlJzSEhramR3M1RHKzgvNVJ6ZDJHM
St6RnRIbTZtRWVGQldHWWpSaUhlLzNsc1crTXhxN0RYSzB4Wk5hMG9mClc0ck1xck9MOEJzQTJkS2pnb2prWkRaNmRPK3U5SGlsTjJCaHgxMUlaZUVTTDV4dGVVK0VHQ3NDZ1lFQS95Q2cKR091Z1g4VGZFd2E4U1N0SGxnOTEyTzd2OUViQTl5Qzl0Tm
1CZU5lVXlJckdFdEhiQnVvT3Nnc1JCNnU2cG9tdwo1cmdTR2VlN3hGM2h0alp1THptMFprY3dqQzhjWU85YXR3cGlwelVFQTVwQzNDZ2xhTGlBWFZsYzZQU1NKSzVBCmJvQ3dEOVFta2pkRjZYajF6MzVxZDJsRnBTQitvbWcwVkJxbDhaVUNnWUFxQWN
qdFJoT0w0VGFjNFgvaHMxbS8KL1dvS2h5OEF0OG5URURhc28zQ0psUnBETldqYkkvRVo0U2dVQlhBa3loZytuTjRRbUEycTA0TlhIVVoyN2toMwpjRFVNTlg3VUdiYlFXdnMwYlFkcGVQczYyRkZDVkpaNUNQSjRCMXhBTFkvVFR1eVhxeE5CQVdmZ1Jx
OUhkTUt6CjBZclN3b2h6VkJXbThSWXI4eEZHMlFLQmdHbUNOWk40eG84MG5NaUNqWlY0NTVjQWQ4MHFLMlFMYXJ3STkwdDIKZEJ2a2sreEhyOWlTbnhFQjlPZmV1Y0ZCWE9TSXB2Y1RnckRoNi80dWtTekkzOUo1KzhnY2d0QkduMmJiTmRuaQoycCtwe
GlvelBwbExwUVRrNEhrNmZyajhnLy9WYkdJR3FFa3poR3dObmNVTE9DVUNjOGRFYXYvNkswVEE4WHNpCnRpUHRBb0dBUlBGd2g0bEFzY2EzSUxhbis1WFdkMklsUy9ScnJjSzR0WmVlaDhka0ZONkNwSjdkU3kvbFBsc2sKR05DNVAxYkgvOCtyRjR0bG
JpSkNCZFh1b2o3bTJYSm1GSkloTjcrcUcveUFuc1pFd1lLMlA2TUNSVzVLUjZNeQpubW1ncytVZmRmaTBxMWtGR0l1bFFEaFBjSXpsU0lYcDVodmtUNmp2ejIwSElyTEJpcEU9Ci0tLS0tRU5EIFJTQSBQUklWQVRFIEtFWS0tLS0tCg==
ubuntu@ip-172-31-6-143:~/.kube$ pwd
/home/ubuntu/.kube


ubuntu@ip-172-31-6-143:~/.kube$ kubectl get nodes
NAME              STATUS     ROLES    AGE   VERSION
ip-172-31-6-143   NotReady   master   69m   v1.16.3
ip-172-31-9-121   NotReady   <none>   60m   v1.16.3
ubuntu@ip-172-31-6-143:~/.kube$ kubectl get deployments
NAME                 READY   UP-TO-DATE   AVAILABLE   AGE
add-deployment       0/5     5            0           7m39s
search-deployment    0/5     5            0           7m40s
website-deployment   0/3     3            0           7m40s
ubuntu@ip-172-31-6-143:~/.kube$ kubectl get svc
NAME              TYPE        CLUSTER-IP       EXTERNAL-IP   PORT(S)          AGE
add-service       NodePort    10.104.127.108   <none>        8091:30810/TCP   8m1s
kubernetes        ClusterIP   10.96.0.1        <none>        443/TCP          70m
search-service    NodePort    10.101.1.11      <none>        8090:30809/TCP   8m2s
website-service   NodePort    10.100.144.10    <none>        8001:30801/TCP   8m2s

ubuntu@ip-172-31-6-143:~/.kube$ kubectl describe deployment website-deployment
Name:                   website-deployment
Namespace:              default
CreationTimestamp:      Wed, 04 Dec 2019 10:12:34 +0000
Labels:                 app=website-service
Annotations:            deployment.kubernetes.io/revision: 1
Selector:               app=website-service
Replicas:               3 desired | 3 updated | 3 total | 0 available | 3 unavailable
StrategyType:           RollingUpdate
MinReadySeconds:        0
RollingUpdateStrategy:  25% max unavailable, 25% max surge
Pod Template:
  Labels:  app=website-service
  Containers:
   website-service:
    Image:        srahulgurnule/website:0.9
    Port:         8001/TCP
    Host Port:    0/TCP
    Environment:  <none>
    Mounts:       <none>
  Volumes:        <none>
Conditions:
  Type           Status  Reason
  ----           ------  ------
  Available      False   MinimumReplicasUnavailable
  Progressing    False   ProgressDeadlineExceeded
OldReplicaSets:  <none>
NewReplicaSet:   website-deployment-79669f987 (3/3 replicas created)
Events:
  Type    Reason             Age   From                   Message
  ----    ------             ----  ----                   -------
  Normal  ScalingReplicaSet  10m   deployment-controller  Scaled up replica set website-deployment-79669f987 to 3

  ubuntu@ip-172-31-6-143:~/.kube$ kubectl get pods --all-namespaces
NAMESPACE     NAME                                      READY   STATUS    RESTARTS   AGE
default       add-deployment-74df644478-5tmj5           0/1     Pending   0          15m
default       add-deployment-74df644478-gl9bj           0/1     Pending   0          15m
default       add-deployment-74df644478-krcbs           0/1     Pending   0          15m
default       add-deployment-74df644478-nsxgv           0/1     Pending   0          15m
default       add-deployment-74df644478-nv8ng           0/1     Pending   0          15m
default       search-deployment-6c8977ff7b-btt55        0/1     Pending   0          15m
default       search-deployment-6c8977ff7b-fxdw4        0/1     Pending   0          15m
default       search-deployment-6c8977ff7b-q78js        0/1     Pending   0          15m
default       search-deployment-6c8977ff7b-v8krb        0/1     Pending   0          15m
default       search-deployment-6c8977ff7b-xhvcr        0/1     Pending   0          15m
default       website-deployment-79669f987-2gl5z        0/1     Pending   0          15m
default       website-deployment-79669f987-4jn8q        0/1     Pending   0          15m
default       website-deployment-79669f987-d4fbz        0/1     Pending   0          15m
kube-system   coredns-5644d7b6d9-bmpmf                  0/1     Pending   0          77m
kube-system   coredns-5644d7b6d9-xkjkv                  0/1     Pending   0          77m
kube-system   etcd-ip-172-31-6-143                      1/1     Running   1          76m
kube-system   kube-apiserver-ip-172-31-6-143            1/1     Running   1          76m
kube-system   kube-controller-manager-ip-172-31-6-143   1/1     Running   1          76m
kube-system   kube-proxy-bn9dz                          1/1     Running   1          77m
kube-system   kube-proxy-bx88g                          1/1     Running   1          69m
kube-system   kube-scheduler-ip-172-31-6-143            1/1     Running   1          76m

ubuntu@ip-172-31-6-143:~/.kube$ kubectl delete pods --all
pod "add-deployment-74df644478-5tmj5" deleted
pod "add-deployment-74df644478-gl9bj" deleted
pod "add-deployment-74df644478-krcbs" deleted
pod "add-deployment-74df644478-nsxgv" deleted
pod "add-deployment-74df644478-nv8ng" deleted
pod "search-deployment-6c8977ff7b-btt55" deleted
pod "search-deployment-6c8977ff7b-fxdw4" deleted
pod "search-deployment-6c8977ff7b-q78js" deleted
pod "search-deployment-6c8977ff7b-v8krb" deleted
pod "search-deployment-6c8977ff7b-xhvcr" deleted
pod "website-deployment-79669f987-2gl5z" deleted
pod "website-deployment-79669f987-4jn8q" deleted
pod "website-deployment-79669f987-d4fbz" deleted
ubuntu@ip-172-31-6-143:~/.kube$ kubectl de^C-all
ubuntu@ip-172-31-6-143:~/.kube$ kubectl delete deployment --all
deployment.apps "add-deployment" deleted
deployment.apps "search-deployment" deleted
deployment.apps "website-deployment" deleted

ubuntu@ip-172-31-6-143:~/.kube$ kubectl get pods --all-namespaces
NAMESPACE     NAME                                      READY   STATUS    RESTARTS   AGE
default       search-deployment-6899449856-6blv7        0/1     Pending   0          25s
default       search-deployment-6899449856-6pzz5        0/1     Pending   0          25s
default       search-deployment-6899449856-btjfk        0/1     Pending   0          25s
default       search-deployment-6899449856-jt7cj        0/1     Pending   0          25s
default       search-deployment-6899449856-rs6sw        0/1     Pending   0          25s
default       website-deployment-6f58856b9-4cjcv        0/1     Pending   0          25s
default       website-deployment-6f58856b9-4h54x        0/1     Pending   0          25s
default       website-deployment-6f58856b9-jxvtg        0/1     Pending   0          25s
kube-system   coredns-5644d7b6d9-bmpmf                  0/1     Pending   0          84m
kube-system   coredns-5644d7b6d9-xkjkv                  0/1     Pending   0          84m
kube-system   etcd-ip-172-31-6-143                      1/1     Running   1          83m
kube-system   kube-apiserver-ip-172-31-6-143            1/1     Running   1          83m
kube-system   kube-controller-manager-ip-172-31-6-143   1/1     Running   1          84m
kube-system   kube-proxy-bn9dz                          1/1     Running   1          84m
kube-system   kube-proxy-bx88g                          1/1     Running   1          76m
kube-system   kube-scheduler-ip-172-31-6-143            1/1     Running   1          83m

ubuntu@ip-172-31-6-143:~/.kube$ kubectl apply -f https://docs.projectcalico.org/v3.10/manifests/calico.yaml
configmap/calico-config created
customresourcedefinition.apiextensions.k8s.io/felixconfigurations.crd.projectcalico.org created
customresourcedefinition.apiextensions.k8s.io/ipamblocks.crd.projectcalico.org created
customresourcedefinition.apiextensions.k8s.io/blockaffinities.crd.projectcalico.org created
customresourcedefinition.apiextensions.k8s.io/ipamhandles.crd.projectcalico.org created
customresourcedefinition.apiextensions.k8s.io/ipamconfigs.crd.projectcalico.org created
customresourcedefinition.apiextensions.k8s.io/bgppeers.crd.projectcalico.org created
customresourcedefinition.apiextensions.k8s.io/bgpconfigurations.crd.projectcalico.org created
customresourcedefinition.apiextensions.k8s.io/ippools.crd.projectcalico.org created
customresourcedefinition.apiextensions.k8s.io/hostendpoints.crd.projectcalico.org created
customresourcedefinition.apiextensions.k8s.io/clusterinformations.crd.projectcalico.org created
customresourcedefinition.apiextensions.k8s.io/globalnetworkpolicies.crd.projectcalico.org created
customresourcedefinition.apiextensions.k8s.io/globalnetworksets.crd.projectcalico.org created
customresourcedefinition.apiextensions.k8s.io/networkpolicies.crd.projectcalico.org created
customresourcedefinition.apiextensions.k8s.io/networksets.crd.projectcalico.org created
clusterrole.rbac.authorization.k8s.io/calico-kube-controllers created
clusterrolebinding.rbac.authorization.k8s.io/calico-kube-controllers created
clusterrole.rbac.authorization.k8s.io/calico-node created
clusterrolebinding.rbac.authorization.k8s.io/calico-node created
daemonset.apps/calico-node created
serviceaccount/calico-node created
deployment.apps/calico-kube-controllers created
serviceaccount/calico-kube-controllers created

ubuntu@ip-172-31-6-143:~/.kube$ kubectl get nodes
NAME              STATUS     ROLES    AGE   VERSION
ip-172-31-6-143   NotReady   master   86m   v1.16.3
ip-172-31-9-121   NotReady   <none>   77m   v1.16.3
ubuntu@ip-172-31-6-143:~/.kube$ kubectl get deployments
NAME                 READY   UP-TO-DATE   AVAILABLE   AGE
search-deployment    0/5     5            0           110s
website-deployment   0/3     3            0           110s
ubuntu@ip-172-31-6-143:~/.kube$ kubectl get nodes
NAME              STATUS     ROLES    AGE   VERSION
ip-172-31-6-143   NotReady   master   86m   v1.16.3
ip-172-31-9-121   Ready      <none>   77m   v1.16.3
ubuntu@ip-172-31-6-143:~/.kube$ kubectl get nodes
NAME              STATUS   ROLES    AGE   VERSION
ip-172-31-6-143   Ready    master   86m   v1.16.3
ip-172-31-9-121   Ready    <none>   77m   v1.16.3
ubuntu@ip-172-31-6-143:~/.kube$ kubectl get deployments
NAME                 READY   UP-TO-DATE   AVAILABLE   AGE
search-deployment    0/5     5            0           2m10s
website-deployment   0/3     3            0           2m10s
ubuntu@ip-172-31-6-143:~/.kube$ kubectl get deployments
NAME                 READY   UP-TO-DATE   AVAILABLE   AGE
search-deployment    5/5     5            5           2m50s
website-deployment   3/3     3            3           2m50s
ubuntu@ip-172-31-6-143:~/.kube$ kubectl get pods
NAME                                 READY   STATUS    RESTARTS   AGE
search-deployment-6899449856-6blv7   1/1     Running   0          3m4s
search-deployment-6899449856-6pzz5   1/1     Running   0          3m4s
search-deployment-6899449856-btjfk   1/1     Running   0          3m4s
search-deployment-6899449856-jt7cj   1/1     Running   0          3m4s
search-deployment-6899449856-rs6sw   1/1     Running   0          3m4s
website-deployment-6f58856b9-4cjcv   1/1     Running   0          3m4s
website-deployment-6f58856b9-4h54x   1/1     Running   0          3m4s
website-deployment-6f58856b9-jxvtg   1/1     Running   0          3m4s
ubuntu@ip-172-31-6-143:~/.kube$ curl 10.101.1.11:8090/search
^C
ubuntu@ip-172-31-6-143:~/.kube$ kubectl get svc
NAME              TYPE        CLUSTER-IP       EXTERNAL-IP   PORT(S)          AGE
add-service       NodePort    10.104.127.108   <none>        8091:30810/TCP   26m
kubernetes        ClusterIP   10.96.0.1        <none>        443/TCP          88m
search-service    NodePort    10.101.1.11      <none>        8090:30809/TCP   26m
website-service   NodePort    10.100.144.10    <none>        8001:30801/TCP   26m
ubuntu@ip-172-31-6-143:~/.kube$ curl 10.101.1.11:8090/search
curl: (7) Failed to connect to 10.101.1.11 port 8090: Connection refused



ubuntu@ip-172-31-6-143:~$ kubectl get nodes
NAME              STATUS   ROLES    AGE    VERSION
ip-172-31-6-143   Ready    master   102m   v1.16.3
ip-172-31-9-121   Ready    <none>   93m    v1.16.3

ubuntu@ip-172-31-6-143:~$ kubectl get deployment
NAME                 READY   UP-TO-DATE   AVAILABLE   AGE
search-deployment    0/5     5            0           6m39s
website-deployment   0/3     3            0           6m39s
ubuntu@ip-172-31-6-143:~$ kubectl get svc
NAME              TYPE        CLUSTER-IP      EXTERNAL-IP   PORT(S)          AGE
kubernetes        ClusterIP   10.96.0.1       <none>        443/TCP          12m
search-service    NodePort    10.97.246.167   <none>        8090:30809/TCP   6m51s
website-service   NodePort    10.109.27.40    <none>        8001:30801/TCP   6m51s
ubuntu@ip-172-31-6-143:~$ kubectl get pods
NAME                                  READY   STATUS              RESTARTS   AGE
search-deployment-76c66f49f9-bmtq6    0/1     ContainerCreating   0          6m58s
search-deployment-76c66f49f9-cbpl5    0/1     ContainerCreating   0          6m58s
search-deployment-76c66f49f9-nqnh7    0/1     ContainerCreating   0          6m58s
search-deployment-76c66f49f9-qj87k    0/1     ContainerCreating   0          6m58s
search-deployment-76c66f49f9-tg6rq    0/1     ContainerCreating   0          6m58s
website-deployment-5864765c6b-c9trt   0/1     ContainerCreating   0          6m58s
website-deployment-5864765c6b-lzvls   0/1     ContainerCreating   0          6m58s
website-deployment-5864765c6b-vlqjz   0/1     ContainerCreating   0          6m58s

ubuntu@ip-172-31-6-143:~$ kubectl get nodes
NAME              STATUS   ROLES    AGE    VERSION
ip-172-31-6-143   Ready    master   103m   v1.16.3
ip-172-31-9-121   Ready    <none>   94m    v1.16.3
ubuntu@ip-172-31-6-143:~$ kubectl get pods
NAME                                  READY   STATUS              RESTARTS   AGE
search-deployment-76c66f49f9-bmtq6    1/1     Running             0          7m36s
search-deployment-76c66f49f9-cbpl5    1/1     Running             0          7m36s
search-deployment-76c66f49f9-nqnh7    0/1     ContainerCreating   0          7m36s
search-deployment-76c66f49f9-qj87k    1/1     Running             0          7m36s
search-deployment-76c66f49f9-tg6rq    0/1     ContainerCreating   0          7m36s
website-deployment-5864765c6b-c9trt   1/1     Running             0          7m36s
website-deployment-5864765c6b-lzvls   0/1     ContainerCreating   0          7m36s
website-deployment-5864765c6b-vlqjz   0/1     ContainerCreating   0          7m36s
ubuntu@ip-172-31-6-143:~$ kubectl get deployment
NAME                 READY   UP-TO-DATE   AVAILABLE   AGE
search-deployment    4/5     5            4           7m43s
website-deployment   3/3     3            3           7m43s
ubuntu@ip-172-31-6-143:~$ kubectl get deployment
NAME                 READY   UP-TO-DATE   AVAILABLE   AGE
search-deployment    5/5     5            5           8m29s
website-deployment   3/3     3            3           8m29s
ubuntu@ip-172-31-6-143:~$ kubectl get pods
NAME                                  READY   STATUS    RESTARTS   AGE
search-deployment-76c66f49f9-bmtq6    1/1     Running   0          8m31s
search-deployment-76c66f49f9-cbpl5    1/1     Running   0          8m31s
search-deployment-76c66f49f9-nqnh7    1/1     Running   0          8m31s
search-deployment-76c66f49f9-qj87k    1/1     Running   0          8m31s
search-deployment-76c66f49f9-tg6rq    1/1     Running   0          8m31s
website-deployment-5864765c6b-c9trt   1/1     Running   0          8m31s
website-deployment-5864765c6b-lzvls   1/1     Running   0          8m31s
website-deployment-5864765c6b-vlqjz   1/1     Running   0          8m31s
ubuntu@ip-172-31-6-143:~$ kubectl get svc
NAME              TYPE        CLUSTER-IP      EXTERNAL-IP   PORT(S)          AGE
kubernetes        ClusterIP   10.96.0.1       <none>        443/TCP          14m
search-service    NodePort    10.97.246.167   <none>        8090:30809/TCP   8m37s
website-service   NodePort    10.109.27.40    <none>        8001:30801/TCP   8m37s
ubuntu@ip-172-31-6-143:~$ curl 10.97.246.167:8090
curl: (7) Failed to connect to 10.97.246.167 port 8090: Connection refused
ubuntu@ip-172-31-6-143:~$ curl 10.97.246.167:8090/search
curl: (7) Failed to connect to 10.97.246.167 port 8090: Connection refused
ubuntu@ip-172-31-6-143:~$
ubuntu@ip-172-31-6-143:~$
ubuntu@ip-172-31-6-143:~$ curl 10.109.27.40:8001/website
curl: (7) Failed to connect to 10.109.27.40 port 8001: Connection refused
ubuntu@ip-172-31-6-143:~$ kubectl describe pod search-deployment-76c66f49f9-bmtq6
Name:         search-deployment-76c66f49f9-bmtq6
Namespace:    default
Priority:     0
Node:         ip-172-31-9-121/172.31.9.121
Start Time:   Wed, 04 Dec 2019 10:52:36 +0000
Labels:       app=search-service
              pod-template-hash=76c66f49f9
Annotations:  cni.projectcalico.org/podIP: 192.168.163.12/32
Status:       Running
IP:           192.168.163.12
IPs:
  IP:           192.168.163.12
Controlled By:  ReplicaSet/search-deployment-76c66f49f9
Containers:
  search-service:
    Container ID:   docker://975c2a4ec6c22266ab2ee3d900d267b3340feb6de238e1f95e3eab733913c55f
    Image:          srahulgurnule/search:0.11
    Image ID:       docker-pullable://srahulgurnule/search@sha256:961f8cab2af6e7a33be71cf536bafd36c1754decff822536d57b85154798cdb5
    Port:           8090/TCP
    Host Port:      0/TCP
    State:          Running
      Started:      Wed, 04 Dec 2019 10:53:44 +0000
    Ready:          True
    Restart Count:  0
    Environment:    <none>
    Mounts:
      /var/run/secrets/kubernetes.io/serviceaccount from default-token-cmrvm (ro)
Conditions:
  Type              Status
  Initialized       True
  Ready             False
  ContainersReady   True
  PodScheduled      True
Volumes:
  default-token-cmrvm:
    Type:        Secret (a volume populated by a Secret)
    SecretName:  default-token-cmrvm
    Optional:    false
QoS Class:       BestEffort
Node-Selectors:  <none>
Tolerations:     node.kubernetes.io/not-ready:NoExecute for 300s
                 node.kubernetes.io/unreachable:NoExecute for 300s
Events:
  Type     Reason                  Age                From                      Message
  ----     ------                  ----               ----                      -------
  Warning  FailedScheduling        12m (x3 over 12m)  default-scheduler         0/2 nodes are available: 2 node(s) had taints that the pod didn't tolerate.
  Warning  FailedScheduling        5m51s              default-scheduler         0/2 nodes are available: 2 node(s) had taints that the pod didn't tolerate.
  Normal   Scheduled               5m49s              default-scheduler         Successfully assigned default/search-deployment-76c66f49f9-bmtq6 to ip-172-31-9-121
  Warning  FailedCreatePodSandBox  4m47s              kubelet, ip-172-31-9-121  Failed create pod sandbox: rpc error: code = Unknown desc = [failed to set up sandbox container "21231a81f19e9ec18263ea2464187abd8086554d136bc238bf773414dd37c387" network for pod "search-deployment-76c66f49f9-bmtq6": networkPlugin cni failed to set up pod "search-deployment-76c66f49f9-bmtq6_default" network: error getting ClusterInformation: Get https://[10.96.0.1]:443/apis/crd.projectcalico.org/v1/clusterinformations/default: dial tcp 10.96.0.1:443: i/o timeout, failed to clean up sandbox container "21231a81f19e9ec18263ea2464187abd8086554d136bc238bf773414dd37c387" network for pod "search-deployment-76c66f49f9-bmtq6": networkPlugin cni failed to teardown pod "search-deployment-76c66f49f9-bmtq6_default" network: error getting ClusterInformation: Get https://[10.96.0.1]:443/apis/crd.projectcalico.org/v1/clusterinformations/default: dial tcp 10.96.0.1:443: i/o timeout]
  Normal   SandboxChanged          4m47s              kubelet, ip-172-31-9-121  Pod sandbox changed, it will be killed and re-created.
  Normal   Pulling                 4m46s              kubelet, ip-172-31-9-121  Pulling image "srahulgurnule/search:0.11"
  Normal   Pulled                  4m42s              kubelet, ip-172-31-9-121  Successfully pulled image "srahulgurnule/search:0.11"
  Normal   Created                 4m41s              kubelet, ip-172-31-9-121  Created container search-service
  Normal   Started                 4m41s              kubelet, ip-172-31-9-121  Started container search-service
ubuntu@ip-172-31-6-143:~$ kubectl get nodes
NAME              STATUS     ROLES    AGE    VERSION
ip-172-31-6-143   Ready      master   110m   v1.16.3
ip-172-31-9-121   NotReady   <none>   101m   v1.16.3


ubuntu@ip-172-31-6-143:~$ kubectl get deployment
NAME                 READY   UP-TO-DATE   AVAILABLE   AGE
search-deployment    0/5     5            0           15m
website-deployment   0/3     3            0           15m
ubuntu@ip-172-31-6-143:~$ kubectl describe deployment search-deployment
Name:                   search-deployment
Namespace:              default
CreationTimestamp:      Wed, 04 Dec 2019 10:46:20 +0000
Labels:                 app=search-service
Annotations:            deployment.kubernetes.io/revision: 1
Selector:               app=search-service
Replicas:               5 desired | 5 updated | 5 total | 0 available | 5 unavailable
StrategyType:           RollingUpdate
MinReadySeconds:        0
RollingUpdateStrategy:  25% max unavailable, 25% max surge
Pod Template:
  Labels:  app=search-service
  Containers:
   search-service:
    Image:        srahulgurnule/search:0.11
    Port:         8090/TCP
    Host Port:    0/TCP
    Environment:  <none>
    Mounts:       <none>
  Volumes:        <none>
Conditions:
  Type           Status  Reason
  ----           ------  ------
  Progressing    True    NewReplicaSetAvailable
  Available      False   MinimumReplicasUnavailable
OldReplicaSets:  <none>
NewReplicaSet:   search-deployment-76c66f49f9 (5/5 replicas created)
Events:
  Type    Reason             Age   From                   Message
  ----    ------             ----  ----                   -------
  Normal  ScalingReplicaSet  16m   deployment-controller  Scaled up replica set search-deployment-76c66f49f9 to 5


  ubuntu@ip-172-31-6-143:~$ kubectl get nodes
NAME              STATUS   ROLES    AGE    VERSION
ip-172-31-6-143   Ready    master   131m   v1.16.3
ip-172-31-9-121   Ready    <none>   123m   v1.16.3
ubuntu@ip-172-31-6-143:~$ kubectl get pods
NAME                                  READY   STATUS        RESTARTS   AGE
search-deployment-76c66f49f9-77xzb    1/1     Running       0          5m1s
search-deployment-76c66f49f9-j2c68    0/1     Terminating   0          22m
search-deployment-76c66f49f9-nfsw5    1/1     Running       0          5m1s
search-deployment-76c66f49f9-qs562    1/1     Running       0          5m1s
search-deployment-76c66f49f9-s9nb4    1/1     Running       0          5m1s
search-deployment-76c66f49f9-xnjxt    1/1     Running       0          5m1s
website-deployment-5864765c6b-b7nlm   1/1     Running       0          5m1s
website-deployment-5864765c6b-jk2gd   1/1     Running       0          5m1s
website-deployment-5864765c6b-xntmm   1/1     Running       0          5m1s
ubuntu@ip-172-31-6-143:~$ kubectl get deployment
NAME                 READY   UP-TO-DATE   AVAILABLE   AGE
search-deployment    5/5     5            5           36m
website-deployment   3/3     3            3           36m
ubuntu@ip-172-31-6-143:~$ kubectl get svc
NAME              TYPE        CLUSTER-IP      EXTERNAL-IP   PORT(S)          AGE
kubernetes        ClusterIP   10.96.0.1       <none>        443/TCP          42m
search-service    NodePort    10.97.246.167   <none>        8090:30809/TCP   36m
website-service   NodePort    10.109.27.40    <none>        8001:30801/TCP   36m
ubuntu@ip-172-31-6-143:~$ curl 10.97.246.167:8090/search
curl: (7) Failed to connect to 10.97.246.167 port 8090: Connection refused
ubuntu@ip-172-31-6-143:~$ curl 10.97.246.167:30890/search
curl: (7) Failed to connect to 10.97.246.167 port 30890: Connection timed out



When tried on browser:-

http://13.235.79.23:30809/search

[{"id":1,"flightNumber":"BF100","origin":"SEA","destination":"SFO","flightDate":"22-JAN-16","fares":{"id":1,"fare":"100","currency":"USD"},"inventory":{"id":1,"count":100}},
{"id":2,"flightNumber":"BF101","origin":"NYC","destination":"SFO","flightDate":"22-JAN-16","fares":{"id":2,"fare":"101","currency":"USD"},"inventory":{"id":2,"count":100}},
{"id":3,"flightNumber":"BF105","origin":"NYC","destination":"SFO","flightDate":"22-JAN-16","fares":{"id":3,"fare":"105","currency":"USD"},"inventory":{"id":3,"count":100}},
{"id":4,"flightNumber":"BF106","origin":"NYC","destination":"SFO","flightDate":"22-JAN-16","fares":{"id":4,"fare":"106","currency":"USD"},"inventory":{"id":4,"count":100}},
{"id":5,"flightNumber":"BF102","origin":"CHI","destination":"SFO","flightDate":"22-JAN-16","fares":{"id":5,"fare":"102","currency":"USD"},"inventory":{"id":5,"count":100}},
{"id":6,"flightNumber":"BF103","origin":"HOU","destination":"SFO","flightDate":"22-JAN-16","fares":{"id":6,"fare":"103","currency":"USD"},"inventory":{"id":6,"count":100}},
{"id":7,"flightNumber":"BF104","origin":"LAX","destination":"SFO","flightDate":"22-JAN-16","fares":{"id":7,"fare":"104","currency":"USD"},"inventory":{"id":7,"count":100}}]

as result



??????????????????????????????????????????????????????????????????????????????????????????????????????????????????????????????????????????????????????????????????????????????????

JENKINS File logs:-

Started by user Rahul-aws
Obtained Jenkinsfile from git https://github.com/rgurnule/flight-booking
Running in Durability level: MAX_SURVIVABILITY
[Pipeline] Start of Pipeline
[Pipeline] node
Running on Jenkins in /var/lib/jenkins/workspace/flight-booking
[Pipeline] {
[Pipeline] stage
[Pipeline] { (Declarative: Checkout SCM)
[Pipeline] checkout
using credential 32080d15-ab2e-4c88-a17b-e8c0f51680fb
 > git rev-parse --is-inside-work-tree # timeout=10
Fetching changes from the remote Git repository
 > git config remote.origin.url https://github.com/rgurnule/flight-booking # timeout=10
Fetching upstream changes from https://github.com/rgurnule/flight-booking
 > git --version # timeout=10
using GIT_ASKPASS to set credentials 
 > git fetch --tags --progress -- https://github.com/rgurnule/flight-booking +refs/heads/*:refs/remotes/origin/* # timeout=10
 > git rev-parse refs/remotes/origin/master^{commit} # timeout=10
 > git rev-parse refs/remotes/origin/origin/master^{commit} # timeout=10
Checking out Revision 4d8246753c5a5d5462ff3fda5efef3201209ad48 (refs/remotes/origin/master)
 > git config core.sparsecheckout # timeout=10
 > git checkout -f 4d8246753c5a5d5462ff3fda5efef3201209ad48 # timeout=10
Commit message: "Update flight-booking-kube.yml"
 > git rev-list --no-walk 4d8246753c5a5d5462ff3fda5efef3201209ad48 # timeout=10
[Pipeline] }
[Pipeline] // stage
[Pipeline] withEnv
[Pipeline] {
[Pipeline] stage
[Pipeline] { (Declarative: Tool Install)
[Pipeline] tool
[Pipeline] envVarsForTool
[Pipeline] tool
[Pipeline] envVarsForTool
[Pipeline] }
[Pipeline] // stage
[Pipeline] withEnv
[Pipeline] {
[Pipeline] stage
[Pipeline] { (Maven-Build)
[Pipeline] tool
[Pipeline] envVarsForTool
[Pipeline] tool
[Pipeline] envVarsForTool
[Pipeline] withEnv
[Pipeline] {
[Pipeline] sh
+ mvn -Dmaven.test.skip=true install
[[1;34mINFO[m] Scanning for projects...
[[1;34mINFO[m] [1m------------------------------------------------------------------------[m
[[1;34mINFO[m] [1mReactor Build Order:[m
[[1;34mINFO[m] 
[[1;34mINFO[m] book                                                               [jar]
[[1;34mINFO[m] checkin                                                            [jar]
[[1;34mINFO[m] fares                                                              [jar]
[[1;34mINFO[m] search                                                             [jar]
[[1;34mINFO[m] website                                                            [jar]
[[1;34mINFO[m] pss-parent-4                                                       [pom]
[[1;34mINFO[m] 
[[1;34mINFO[m] [1m----------------------< [0;36mcom.brownfield.pss:book[0;1m >-----------------------[m
[[1;34mINFO[m] [1mBuilding book 1.0                                                  [1/6][m
[[1;34mINFO[m] [1m--------------------------------[ jar ]---------------------------------[m
[[1;34mINFO[m] 
[[1;34mINFO[m] [1m--- [0;32mmaven-resources-plugin:2.6:resources[m [1m(default-resources)[m @ [36mbook[0;1m ---[m
[[1;34mINFO[m] Using 'UTF-8' encoding to copy filtered resources.
[[1;34mINFO[m] Copying 1 resource
[[1;34mINFO[m] Copying 0 resource
[[1;34mINFO[m] 
[[1;34mINFO[m] [1m--- [0;32mmaven-compiler-plugin:3.1:compile[m [1m(default-compile)[m @ [36mbook[0;1m ---[m
[[1;34mINFO[m] Nothing to compile - all classes are up to date
[[1;34mINFO[m] 
[[1;34mINFO[m] [1m--- [0;32mmaven-resources-plugin:2.6:testResources[m [1m(default-testResources)[m @ [36mbook[0;1m ---[m
[[1;34mINFO[m] Not copying test resources
[[1;34mINFO[m] 
[[1;34mINFO[m] [1m--- [0;32mmaven-compiler-plugin:3.1:testCompile[m [1m(default-testCompile)[m @ [36mbook[0;1m ---[m
[[1;34mINFO[m] Not compiling test sources
[[1;34mINFO[m] 
[[1;34mINFO[m] [1m--- [0;32mmaven-surefire-plugin:2.18.1:test[m [1m(default-test)[m @ [36mbook[0;1m ---[m
[[1;34mINFO[m] Tests are skipped.
[[1;34mINFO[m] 
[[1;34mINFO[m] [1m--- [0;32mmaven-jar-plugin:2.5:jar[m [1m(default-jar)[m @ [36mbook[0;1m ---[m
[[1;34mINFO[m] Building jar: /var/lib/jenkins/workspace/flight-booking/book/target/book-1.0.jar
[[1;34mINFO[m] 
[[1;34mINFO[m] [1m--- [0;32mspring-boot-maven-plugin:1.3.5.RELEASE:repackage[m [1m(default)[m @ [36mbook[0;1m ---[m
[[1;34mINFO[m] 
[[1;34mINFO[m] [1m--- [0;32mmaven-install-plugin:2.5.2:install[m [1m(default-install)[m @ [36mbook[0;1m ---[m
[[1;34mINFO[m] Installing /var/lib/jenkins/workspace/flight-booking/book/target/book-1.0.jar to /var/lib/jenkins/.m2/repository/com/brownfield/pss/book/1.0/book-1.0.jar
[[1;34mINFO[m] Installing /var/lib/jenkins/workspace/flight-booking/book/pom.xml to /var/lib/jenkins/.m2/repository/com/brownfield/pss/book/1.0/book-1.0.pom
[[1;34mINFO[m] 
[[1;34mINFO[m] [1m---------------------< [0;36mcom.brownfield.pss:checkin[0;1m >---------------------[m
[[1;34mINFO[m] [1mBuilding checkin 1.0                                               [2/6][m
[[1;34mINFO[m] [1m--------------------------------[ jar ]---------------------------------[m
[[1;34mINFO[m] 
[[1;34mINFO[m] [1m--- [0;32mmaven-resources-plugin:2.6:resources[m [1m(default-resources)[m @ [36mcheckin[0;1m ---[m
[[1;34mINFO[m] Using 'UTF-8' encoding to copy filtered resources.
[[1;34mINFO[m] Copying 1 resource
[[1;34mINFO[m] Copying 0 resource
[[1;34mINFO[m] 
[[1;34mINFO[m] [1m--- [0;32mmaven-compiler-plugin:3.1:compile[m [1m(default-compile)[m @ [36mcheckin[0;1m ---[m
[[1;34mINFO[m] Nothing to compile - all classes are up to date
[[1;34mINFO[m] 
[[1;34mINFO[m] [1m--- [0;32mmaven-resources-plugin:2.6:testResources[m [1m(default-testResources)[m @ [36mcheckin[0;1m ---[m
[[1;34mINFO[m] Not copying test resources
[[1;34mINFO[m] 
[[1;34mINFO[m] [1m--- [0;32mmaven-compiler-plugin:3.1:testCompile[m [1m(default-testCompile)[m @ [36mcheckin[0;1m ---[m
[[1;34mINFO[m] Not compiling test sources
[[1;34mINFO[m] 
[[1;34mINFO[m] [1m--- [0;32mmaven-surefire-plugin:2.18.1:test[m [1m(default-test)[m @ [36mcheckin[0;1m ---[m
[[1;34mINFO[m] Tests are skipped.
[[1;34mINFO[m] 
[[1;34mINFO[m] [1m--- [0;32mmaven-jar-plugin:2.5:jar[m [1m(default-jar)[m @ [36mcheckin[0;1m ---[m
[[1;34mINFO[m] Building jar: /var/lib/jenkins/workspace/flight-booking/checkin/target/checkin-1.0.jar
[[1;34mINFO[m] 
[[1;34mINFO[m] [1m--- [0;32mspring-boot-maven-plugin:1.3.5.RELEASE:repackage[m [1m(default)[m @ [36mcheckin[0;1m ---[m
[[1;34mINFO[m] 
[[1;34mINFO[m] [1m--- [0;32mmaven-install-plugin:2.5.2:install[m [1m(default-install)[m @ [36mcheckin[0;1m ---[m
[[1;34mINFO[m] Installing /var/lib/jenkins/workspace/flight-booking/checkin/target/checkin-1.0.jar to /var/lib/jenkins/.m2/repository/com/brownfield/pss/checkin/1.0/checkin-1.0.jar
[[1;34mINFO[m] Installing /var/lib/jenkins/workspace/flight-booking/checkin/pom.xml to /var/lib/jenkins/.m2/repository/com/brownfield/pss/checkin/1.0/checkin-1.0.pom
[[1;34mINFO[m] 
[[1;34mINFO[m] [1m----------------------< [0;36mcom.brownfield.pss:fares[0;1m >----------------------[m
[[1;34mINFO[m] [1mBuilding fares 1.0                                                 [3/6][m
[[1;34mINFO[m] [1m--------------------------------[ jar ]---------------------------------[m
[[1;34mINFO[m] 
[[1;34mINFO[m] [1m--- [0;32mmaven-resources-plugin:2.6:resources[m [1m(default-resources)[m @ [36mfares[0;1m ---[m
[[1;34mINFO[m] Using 'UTF-8' encoding to copy filtered resources.
[[1;34mINFO[m] Copying 1 resource
[[1;34mINFO[m] Copying 0 resource
[[1;34mINFO[m] 
[[1;34mINFO[m] [1m--- [0;32mmaven-compiler-plugin:3.1:compile[m [1m(default-compile)[m @ [36mfares[0;1m ---[m
[[1;34mINFO[m] Nothing to compile - all classes are up to date
[[1;34mINFO[m] 
[[1;34mINFO[m] [1m--- [0;32mmaven-resources-plugin:2.6:testResources[m [1m(default-testResources)[m @ [36mfares[0;1m ---[m
[[1;34mINFO[m] Not copying test resources
[[1;34mINFO[m] 
[[1;34mINFO[m] [1m--- [0;32mmaven-compiler-plugin:3.1:testCompile[m [1m(default-testCompile)[m @ [36mfares[0;1m ---[m
[[1;34mINFO[m] Not compiling test sources
[[1;34mINFO[m] 
[[1;34mINFO[m] [1m--- [0;32mmaven-surefire-plugin:2.18.1:test[m [1m(default-test)[m @ [36mfares[0;1m ---[m
[[1;34mINFO[m] Tests are skipped.
[[1;34mINFO[m] 
[[1;34mINFO[m] [1m--- [0;32mmaven-jar-plugin:2.5:jar[m [1m(default-jar)[m @ [36mfares[0;1m ---[m
[[1;34mINFO[m] Building jar: /var/lib/jenkins/workspace/flight-booking/fares/target/fares-1.0.jar
[[1;34mINFO[m] 
[[1;34mINFO[m] [1m--- [0;32mspring-boot-maven-plugin:1.3.5.RELEASE:repackage[m [1m(default)[m @ [36mfares[0;1m ---[m
[[1;34mINFO[m] 
[[1;34mINFO[m] [1m--- [0;32mmaven-install-plugin:2.5.2:install[m [1m(default-install)[m @ [36mfares[0;1m ---[m
[[1;34mINFO[m] Installing /var/lib/jenkins/workspace/flight-booking/fares/target/fares-1.0.jar to /var/lib/jenkins/.m2/repository/com/brownfield/pss/fares/1.0/fares-1.0.jar
[[1;34mINFO[m] Installing /var/lib/jenkins/workspace/flight-booking/fares/pom.xml to /var/lib/jenkins/.m2/repository/com/brownfield/pss/fares/1.0/fares-1.0.pom
[[1;34mINFO[m] 
[[1;34mINFO[m] [1m---------------------< [0;36mcom.brownfield.pss:search[0;1m >----------------------[m
[[1;34mINFO[m] [1mBuilding search 1.0                                                [4/6][m
[[1;34mINFO[m] [1m--------------------------------[ jar ]---------------------------------[m
[[1;34mINFO[m] 
[[1;34mINFO[m] [1m--- [0;32mmaven-resources-plugin:2.6:resources[m [1m(default-resources)[m @ [36msearch[0;1m ---[m
[[1;34mINFO[m] Using 'UTF-8' encoding to copy filtered resources.
[[1;34mINFO[m] Copying 1 resource
[[1;34mINFO[m] Copying 0 resource
[[1;34mINFO[m] 
[[1;34mINFO[m] [1m--- [0;32mmaven-compiler-plugin:3.1:compile[m [1m(default-compile)[m @ [36msearch[0;1m ---[m
[[1;34mINFO[m] Nothing to compile - all classes are up to date
[[1;34mINFO[m] 
[[1;34mINFO[m] [1m--- [0;32mmaven-resources-plugin:2.6:testResources[m [1m(default-testResources)[m @ [36msearch[0;1m ---[m
[[1;34mINFO[m] Not copying test resources
[[1;34mINFO[m] 
[[1;34mINFO[m] [1m--- [0;32mmaven-compiler-plugin:3.1:testCompile[m [1m(default-testCompile)[m @ [36msearch[0;1m ---[m
[[1;34mINFO[m] Not compiling test sources
[[1;34mINFO[m] 
[[1;34mINFO[m] [1m--- [0;32mmaven-surefire-plugin:2.18.1:test[m [1m(default-test)[m @ [36msearch[0;1m ---[m
[[1;34mINFO[m] Tests are skipped.
[[1;34mINFO[m] 
[[1;34mINFO[m] [1m--- [0;32mmaven-jar-plugin:2.5:jar[m [1m(default-jar)[m @ [36msearch[0;1m ---[m
[[1;34mINFO[m] Building jar: /var/lib/jenkins/workspace/flight-booking/search/target/search-1.0.jar
[[1;34mINFO[m] 
[[1;34mINFO[m] [1m--- [0;32mspring-boot-maven-plugin:1.3.5.RELEASE:repackage[m [1m(default)[m @ [36msearch[0;1m ---[m
[[1;34mINFO[m] 
[[1;34mINFO[m] [1m--- [0;32mmaven-install-plugin:2.5.2:install[m [1m(default-install)[m @ [36msearch[0;1m ---[m
[[1;34mINFO[m] Installing /var/lib/jenkins/workspace/flight-booking/search/target/search-1.0.jar to /var/lib/jenkins/.m2/repository/com/brownfield/pss/search/1.0/search-1.0.jar
[[1;34mINFO[m] Installing /var/lib/jenkins/workspace/flight-booking/search/pom.xml to /var/lib/jenkins/.m2/repository/com/brownfield/pss/search/1.0/search-1.0.pom
[[1;34mINFO[m] 
[[1;34mINFO[m] [1m---------------------< [0;36mcom.brownfield.pss:website[0;1m >---------------------[m
[[1;34mINFO[m] [1mBuilding website 1.0                                               [5/6][m
[[1;34mINFO[m] [1m--------------------------------[ jar ]---------------------------------[m
[[1;34mINFO[m] 
[[1;34mINFO[m] [1m--- [0;32mmaven-resources-plugin:2.6:resources[m [1m(default-resources)[m @ [36mwebsite[0;1m ---[m
[[1;34mINFO[m] Using 'UTF-8' encoding to copy filtered resources.
[[1;34mINFO[m] Copying 1 resource
[[1;34mINFO[m] Copying 7 resources
[[1;34mINFO[m] 
[[1;34mINFO[m] [1m--- [0;32mmaven-compiler-plugin:3.1:compile[m [1m(default-compile)[m @ [36mwebsite[0;1m ---[m
[[1;34mINFO[m] Changes detected - recompiling the module!
[[1;34mINFO[m] Compiling 9 source files to /var/lib/jenkins/workspace/flight-booking/website/target/classes
[[1;34mINFO[m] 
[[1;34mINFO[m] [1m--- [0;32mmaven-resources-plugin:2.6:testResources[m [1m(default-testResources)[m @ [36mwebsite[0;1m ---[m
[[1;34mINFO[m] Not copying test resources
[[1;34mINFO[m] 
[[1;34mINFO[m] [1m--- [0;32mmaven-compiler-plugin:3.1:testCompile[m [1m(default-testCompile)[m @ [36mwebsite[0;1m ---[m
[[1;34mINFO[m] Not compiling test sources
[[1;34mINFO[m] 
[[1;34mINFO[m] [1m--- [0;32mmaven-surefire-plugin:2.18.1:test[m [1m(default-test)[m @ [36mwebsite[0;1m ---[m
[[1;34mINFO[m] Tests are skipped.
[[1;34mINFO[m] 
[[1;34mINFO[m] [1m--- [0;32mmaven-jar-plugin:2.5:jar[m [1m(default-jar)[m @ [36mwebsite[0;1m ---[m
[[1;34mINFO[m] Building jar: /var/lib/jenkins/workspace/flight-booking/website/target/website-1.0.jar
[[1;34mINFO[m] 
[[1;34mINFO[m] [1m--- [0;32mspring-boot-maven-plugin:1.3.5.RELEASE:repackage[m [1m(default)[m @ [36mwebsite[0;1m ---[m
[[1;34mINFO[m] 
[[1;34mINFO[m] [1m--- [0;32mmaven-install-plugin:2.5.2:install[m [1m(default-install)[m @ [36mwebsite[0;1m ---[m
[[1;34mINFO[m] Installing /var/lib/jenkins/workspace/flight-booking/website/target/website-1.0.jar to /var/lib/jenkins/.m2/repository/com/brownfield/pss/website/1.0/website-1.0.jar
[[1;34mINFO[m] Installing /var/lib/jenkins/workspace/flight-booking/website/pom.xml to /var/lib/jenkins/.m2/repository/com/brownfield/pss/website/1.0/website-1.0.pom
[[1;34mINFO[m] 
[[1;34mINFO[m] [1m--------------------< [0;36mcom.brownfield:pss-parent-4[0;1m >---------------------[m
[[1;34mINFO[m] [1mBuilding pss-parent-4 1.0                                          [6/6][m
[[1;34mINFO[m] [1m--------------------------------[ pom ]---------------------------------[m
[[1;34mINFO[m] 
[[1;34mINFO[m] [1m--- [0;32mmaven-install-plugin:2.4:install[m [1m(default-install)[m @ [36mpss-parent-4[0;1m ---[m
[[1;34mINFO[m] Installing /var/lib/jenkins/workspace/flight-booking/pom.xml to /var/lib/jenkins/.m2/repository/com/brownfield/pss-parent-4/1.0/pss-parent-4-1.0.pom
[[1;34mINFO[m] [1m------------------------------------------------------------------------[m
[[1;34mINFO[m] [1mReactor Summary for pss-parent-4 1.0:[m
[[1;34mINFO[m] 
[[1;34mINFO[m] book ............................................... [1;32mSUCCESS[m [  2.821 s]
[[1;34mINFO[m] checkin ............................................ [1;32mSUCCESS[m [  0.306 s]
[[1;34mINFO[m] fares .............................................. [1;32mSUCCESS[m [  0.249 s]
[[1;34mINFO[m] search ............................................. [1;32mSUCCESS[m [  0.261 s]
[[1;34mINFO[m] website ............................................ [1;32mSUCCESS[m [  1.108 s]
[[1;34mINFO[m] pss-parent-4 ....................................... [1;32mSUCCESS[m [  0.054 s]
[[1;34mINFO[m] [1m------------------------------------------------------------------------[m
[[1;34mINFO[m] [1;32mBUILD SUCCESS[m
[[1;34mINFO[m] [1m------------------------------------------------------------------------[m
[[1;34mINFO[m] Total time:  5.412 s
[[1;34mINFO[m] Finished at: 2019-12-04T10:45:27Z
[[1;34mINFO[m] [1m------------------------------------------------------------------------[m
[Pipeline] }
[Pipeline] // withEnv
[Pipeline] }
[Pipeline] // stage
[Pipeline] stage
[Pipeline] { (Docker-Login)
[Pipeline] tool
[Pipeline] envVarsForTool
[Pipeline] tool
[Pipeline] envVarsForTool
[Pipeline] withEnv
[Pipeline] {
[Pipeline] sh
+ docker login -u srahulgurnule -p Google@123#
WARNING! Using --password via the CLI is insecure. Use --password-stdin.
WARNING! Your password will be stored unencrypted in /var/lib/jenkins/.docker/config.json.
Configure a credential helper to remove this warning. See
https://docs.docker.com/engine/reference/commandline/login/#credentials-store

Login Succeeded
[Pipeline] }
[Pipeline] // withEnv
[Pipeline] }
[Pipeline] // stage
[Pipeline] stage
[Pipeline] { (Deleting-Previous-Docker-Builds)
[Pipeline] tool
[Pipeline] envVarsForTool
[Pipeline] tool
[Pipeline] envVarsForTool
[Pipeline] withEnv
[Pipeline] {
[Pipeline] sh
+ docker images -aq
+ docker rmi -f 3ecfc7a4d8b7
3ecfc7a4d8b7
7eb6230602b8
2c604db09c6a
820f65fdd7ed
9d18e4c22377
9d18e4c22377
69d539f29372
639a4881e4bb
639a4881e4bb
a6d51e09664c
155e06bf58f5
21e56d7fdaa8
21e56d7fdaa8
e92c4c170164
686471e15996
b25787f79247
0c2b28dbfd0d
0c2b28dbfd0d
f4e47aefcee1
634851551889
ed1d3d092e8e
ed1d3d092e8e
9b3a97be3068
f822c5edf686
f822c5edf686
80113a604f09
da9da636166c
f498efadf8d5
f498efadf8d5
5e749ba184d2
571bb4a08a0d
0b8c8377e44a
f4106c751795
f4106c751795
2a3f316341f0
11253b00408e
0ec4bf0b41c1
0ec4bf0b41c1
4eb40e4b3be4
b71387b4c8a6
b71387b4c8a6
f664b8233e2f
691810815f59
f640dd5e5403
f640dd5e5403
409d71e480ff
1910d6b7ae7a
84be41c7f34e
84be41c7f34e
a3508816659e
4735fa97f1ec
08dae6a3dfab
7d0db21671e1
7d0db21671e1
4eeac176de41
842341cb4894
bb872162e3fe
b574a19838fe
b574a19838fe
3636d5a84046
df60c7526a3d
9b65a0f78b09
bb16442bcd94
98fecf43a54f
4a88ba569c29
4f761b4ba7f5
8f87d09ab811
5b249c03bee8
b2756210eeab
bf261d157914
ef6a7c98d192
da86e6ba6ca1
90183a763a7b
Error: No such image: 3ecfc7a4d8b7
3ecfc7a4d8b7
7eb6230602b8
2c604db09c6a
820f65fdd7ed
9d18e4c22377
9d18e4c22377
69d539f29372
639a4881e4bb
639a4881e4bb
a6d51e09664c
155e06bf58f5
21e56d7fdaa8
21e56d7fdaa8
e92c4c170164
686471e15996
b25787f79247
0c2b28dbfd0d
0c2b28dbfd0d
f4e47aefcee1
634851551889
ed1d3d092e8e
ed1d3d092e8e
9b3a97be3068
f822c5edf686
f822c5edf686
80113a604f09
da9da636166c
f498efadf8d5
f498efadf8d5
5e749ba184d2
571bb4a08a0d
0b8c8377e44a
f4106c751795
f4106c751795
2a3f316341f0
11253b00408e
0ec4bf0b41c1
0ec4bf0b41c1
4eb40e4b3be4
b71387b4c8a6
b71387b4c8a6
f664b8233e2f
691810815f59
f640dd5e5403
f640dd5e5403
409d71e480ff
1910d6b7ae7a
84be41c7f34e
84be41c7f34e
a3508816659e
4735fa97f1ec
08dae6a3dfab
7d0db21671e1
7d0db21671e1
4eeac176de41
842341cb4894
bb872162e3fe
b574a19838fe
b574a19838fe
3636d5a84046
df60c7526a3d
9b65a0f78b09
bb16442bcd94
98fecf43a54f
4a88ba569c29
4f761b4ba7f5
8f87d09ab811
5b249c03bee8
b2756210eeab
bf261d157914
ef6a7c98d192
da86e6ba6ca1
90183a763a7b
[Pipeline] }
[Pipeline] // withEnv
[Pipeline] }
[Pipeline] // stage
[Pipeline] stage
[Pipeline] { (Docker-Build-Services)
[Pipeline] tool
[Pipeline] envVarsForTool
[Pipeline] tool
[Pipeline] envVarsForTool
[Pipeline] withEnv
[Pipeline] {
[Pipeline] sh
+ docker build -t search:0.11 search/
Sending build context to Docker daemon  34.05MB

Step 1/5 : FROM abrtech/alpine-oraclejdk8
 ---> 90183a763a7b
Step 2/5 : VOLUME /tmp
 ---> Using cache
 ---> 842341cb4894
Step 3/5 : ADD  target/search-1.0.jar search.jar
 ---> 8b67f21b31f9
Step 4/5 : EXPOSE 8090
 ---> Running in 709b106b9b6d
Removing intermediate container 709b106b9b6d
 ---> 46ec3c850b8b
Step 5/5 : ENTRYPOINT ["java","-jar","/search.jar"]
 ---> Running in f21130b98e5e
Removing intermediate container f21130b98e5e
 ---> 614a3fac6591
Successfully built 614a3fac6591
Successfully tagged search:0.11
[Pipeline] sh
+ docker build -t website:0.11 website/
Sending build context to Docker daemon   25.6MB

Step 1/5 : FROM abrtech/alpine-oraclejdk8
 ---> 90183a763a7b
Step 2/5 : VOLUME /tmp
 ---> Using cache
 ---> 842341cb4894
Step 3/5 : ADD  target/website-1.0.jar website.jar
 ---> 48dc5c833c19
Step 4/5 : EXPOSE 8001
 ---> Running in 6c8474d890a3
Removing intermediate container 6c8474d890a3
 ---> 591cf27b60a6
Step 5/5 : ENTRYPOINT ["java","-jar","/website.jar"]
 ---> Running in 7d03099fb188
Removing intermediate container 7d03099fb188
 ---> bfd808fdfc10
Successfully built bfd808fdfc10
Successfully tagged website:0.11
[Pipeline] }
[Pipeline] // withEnv
[Pipeline] }
[Pipeline] // stage
[Pipeline] stage
[Pipeline] { (Tagging-docker-images)
[Pipeline] tool
[Pipeline] envVarsForTool
[Pipeline] tool
[Pipeline] envVarsForTool
[Pipeline] withEnv
[Pipeline] {
[Pipeline] sh
+ docker tag search:0.11 srahulgurnule/search:0.11
[Pipeline] sh
+ docker tag website:0.11 srahulgurnule/website:0.11
[Pipeline] }
[Pipeline] // withEnv
[Pipeline] }
[Pipeline] // stage
[Pipeline] stage
[Pipeline] { (Pushing-Images-to-Registry)
[Pipeline] tool
[Pipeline] envVarsForTool
[Pipeline] tool
[Pipeline] envVarsForTool
[Pipeline] withEnv
[Pipeline] {
[Pipeline] sh
+ docker push srahulgurnule/search:0.11
The push refers to repository [docker.io/srahulgurnule/search]
c82300f135f0: Preparing
a7df866a8f74: Preparing
72a47cbf1de4: Preparing
3136bfb1d87f: Preparing
464b916c7a75: Preparing
1e6468b956ae: Preparing
3fb66f713c9f: Preparing
1e6468b956ae: Waiting
3fb66f713c9f: Waiting
72a47cbf1de4: Layer already exists
a7df866a8f74: Layer already exists
464b916c7a75: Layer already exists
3136bfb1d87f: Layer already exists
3fb66f713c9f: Layer already exists
1e6468b956ae: Layer already exists
c82300f135f0: Pushed
0.11: digest: sha256:961f8cab2af6e7a33be71cf536bafd36c1754decff822536d57b85154798cdb5 size: 1796
[Pipeline] sh
+ docker push srahulgurnule/website:0.11
The push refers to repository [docker.io/srahulgurnule/website]
f4ce1b67eb32: Preparing
a7df866a8f74: Preparing
72a47cbf1de4: Preparing
3136bfb1d87f: Preparing
464b916c7a75: Preparing
1e6468b956ae: Preparing
3fb66f713c9f: Preparing
1e6468b956ae: Waiting
3fb66f713c9f: Waiting
a7df866a8f74: Layer already exists
464b916c7a75: Layer already exists
72a47cbf1de4: Layer already exists
3136bfb1d87f: Layer already exists
1e6468b956ae: Layer already exists
3fb66f713c9f: Layer already exists
f4ce1b67eb32: Pushed
0.11: digest: sha256:f32941a7c9c34dd138816c779278da2e9fe09da5567d5bcbdf3293c7f6f847ca size: 1796
[Pipeline] }
[Pipeline] // withEnv
[Pipeline] }
[Pipeline] // stage
[Pipeline] stage
[Pipeline] { (DeployToProduction)
[Pipeline] tool
[Pipeline] envVarsForTool
[Pipeline] tool
[Pipeline] envVarsForTool
[Pipeline] withEnv
[Pipeline] {
[Pipeline] kubernetesDeploy
Starting Kubernetes deployment
Loading configuration: /var/lib/jenkins/workspace/flight-booking/flight-booking-kube.yml
Created V1Service: class V1Service {
    apiVersion: v1
    kind: Service
    metadata: class V1ObjectMeta {
        annotations: null
        clusterName: null
        creationTimestamp: 2019-12-04T10:46:20.000Z
        deletionGracePeriodSeconds: null
        deletionTimestamp: null
        finalizers: null
        generateName: null
        generation: null
        initializers: null
        labels: null
        name: search-service
        namespace: default
        ownerReferences: null
        resourceVersion: 7854
        selfLink: /api/v1/namespaces/default/services/search-service
        uid: 05f41f2a-b653-463b-8b81-68b3cc7648d2
    }
    spec: class V1ServiceSpec {
        clusterIP: 10.97.246.167
        externalIPs: null
        externalName: null
        externalTrafficPolicy: Cluster
        healthCheckNodePort: null
        loadBalancerIP: null
        loadBalancerSourceRanges: null
        ports: [class V1ServicePort {
            name: null
            nodePort: 30809
            port: 8090
            protocol: TCP
            targetPort: 8090
        }]
        publishNotReadyAddresses: null
        selector: {app=search-service}
        sessionAffinity: None
        sessionAffinityConfig: null
        type: NodePort
    }
    status: class V1ServiceStatus {
        loadBalancer: class V1LoadBalancerStatus {
            ingress: null
        }
    }
}
Created V1Deployment: class V1Deployment {
    apiVersion: apps/v1
    kind: Deployment
    metadata: class V1ObjectMeta {
        annotations: null
        clusterName: null
        creationTimestamp: 2019-12-04T10:46:20.000Z
        deletionGracePeriodSeconds: null
        deletionTimestamp: null
        finalizers: null
        generateName: null
        generation: 1
        initializers: null
        labels: {app=search-service}
        name: search-deployment
        namespace: default
        ownerReferences: null
        resourceVersion: 7856
        selfLink: /apis/apps/v1/namespaces/default/deployments/search-deployment
        uid: ea9fb93d-19d5-42cb-bbf6-0c508b67d297
    }
    spec: class V1DeploymentSpec {
        minReadySeconds: null
        paused: null
        progressDeadlineSeconds: 600
        replicas: 5
        revisionHistoryLimit: 10
        selector: class V1LabelSelector {
            matchExpressions: null
            matchLabels: {app=search-service}
        }
        strategy: class V1DeploymentStrategy {
            rollingUpdate: class V1RollingUpdateDeployment {
                maxSurge: 25%
                maxUnavailable: 25%
            }
            type: RollingUpdate
        }
        template: class V1PodTemplateSpec {
            metadata: class V1ObjectMeta {
                annotations: null
                clusterName: null
                creationTimestamp: null
                deletionGracePeriodSeconds: null
                deletionTimestamp: null
                finalizers: null
                generateName: null
                generation: null
                initializers: null
                labels: {app=search-service}
                name: null
                namespace: null
                ownerReferences: null
                resourceVersion: null
                selfLink: null
                uid: null
            }
            spec: class V1PodSpec {
                activeDeadlineSeconds: null
                affinity: null
                automountServiceAccountToken: null
                containers: [class V1Container {
                    args: null
                    command: null
                    env: null
                    envFrom: null
                    image: srahulgurnule/search:0.11
                    imagePullPolicy: IfNotPresent
                    lifecycle: null
                    livenessProbe: null
                    name: search-service
                    ports: [class V1ContainerPort {
                        containerPort: 8090
                        hostIP: null
                        hostPort: null
                        name: null
                        protocol: TCP
                    }]
                    readinessProbe: null
                    resources: class V1ResourceRequirements {
                        limits: null
                        requests: null
                    }
                    securityContext: null
                    stdin: null
                    stdinOnce: null
                    terminationMessagePath: /dev/termination-log
                    terminationMessagePolicy: File
                    tty: null
                    volumeDevices: null
                    volumeMounts: null
                    workingDir: null
                }]
                dnsConfig: null
                dnsPolicy: ClusterFirst
                enableServiceLinks: null
                hostAliases: null
                hostIPC: null
                hostNetwork: null
                hostPID: null
                hostname: null
                imagePullSecrets: null
                initContainers: null
                nodeName: null
                nodeSelector: null
                priority: null
                priorityClassName: null
                readinessGates: null
                restartPolicy: Always
                runtimeClassName: null
                schedulerName: default-scheduler
                securityContext: class V1PodSecurityContext {
                    fsGroup: null
                    runAsGroup: null
                    runAsNonRoot: null
                    runAsUser: null
                    seLinuxOptions: null
                    supplementalGroups: null
                    sysctls: null
                }
                serviceAccount: null
                serviceAccountName: null
                shareProcessNamespace: null
                subdomain: null
                terminationGracePeriodSeconds: 30
                tolerations: null
                volumes: null
            }
        }
    }
    status: class V1DeploymentStatus {
        availableReplicas: null
        collisionCount: null
        conditions: null
        observedGeneration: null
        readyReplicas: null
        replicas: null
        unavailableReplicas: null
        updatedReplicas: null
    }
}
Created V1Service: class V1Service {
    apiVersion: v1
    kind: Service
    metadata: class V1ObjectMeta {
        annotations: null
        clusterName: null
        creationTimestamp: 2019-12-04T10:46:20.000Z
        deletionGracePeriodSeconds: null
        deletionTimestamp: null
        finalizers: null
        generateName: null
        generation: null
        initializers: null
        labels: null
        name: website-service
        namespace: default
        ownerReferences: null
        resourceVersion: 7881
        selfLink: /api/v1/namespaces/default/services/website-service
        uid: b19e262d-fa16-48db-becd-848314dfedb9
    }
    spec: class V1ServiceSpec {
        clusterIP: 10.109.27.40
        externalIPs: null
        externalName: null
        externalTrafficPolicy: Cluster
        healthCheckNodePort: null
        loadBalancerIP: null
        loadBalancerSourceRanges: null
        ports: [class V1ServicePort {
            name: null
            nodePort: 30801
            port: 8001
            protocol: TCP
            targetPort: 8001
        }]
        publishNotReadyAddresses: null
        selector: {app=website-service}
        sessionAffinity: None
        sessionAffinityConfig: null
        type: NodePort
    }
    status: class V1ServiceStatus {
        loadBalancer: class V1LoadBalancerStatus {
            ingress: null
        }
    }
}
Created V1Deployment: class V1Deployment {
    apiVersion: apps/v1
    kind: Deployment
    metadata: class V1ObjectMeta {
        annotations: null
        clusterName: null
        creationTimestamp: 2019-12-04T10:46:20.000Z
        deletionGracePeriodSeconds: null
        deletionTimestamp: null
        finalizers: null
        generateName: null
        generation: 1
        initializers: null
        labels: {app=website-service}
        name: website-deployment
        namespace: default
        ownerReferences: null
        resourceVersion: 7889
        selfLink: /apis/apps/v1/namespaces/default/deployments/website-deployment
        uid: 4abc658c-58ec-41fd-9ba1-934108d72a4e
    }
    spec: class V1DeploymentSpec {
        minReadySeconds: null
        paused: null
        progressDeadlineSeconds: 600
        replicas: 3
        revisionHistoryLimit: 10
        selector: class V1LabelSelector {
            matchExpressions: null
            matchLabels: {app=website-service}
        }
        strategy: class V1DeploymentStrategy {
            rollingUpdate: class V1RollingUpdateDeployment {
                maxSurge: 25%
                maxUnavailable: 25%
            }
            type: RollingUpdate
        }
        template: class V1PodTemplateSpec {
            metadata: class V1ObjectMeta {
                annotations: null
                clusterName: null
                creationTimestamp: null
                deletionGracePeriodSeconds: null
                deletionTimestamp: null
                finalizers: null
                generateName: null
                generation: null
                initializers: null
                labels: {app=website-service}
                name: null
                namespace: null
                ownerReferences: null
                resourceVersion: null
                selfLink: null
                uid: null
            }
            spec: class V1PodSpec {
                activeDeadlineSeconds: null
                affinity: null
                automountServiceAccountToken: null
                containers: [class V1Container {
                    args: null
                    command: null
                    env: null
                    envFrom: null
                    image: srahulgurnule/website:0.11
                    imagePullPolicy: IfNotPresent
                    lifecycle: null
                    livenessProbe: null
                    name: website-service
                    ports: [class V1ContainerPort {
                        containerPort: 8001
                        hostIP: null
                        hostPort: null
                        name: null
                        protocol: TCP
                    }]
                    readinessProbe: null
                    resources: class V1ResourceRequirements {
                        limits: null
                        requests: null
                    }
                    securityContext: null
                    stdin: null
                    stdinOnce: null
                    terminationMessagePath: /dev/termination-log
                    terminationMessagePolicy: File
                    tty: null
                    volumeDevices: null
                    volumeMounts: null
                    workingDir: null
                }]
                dnsConfig: null
                dnsPolicy: ClusterFirst
                enableServiceLinks: null
                hostAliases: null
                hostIPC: null
                hostNetwork: null
                hostPID: null
                hostname: null
                imagePullSecrets: null
                initContainers: null
                nodeName: null
                nodeSelector: null
                priority: null
                priorityClassName: null
                readinessGates: null
                restartPolicy: Always
                runtimeClassName: null
                schedulerName: default-scheduler
                securityContext: class V1PodSecurityContext {
                    fsGroup: null
                    runAsGroup: null
                    runAsNonRoot: null
                    runAsUser: null
                    seLinuxOptions: null
                    supplementalGroups: null
                    sysctls: null
                }
                serviceAccount: null
                serviceAccountName: null
                shareProcessNamespace: null
                subdomain: null
                terminationGracePeriodSeconds: 30
                tolerations: null
                volumes: null
            }
        }
    }
    status: class V1DeploymentStatus {
        availableReplicas: null
        collisionCount: null
        conditions: null
        observedGeneration: null
        readyReplicas: null
        replicas: null
        unavailableReplicas: null
        updatedReplicas: null
    }
}
Finished Kubernetes deployment
[Pipeline] }
[Pipeline] // withEnv
[Pipeline] }
[Pipeline] // stage
[Pipeline] }
[Pipeline] // withEnv
[Pipeline] }
[Pipeline] // withEnv
[Pipeline] }
[Pipeline] // node
[Pipeline] End of Pipeline
Finished: SUCCESS

??????????????????????????????????????????????????????????????????????????????????????????????????????????????????????????????????????????????????????????????????????????????????????